<?xml version="1.0" encoding="utf-8"?><testsuites name="pytest tests"><testsuite name="pytest" errors="0" failures="0" skipped="0" tests="6" time="1.588" timestamp="2026-08-16T12:21:06.888796+00:00" hostname="agent-env-eeaeb34e-150e-4abe-8a2d-8b03979144ba"><testcase classname="backend.tests.test_iteration90_reconciliation_month_year.TestReconciliationYearField" name="test_year_roundtrip_on_prior_year_check" time="0.694" /><testcase classname="backend.tests.test_iteration90_reconciliation_month_year.TestReconciliationYearField" name="test_year_optional_none" time="0.074" /><testcase classname="backend.tests.test_iteration90_reconciliation_month_year.TestMonthFilterSourceData" name="test_seed_expense_checks_jan_feb" time="0.174" /><testcase classname="backend.tests.test_iteration90_reconciliation_month_year.TestMonthFilterSourceData" name="test_seed_revenue_checks_jan_feb" time="0.173" /><testcase classname="backend.tests.test_iteration90_reconciliation_month_year.TestZFinalCleanup" name="test_cleanup" time="0.318" /><testcase classname="backend.tests.test_iteration90_reconciliation_month_year.TestZFinalCleanup" name="test_trial_balance_still_balanced" time="0.075" /></testsuite></testsuites>