<?xml version="1.0" encoding="utf-8"?><testsuites name="pytest tests"><testsuite name="pytest" errors="0" failures="0" skipped="0" tests="3" time="1.120" timestamp="2026-08-16T13:01:25.465962+00:00" hostname="agent-env-eeaeb34e-150e-4abe-8a2d-8b03979144ba"><testcase classname="backend.tests.test_iteration91_reconciliation_year_all_lists.TestYearAllLists" name="test_year_roundtrip_all_three_lists" time="0.846" /><testcase classname="backend.tests.test_iteration91_reconciliation_year_all_lists.TestYearAllLists" name="test_year_optional" time="0.083" /><testcase classname="backend.tests.test_iteration91_reconciliation_year_all_lists.TestZCleanup" name="test_cleanup" time="0.095" /></testsuite></testsuites>