<?xml version="1.0" encoding="utf-8"?><testsuites name="pytest tests"><testsuite name="pytest" errors="0" failures="0" skipped="0" tests="10" time="2.814" timestamp="2026-08-16T09:23:49.250226+00:00" hostname="agent-env-eeaeb34e-150e-4abe-8a2d-8b03979144ba"><testcase classname="backend.tests.test_iteration88_deposit_rounding_toggle" name="test_list_deposits_rounding" time="0.486" /><testcase classname="backend.tests.test_iteration88_deposit_rounding_toggle" name="test_list_deposits_rounding_requires_auth" time="0.096" /><testcase classname="backend.tests.test_iteration88_deposit_rounding_toggle" name="test_patch_wrong_password" time="0.333" /><testcase classname="backend.tests.test_iteration88_deposit_rounding_toggle" name="test_patch_invalid_deposit_id" time="0.322" /><testcase classname="backend.tests.test_iteration88_deposit_rounding_toggle" name="test_patch_certificate_to_false" time="0.461" /><testcase classname="backend.tests.test_iteration88_deposit_rounding_toggle" name="test_certificate_january_full_precision" time="0.103" /><testcase classname="backend.tests.test_iteration88_deposit_rounding_toggle" name="test_regular_deposit_unaffected" time="0.423" /><testcase classname="backend.tests.test_iteration88_deposit_rounding_toggle" name="test_trial_balance_balanced" time="0.128" /><testcase classname="backend.tests.test_iteration88_deposit_rounding_toggle" name="test_financial_statements_check" time="0.183" /><testcase classname="backend.tests.test_iteration88_deposit_rounding_toggle" name="test_final_state_cert_false" time="0.199" /></testsuite></testsuites>