<?xml version="1.0" encoding="utf-8"?><testsuites name="pytest tests"><testsuite name="pytest" errors="0" failures="2" skipped="0" tests="9" time="2.247" timestamp="2026-05-08T06:09:01.182660+00:00" hostname="agent-env-ba67e22d-6b71-4fe8-aa51-02b7e4b7510e"><testcase classname="backend.tests.test_iteration82_erp_reset_seed_health_report" name="test_login_sets_http_only_cookie" time="0.486" /><testcase classname="backend.tests.test_iteration82_erp_reset_seed_health_report" name="test_reset_kept_default_banks_only" time="0.123" /><testcase classname="backend.tests.test_iteration82_erp_reset_seed_health_report" name="test_seed_clean_dataset_has_expected_journal_entries" time="0.136"><failure message="AssertionError: assert 4 == 5&#10; +  where 4 = len([{'created_at': '2026-05-08T06:06:17.976380Z', 'created_by': 'system', 'created_by_name': 'ERP Correction Engine', 'description': 'قيد مصروف تشغيلي نظيف', ...}, {'created_at': '2026-05-08T06:06:17.976380Z', 'created_by': 'system', 'created_by_name': 'ERP Correction Engine', 'description': 'قيد إيراد تشغيلي نظيف', ...}, {'created_at': '2026-05-08T06:06:17.976380Z', 'created_by': 'system', 'created_by_name': 'ERP Correction Engine', 'description': 'قيد ربط وديعة نظيفة رقم CLEAN-DEP-001', ...}, {'created_at': '2026-05-08T06:06:17.976380Z', 'created_by': 'system', 'created_by_name': 'ERP Correction Engine', 'description': 'قيد افتتاحي نظيف - بنك التنمية الصناعية', ...}])">backend/tests/test_iteration82_erp_reset_seed_health_report.py:78: in test_seed_clean_dataset_has_expected_journal_entries
    assert len(entries) == 5
E   AssertionError: assert 4 == 5
E    +  where 4 = len([{'created_at': '2026-05-08T06:06:17.976380Z', 'created_by': 'system', 'created_by_name': 'ERP Correction Engine', 'description': 'قيد مصروف تشغيلي نظيف', ...}, {'created_at': '2026-05-08T06:06:17.976380Z', 'created_by': 'system', 'created_by_name': 'ERP Correction Engine', 'description': 'قيد إيراد تشغيلي نظيف', ...}, {'created_at': '2026-05-08T06:06:17.976380Z', 'created_by': 'system', 'created_by_name': 'ERP Correction Engine', 'description': 'قيد ربط وديعة نظيفة رقم CLEAN-DEP-001', ...}, {'created_at': '2026-05-08T06:06:17.976380Z', 'created_by': 'system', 'created_by_name': 'ERP Correction Engine', 'description': 'قيد افتتاحي نظيف - بنك التنمية الصناعية', ...}])</failure></testcase><testcase classname="backend.tests.test_iteration82_erp_reset_seed_health_report" name="test_seed_has_source_documents_for_deposit_revenue_expense" time="0.390"><failure message="AssertionError: Internal Server Error&#10;assert 500 == 200&#10; +  where 500 = &lt;Response [500]&gt;.status_code">backend/tests/test_iteration82_erp_reset_seed_health_report.py:113: in test_seed_has_source_documents_for_deposit_revenue_expense
    assert expense_response.status_code == 200, expense_response.text
E   AssertionError: Internal Server Error
E   assert 500 == 200
E    +  where 500 = &lt;Response [500]&gt;.status_code</failure></testcase><testcase classname="backend.tests.test_iteration82_erp_reset_seed_health_report" name="test_trial_balance_2026_is_balanced" time="0.165" /><testcase classname="backend.tests.test_iteration82_erp_reset_seed_health_report" name="test_erp_health_report_score_and_direct_pdf" time="0.256" /><testcase classname="backend.tests.test_iteration82_erp_reset_seed_health_report" name="test_erp_health_metrics_show_no_key_accounting_issues" time="0.264" /><testcase classname="backend.tests.test_iteration82_erp_reset_seed_health_report" name="test_known_final_report_direct_file_download_works" time="0.106" /><testcase classname="backend.tests.test_iteration82_erp_reset_seed_health_report" name="test_audit_logs_include_erp_reset_correction_path" time="0.196" /></testsuite></testsuites>