<?xml version="1.0" encoding="utf-8"?><testsuites name="pytest tests"><testsuite name="pytest" errors="0" failures="0" skipped="0" tests="4" time="1.034" timestamp="2026-05-07T05:38:02.262946+00:00" hostname="agent-env-ba67e22d-6b71-4fe8-aa51-02b7e4b7510e"><testcase classname="backend.tests.test_iteration71_auth_playbook_checks" name="test_seed_admin_password_hash_uses_bcrypt_2b_prefix" time="0.005" /><testcase classname="backend.tests.test_iteration71_auth_playbook_checks" name="test_login_sets_http_only_cookie" time="0.355" /><testcase classname="backend.tests.test_iteration71_auth_playbook_checks" name="test_local_preflight_allows_explicit_origin_and_credentials" time="0.002" /><testcase classname="backend.tests.test_iteration71_auth_playbook_checks" name="test_lockout_triggers_after_three_failed_attempts" time="0.520" /></testsuite></testsuites>