<?xml version="1.0" encoding="utf-8"?><testsuites name="pytest tests"><testsuite name="pytest" errors="0" failures="0" skipped="0" tests="3" time="1.540" timestamp="2026-04-26T19:26:34.078649+00:00" hostname="agent-env-ba67e22d-6b71-4fe8-aa51-02b7e4b7510e"><testcase classname="backend.tests.test_admin_bank_delete_iter11" name="test_delete_bank_endpoint_rejects_non_admin" time="0.991" /><testcase classname="backend.tests.test_admin_bank_delete_iter11" name="test_admin_delete_bank_cascades_and_hides_bank" time="0.381" /><testcase classname="backend.tests.test_admin_bank_delete_iter11" name="test_setup_exe_signature_is_mz" time="0.111" /></testsuite></testsuites>