<?xml version="1.0" encoding="utf-8"?><testsuites name="pytest tests"><testsuite name="pytest" errors="0" failures="0" skipped="0" tests="7" time="7.655" timestamp="2026-05-06T12:21:16.465950+00:00" hostname="agent-env-ba67e22d-6b71-4fe8-aa51-02b7e4b7510e"><testcase classname="tests.test_iteration69_revenue_expense_deposit_scope" name="test_revenue_current_account_interest_forces_collected_and_posts_bank_debit" time="5.175" /><testcase classname="tests.test_iteration69_revenue_expense_deposit_scope" name="test_revenue_deposit_maturity_forces_collected_and_posts_deposit_interest_credit" time="0.652" /><testcase classname="tests.test_iteration69_revenue_expense_deposit_scope" name="test_expense_deposit_link_forces_paid_zeros_deductions_and_posts_term_deposit_debit" time="0.541" /><testcase classname="tests.test_iteration69_revenue_expense_deposit_scope" name="test_financial_statements_period_includes_interest_revenues_and_excludes_deposit_link_from_operating_expenses" time="0.347" /><testcase classname="tests.test_iteration69_revenue_expense_deposit_scope" name="test_journal_default_filter_excludes_deposit_interest_and_period_rows_are_in_range" time="0.158" /><testcase classname="tests.test_iteration69_revenue_expense_deposit_scope" name="test_ledger_all_period_scope_returns_target_rows_within_period" time="0.289" /><testcase classname="tests.test_iteration69_revenue_expense_deposit_scope" name="test_data_flow_validation_stays_valid_true" time="0.332" /></testsuite></testsuites>