<?xml version="1.0" encoding="utf-8"?><testsuites name="pytest tests"><testsuite name="pytest" errors="0" failures="0" skipped="0" tests="3" time="1.746" timestamp="2026-05-06T08:51:42.267023+00:00" hostname="agent-env-ba67e22d-6b71-4fe8-aa51-02b7e4b7510e"><testcase classname="backend.tests.test_iteration66_ledger_all_period_scope" name="test_ledger_all_mode_period_scope_and_totals" time="0.840" /><testcase classname="backend.tests.test_iteration66_ledger_all_period_scope" name="test_ledger_single_account_respects_period_without_carrying_previous" time="0.466" /><testcase classname="backend.tests.test_iteration66_ledger_all_period_scope" name="test_data_flow_validation_true_and_setup_binary_exists" time="0.279" /></testsuite></testsuites>