<?xml version="1.0" encoding="utf-8"?><testsuites name="pytest tests"><testsuite name="pytest" errors="0" failures="0" skipped="0" tests="4" time="1.878" timestamp="2026-04-30T08:54:21.638083+00:00" hostname="agent-env-ba67e22d-6b71-4fe8-aa51-02b7e4b7510e"><testcase classname="backend.tests.test_iteration31_financial_statements_entry5_repair" name="test_social_2026_financial_statements_has_no_entry5_accounting_error" time="0.569" /><testcase classname="backend.tests.test_iteration31_financial_statements_entry5_repair" name="test_social_2026_financial_statements_are_valid_and_balanced" time="0.412" /><testcase classname="backend.tests.test_iteration31_financial_statements_entry5_repair" name="test_social_journal_entry_5_legacy_lines_are_linked_to_expected_accounts" time="0.428" /><testcase classname="backend.tests.test_iteration31_financial_statements_entry5_repair" name="test_general_union_financial_statements_still_work_for_2026" time="0.401" /></testsuite></testsuites>