<?xml version="1.0" encoding="utf-8"?><testsuites name="pytest tests"><testsuite name="pytest" errors="0" failures="1" skipped="0" tests="8" time="2.333" timestamp="2026-05-04T00:42:59.861322+00:00" hostname="agent-env-ba67e22d-6b71-4fe8-aa51-02b7e4b7510e"><testcase classname="backend.tests.test_iteration53_rules_reverse_scope" name="test_auth_login_sets_httponly_cookie" time="0.473" /><testcase classname="backend.tests.test_iteration53_rules_reverse_scope" name="test_auth_cors_preflight_allows_credentials_with_explicit_origin" time="0.002" /><testcase classname="backend.tests.test_iteration53_rules_reverse_scope" name="test_rules_engine_post_then_put_auto_calculates_priority" time="0.641" /><testcase classname="backend.tests.test_iteration53_rules_reverse_scope" name="test_fail_safe_unbalanced_manual_journal_create_returns_422" time="0.133" /><testcase classname="backend.tests.test_iteration53_rules_reverse_scope" name="test_delete_journal_entry_creates_reversal_and_links_original" time="0.294" /><testcase classname="backend.tests.test_iteration53_rules_reverse_scope" name="test_delete_deposit_creates_reverse_entries_not_hard_delete" time="0.269"><failure message="AssertionError: assert 2 &gt;= 4&#10; +  where 2 = len([{'id': '2167ce38-9c02-4dd1-8e8c-2a7c9bf106f2', 'is_reversal': True, 'reversal_entry_id': '2167ce38-9c02-4dd1-8e8c-2a7c9bf106f2', 'reversal_of_entry_id': '2167ce38-9c02-4dd1-8e8c-2a7c9bf106f2', ...}, {'id': '6c08bcd6-782b-4daa-b99c-582d1190abf0', 'is_reversal': True, 'reversal_entry_id': '6c08bcd6-782b-4daa-b99c-582d1190abf0', 'reversal_of_entry_id': '6c08bcd6-782b-4daa-b99c-582d1190abf0', ...}])">backend/tests/test_iteration53_rules_reverse_scope.py:227: in test_delete_deposit_creates_reverse_entries_not_hard_delete
    assert len(after_docs) &gt;= 4
E   AssertionError: assert 2 &gt;= 4
E    +  where 2 = len([{'id': '2167ce38-9c02-4dd1-8e8c-2a7c9bf106f2', 'is_reversal': True, 'reversal_entry_id': '2167ce38-9c02-4dd1-8e8c-2a7c9bf106f2', 'reversal_of_entry_id': '2167ce38-9c02-4dd1-8e8c-2a7c9bf106f2', ...}, {'id': '6c08bcd6-782b-4daa-b99c-582d1190abf0', 'is_reversal': True, 'reversal_entry_id': '6c08bcd6-782b-4daa-b99c-582d1190abf0', 'reversal_of_entry_id': '6c08bcd6-782b-4daa-b99c-582d1190abf0', ...}])</failure></testcase><testcase classname="backend.tests.test_iteration53_rules_reverse_scope" name="test_download_setup_exe_is_valid_and_matches_dist_size" time="0.322" /><testcase classname="backend.tests.test_iteration53_rules_reverse_scope" name="test_bcrypt_hash_prefix_and_seed_admin_password_update_logic_present" time="0.002" /></testsuite></testsuites>