<?xml version="1.0" encoding="utf-8"?><testsuites name="pytest tests"><testsuite name="pytest" errors="0" failures="1" skipped="0" tests="3" time="14.512" timestamp="2026-05-06T12:47:08.960850+00:00" hostname="agent-env-ba67e22d-6b71-4fe8-aa51-02b7e4b7510e"><testcase classname="tests.test_iteration71_ledger_opening_deposit_interest" name="test_opening_deposit_entry_moves_to_opening_balance_not_january_rows" time="3.990"><failure message="AssertionError: assert 811000.0 == 5000.0&#10; +  where 811000.0 = round(811000.0, 2)&#10; +    where 811000.0 = float((811000.0))&#10; +      where 811000.0 = &lt;built-in method get of dict object at 0xf920e5539ac0&gt;('opening_balance')&#10; +        where &lt;built-in method get of dict object at 0xf920e5539ac0&gt; = {'account': {'account_type': 'asset', 'code': '1250', 'created_at': '2026-05-03T23:24:45.506767Z', 'id': 'eedecf79-5376-4db0-8697-af550a7031cf', ...}, 'account_scope': 'single', 'closing_balance': 811000.0, 'from_date': '2096-01-01', ...}.get">base_url = 'https://interest-calculator-12.preview.emergentagent.com'
admin_token = 'eyJhbGciOiJIUzI1NiIsInR5cCI6IkpXVCJ9.eyJzdWIiOiJiY2I5YWYyYy0zZjdmLTRkNDYtYTIwZC1iMzMyZDBhMmY1MTkiLCJ1c2VybmFtZSI6ImFk...kiLCJwdXJwb3NlIjoiYWNjZXNzIiwiaWF0IjoxNzc4MDcxNjMwLCJleHAiOjE3NzgxMDA0MzB9.xjryVTqKI028bXR-Dqdy-_iUkAFlk2Ic7x8oRAKROXA'
db_client = Database(MongoClient(host=['localhost:27017'], document_class=dict, tz_aware=False, connect=True), 'test_database')

    def test_opening_deposit_entry_moves_to_opening_balance_not_january_rows(base_url, admin_token, db_client):
        term_account = _account_by_system_key(base_url, admin_token, "term_deposits")
        opening_equity = _account_by_system_key(base_url, admin_token, "opening_balance_equity")
        deposit_id = str(uuid.uuid4())
        _insert_deposit(db_client, deposit_id=deposit_id, number=f"{ITER_PREFIX}-OPEN", amount=5000, start="2096-01-05T00:00:00", maturity="2096-12-31T00:00:00", rate=0, opening=True)
        _insert_opening_deposit_entry(db_client, term_account, opening_equity, deposit_id, 5000)
    
        response = requests.get(
            f"{base_url}/api/ledger",
            params={"account_id": term_account["id"], "from_date": "2096-01-01", "to_date": "2096-01-31"},
            headers=_headers(admin_token),
            timeout=90,
        )
        assert response.status_code == 200, response.text
        body = response.json()
&gt;       assert round(float(body.get("opening_balance") or 0), 2) == 5000.0
E       AssertionError: assert 811000.0 == 5000.0
E        +  where 811000.0 = round(811000.0, 2)
E        +    where 811000.0 = float((811000.0))
E        +      where 811000.0 = &lt;built-in method get of dict object at 0xf920e5539ac0&gt;('opening_balance')
E        +        where &lt;built-in method get of dict object at 0xf920e5539ac0&gt; = {'account': {'account_type': 'asset', 'code': '1250', 'created_at': '2026-05-03T23:24:45.506767Z', 'id': 'eedecf79-5376-4db0-8697-af550a7031cf', ...}, 'account_scope': 'single', 'closing_balance': 811000.0, 'from_date': '2096-01-01', ...}.get

tests/test_iteration71_ledger_opening_deposit_interest.py:139: AssertionError</failure></testcase><testcase classname="tests.test_iteration71_ledger_opening_deposit_interest" name="test_ledger_january_shows_aggregated_deposit_interest_only_for_period" time="0.555" /><testcase classname="tests.test_iteration70_ledger_actual_movement_scope" name="test_ledger_all_shows_only_accounts_with_actual_period_movement" time="9.787" /></testsuite></testsuites>