<?xml version="1.0" encoding="utf-8"?><testsuites name="pytest tests"><testsuite name="pytest" errors="6" failures="0" skipped="0" tests="7" time="1.051" timestamp="2026-05-08T06:41:17.222652+00:00" hostname="agent-env-ba67e22d-6b71-4fe8-aa51-02b7e4b7510e"><testcase classname="backend.tests.test_iteration83_tax_engine_profile_and_invoices" name="test_auth_login_sets_httponly_cookie" time="0.457" /><testcase classname="backend.tests.test_iteration83_tax_engine_profile_and_invoices" name="test_tax_profile_get_put_and_configuration_flags" time="0.127"><error message="failed on setup with &quot;AssertionError: {&quot;detail&quot;:&quot;الفاتورة الإلكترونية غير متاحة لمشروع التكافل الاجتماعي&quot;}&#10;assert 404 == 200&#10; +  where 404 = &lt;Response [404]&gt;.status_code&quot;">backend/tests/test_iteration83_tax_engine_profile_and_invoices.py:72: in social_context
    assert profile_response.status_code == 200, profile_response.text
E   AssertionError: {"detail":"الفاتورة الإلكترونية غير متاحة لمشروع التكافل الاجتماعي"}
E   assert 404 == 200
E    +  where 404 = &lt;Response [404]&gt;.status_code</error></testcase><testcase classname="backend.tests.test_iteration83_tax_engine_profile_and_invoices" name="test_create_sales_draft_uses_profile_rule_and_snapshot" time="0.000"><error message="failed on setup with &quot;AssertionError: {&quot;detail&quot;:&quot;الفاتورة الإلكترونية غير متاحة لمشروع التكافل الاجتماعي&quot;}&#10;assert 404 == 200&#10; +  where 404 = &lt;Response [404]&gt;.status_code&quot;">backend/tests/test_iteration83_tax_engine_profile_and_invoices.py:72: in social_context
    assert profile_response.status_code == 200, profile_response.text
E   AssertionError: {"detail":"الفاتورة الإلكترونية غير متاحة لمشروع التكافل الاجتماعي"}
E   assert 404 == 200
E    +  where 404 = &lt;Response [404]&gt;.status_code</error></testcase><testcase classname="backend.tests.test_iteration83_tax_engine_profile_and_invoices" name="test_create_purchase_draft_supports_invoice_type_purchase" time="0.000"><error message="failed on setup with &quot;AssertionError: {&quot;detail&quot;:&quot;الفاتورة الإلكترونية غير متاحة لمشروع التكافل الاجتماعي&quot;}&#10;assert 404 == 200&#10; +  where 404 = &lt;Response [404]&gt;.status_code&quot;">backend/tests/test_iteration83_tax_engine_profile_and_invoices.py:72: in social_context
    assert profile_response.status_code == 200, profile_response.text
E   AssertionError: {"detail":"الفاتورة الإلكترونية غير متاحة لمشروع التكافل الاجتماعي"}
E   assert 404 == 200
E    +  where 404 = &lt;Response [404]&gt;.status_code</error></testcase><testcase classname="backend.tests.test_iteration83_tax_engine_profile_and_invoices" name="test_approve_sales_invoice_creates_journal_and_tax_entity" time="0.000"><error message="failed on setup with &quot;AssertionError: {&quot;detail&quot;:&quot;الفاتورة الإلكترونية غير متاحة لمشروع التكافل الاجتماعي&quot;}&#10;assert 404 == 200&#10; +  where 404 = &lt;Response [404]&gt;.status_code&quot;">backend/tests/test_iteration83_tax_engine_profile_and_invoices.py:72: in social_context
    assert profile_response.status_code == 200, profile_response.text
E   AssertionError: {"detail":"الفاتورة الإلكترونية غير متاحة لمشروع التكافل الاجتماعي"}
E   assert 404 == 200
E    +  where 404 = &lt;Response [404]&gt;.status_code</error></testcase><testcase classname="backend.tests.test_iteration83_tax_engine_profile_and_invoices" name="test_tax_engine_audit_logs_written_under_system_path" time="0.000"><error message="failed on setup with &quot;AssertionError: {&quot;detail&quot;:&quot;الفاتورة الإلكترونية غير متاحة لمشروع التكافل الاجتماعي&quot;}&#10;assert 404 == 200&#10; +  where 404 = &lt;Response [404]&gt;.status_code&quot;">backend/tests/test_iteration83_tax_engine_profile_and_invoices.py:72: in social_context
    assert profile_response.status_code == 200, profile_response.text
E   AssertionError: {"detail":"الفاتورة الإلكترونية غير متاحة لمشروع التكافل الاجتماعي"}
E   assert 404 == 200
E    +  where 404 = &lt;Response [404]&gt;.status_code</error></testcase><testcase classname="backend.tests.test_iteration83_tax_engine_profile_and_invoices" name="test_multitenant_general_union_cannot_see_social_tax_engine_data" time="0.332"><error message="failed on setup with &quot;AssertionError: {&quot;detail&quot;:&quot;الفاتورة الإلكترونية غير متاحة لمشروع التكافل الاجتماعي&quot;}&#10;assert 404 == 200&#10; +  where 404 = &lt;Response [404]&gt;.status_code&quot;">backend/tests/test_iteration83_tax_engine_profile_and_invoices.py:72: in social_context
    assert profile_response.status_code == 200, profile_response.text
E   AssertionError: {"detail":"الفاتورة الإلكترونية غير متاحة لمشروع التكافل الاجتماعي"}
E   assert 404 == 200
E    +  where 404 = &lt;Response [404]&gt;.status_code</error></testcase></testsuite></testsuites>