<?xml version="1.0" encoding="utf-8"?><testsuites name="pytest tests"><testsuite name="pytest" errors="0" failures="0" skipped="0" tests="7" time="5.620" timestamp="2026-05-06T13:23:04.397696+00:00" hostname="agent-env-ba67e22d-6b71-4fe8-aa51-02b7e4b7510e"><testcase classname="tests.test_iteration72_bank_reconciliation_monthly_formula" name="test_bank_reconciliation_uses_month_opening_plus_receipts_minus_payments" time="2.385" /><testcase classname="tests.test_iteration67_period_scope_financial_reports" name="test_journal_entries_returns_only_period_rows" time="2.082" /><testcase classname="tests.test_iteration67_period_scope_financial_reports" name="test_ledger_single_period_opening_and_closing_formula" time="0.205" /><testcase classname="tests.test_iteration67_period_scope_financial_reports" name="test_ledger_all_returns_period_rows_with_account_columns" time="0.154" /><testcase classname="tests.test_iteration67_period_scope_financial_reports" name="test_trial_balance_opening_includes_prior_period_movement" time="0.163" /><testcase classname="tests.test_iteration67_period_scope_financial_reports" name="test_reconciliation_balance_formula_matches_breakdown" time="0.158" /><testcase classname="tests.test_iteration67_period_scope_financial_reports" name="test_data_flow_validation_is_valid_true" time="0.320" /></testsuite></testsuites>