<?xml version="1.0" encoding="utf-8"?><testsuites name="pytest tests"><testsuite name="pytest" errors="0" failures="2" skipped="0" tests="3" time="2.314" timestamp="2026-04-30T09:17:20.175196+00:00" hostname="agent-env-ba67e22d-6b71-4fe8-aa51-02b7e4b7510e"><testcase classname="backend.tests.test_iteration21_org_isolation_and_auth.TestAuthPlaybookChecks" name="test_login_sets_httponly_cookie" time="0.362"><failure message="AssertionError: assert '__cf_bm=' not in 'access_toke...09:47:20 GMT'&#10;  &#10;  '__cf_bm=' is contained here:&#10;    access_token=eyJhbGciOiJIUzI1NiIsInR5cCI6IkpXVCJ9.eyJzdWIiOiJiNTI0ODdhNS02ZjdmLTQ2NmYtOGIzNi00ZDk0NWFkZWNjYTQiLCJ1c2VybmFtZSI6ImFkbWluX3Rha2FmdWwiLCJyb2xlIjoiYWRtaW4iLCJvcmdhbml6YXRpb25faWQiOiJzb2NpYWwtc29saWRhcml0eSIsInB1cnBvc2UiOiJhY2Nlc3MiLCJpYXQiOjE3Nzc1NDA2NDAsImV4cCI6MTc3NzU2OTQ0MH0.RuuPNWM7po_FtrdRhSG9UxN_NbcafogKcPcDMDmu2Z4; HttpOnly; Max-Age=28800; Path=/; SameSite=lax, __cf_bm=IU0xsHiL1gaHS95eBjmL33wC2duTckJ5XGuAh6gLCwk-1777540640.331303-1.0.1.1-Q0nsT0K_m7y1D.QIC86AGy2m6l6Ivn2TvJ4EvTNqKMGIuZhO5R1QQ8yOuS0tDLYds3cJ.Uv78ndS3gvcAydtHVE6UF6kp05ksZAH3zW...&#10;  &#10;  ...Full output truncated (2 lines hidden), use '-vv' to show">backend/tests/test_iteration21_org_isolation_and_auth.py:173: in test_login_sets_httponly_cookie
    assert "__cf_bm=" not in set_cookie
E   AssertionError: assert '__cf_bm=' not in 'access_toke...09:47:20 GMT'
E     
E     '__cf_bm=' is contained here:
E       access_token=eyJhbGciOiJIUzI1NiIsInR5cCI6IkpXVCJ9.eyJzdWIiOiJiNTI0ODdhNS02ZjdmLTQ2NmYtOGIzNi00ZDk0NWFkZWNjYTQiLCJ1c2VybmFtZSI6ImFkbWluX3Rha2FmdWwiLCJyb2xlIjoiYWRtaW4iLCJvcmdhbml6YXRpb25faWQiOiJzb2NpYWwtc29saWRhcml0eSIsInB1cnBvc2UiOiJhY2Nlc3MiLCJpYXQiOjE3Nzc1NDA2NDAsImV4cCI6MTc3NzU2OTQ0MH0.RuuPNWM7po_FtrdRhSG9UxN_NbcafogKcPcDMDmu2Z4; HttpOnly; Max-Age=28800; Path=/; SameSite=lax, __cf_bm=IU0xsHiL1gaHS95eBjmL33wC2duTckJ5XGuAh6gLCwk-1777540640.331303-1.0.1.1-Q0nsT0K_m7y1D.QIC86AGy2m6l6Ivn2TvJ4EvTNqKMGIuZhO5R1QQ8yOuS0tDLYds3cJ.Uv78ndS3gvcAydtHVE6UF6kp05ksZAH3zW...
E     
E     ...Full output truncated (2 lines hidden), use '-vv' to show</failure></testcase><testcase classname="backend.tests.test_iteration21_org_isolation_and_auth.TestAuthPlaybookChecks" name="test_cors_is_explicit_with_credentials" time="0.068"><failure message="AssertionError: assert '' == 'true'&#10;  &#10;  - true">backend/tests/test_iteration21_org_isolation_and_auth.py:185: in test_cors_is_explicit_with_credentials
    assert allow_credentials.lower() == "true"
E   AssertionError: assert '' == 'true'
E     
E     - true</failure></testcase><testcase classname="backend.tests.test_iteration21_org_isolation_and_auth.TestAuthPlaybookChecks" name="test_bruteforce_lockout_after_five_failures" time="1.787" /></testsuite></testsuites>