<?xml version="1.0" encoding="utf-8"?><testsuites name="pytest tests"><testsuite name="pytest" errors="0" failures="0" skipped="0" tests="9" time="10.069" timestamp="2026-04-30T09:14:39.772920+00:00" hostname="agent-env-ba67e22d-6b71-4fe8-aa51-02b7e4b7510e"><testcase classname="backend.tests.test_iteration32_super_admin_controls.TestSuperAdminCrossOrgAndControls" name="test_super_admin_login_role_and_selected_organization" time="0.741" /><testcase classname="backend.tests.test_iteration32_super_admin_controls.TestSuperAdminCrossOrgAndControls" name="test_super_admin_admin_users_lists_all_orgs_without_admin_account" time="0.927" /><testcase classname="backend.tests.test_iteration32_super_admin_controls.TestSuperAdminCrossOrgAndControls" name="test_admin_users_for_regular_admin_never_shows_admin_super_account" time="0.966" /><testcase classname="backend.tests.test_iteration32_super_admin_controls.TestSuperAdminCrossOrgAndControls" name="test_regular_admins_are_org_scoped_and_cannot_see_other_org_users" time="0.886" /><testcase classname="backend.tests.test_iteration32_super_admin_controls.TestSuperAdminCrossOrgAndControls" name="test_super_admin_can_create_admin_in_target_organization" time="1.485" /><testcase classname="backend.tests.test_iteration32_super_admin_controls.TestSuperAdminCrossOrgAndControls" name="test_super_admin_can_toggle_user_active_status" time="1.708" /><testcase classname="backend.tests.test_iteration32_super_admin_controls.TestSuperAdminCrossOrgAndControls" name="test_super_admin_can_delete_normal_user_and_cannot_delete_self" time="1.605" /><testcase classname="backend.tests.test_iteration32_super_admin_controls.TestSuperAdminCrossOrgAndControls" name="test_super_admin_cannot_update_self_from_admin_users_endpoint" time="0.786" /><testcase classname="backend.tests.test_iteration32_super_admin_controls.TestSuperAdminCrossOrgAndControls" name="test_regular_admin_cannot_modify_or_delete_another_admin" time="0.873" /></testsuite></testsuites>