<?xml version="1.0" encoding="utf-8"?><testsuites name="pytest tests"><testsuite name="pytest" errors="0" failures="1" skipped="0" tests="10" time="7.236" timestamp="2026-04-30T07:49:44.508759+00:00" hostname="agent-env-ba67e22d-6b71-4fe8-aa51-02b7e4b7510e"><testcase classname="backend.tests.test_iteration28_fixed_assets_custody_regression.TestAuthPlaybookAndOrganizationSelection" name="test_org_login_matrix_and_cookie" time="1.064" /><testcase classname="backend.tests.test_iteration28_fixed_assets_custody_regression.TestAuthPlaybookAndOrganizationSelection" name="test_bruteforce_lockout_after_five_failures" time="0.672" /><testcase classname="backend.tests.test_iteration28_fixed_assets_custody_regression.TestAuthPlaybookAndOrganizationSelection" name="test_cors_preflight_credentials_headers" time="0.073"><failure message="AssertionError: assert '' == 'true'&#10;  &#10;  - true">backend/tests/test_iteration28_fixed_assets_custody_regression.py:140: in test_cors_preflight_credentials_headers
    assert response.headers.get("access-control-allow-credentials", "").lower() == "true"
E   AssertionError: assert '' == 'true'
E     
E     - true</failure></testcase><testcase classname="backend.tests.test_iteration28_fixed_assets_custody_regression.TestAuthPlaybookAndOrganizationSelection" name="test_admin_hash_bcrypt_2b_format" time="0.008" /><testcase classname="backend.tests.test_iteration28_fixed_assets_custody_regression.TestFixedAssetsRatesAndReports" name="test_rate_update_affects_new_assets_only_and_keeps_old_data" time="1.626" /><testcase classname="backend.tests.test_iteration28_fixed_assets_custody_regression.TestFixedAssetsRatesAndReports" name="test_rate_isolation_between_organizations" time="0.939" /><testcase classname="backend.tests.test_iteration28_fixed_assets_custody_regression.TestFixedAssetsRatesAndReports" name="test_depreciation_report_supports_yearly_and_monthly_filters" time="0.850" /><testcase classname="backend.tests.test_iteration28_fixed_assets_custody_regression.TestCustodyAdvancesAutomation" name="test_custody_create_settle_delete_and_journals_balanced" time="1.002" /><testcase classname="backend.tests.test_iteration28_fixed_assets_custody_regression.TestCustodyAdvancesAutomation" name="test_chart_accounts_include_custody_and_settlement_accounts_after_sync" time="0.250" /><testcase classname="backend.tests.test_iteration28_fixed_assets_custody_regression.TestCustodyAdvancesAutomation" name="test_custody_organization_isolation" time="0.553" /></testsuite></testsuites>