<?xml version="1.0" encoding="utf-8"?><testsuites name="pytest tests"><testsuite name="pytest" errors="0" failures="0" skipped="0" tests="2" time="2.394" timestamp="2026-04-28T10:42:33.124650+00:00" hostname="agent-env-ba67e22d-6b71-4fe8-aa51-02b7e4b7510e"><testcase classname="backend.tests.test_iteration16_expenses_module" name="test_bruteforce_lockout_not_enforced_after_five_attempts" time="2.053" /><testcase classname="backend.tests.test_iteration16_expenses_module" name="test_login_missing_http_only_cookie" time="0.268" /></testsuite></testsuites>