<?xml version="1.0" encoding="utf-8"?><testsuites name="pytest tests"><testsuite name="pytest" errors="0" failures="0" skipped="0" tests="4" time="1.712" timestamp="2026-04-28T11:36:31.665516+00:00" hostname="agent-env-ba67e22d-6b71-4fe8-aa51-02b7e4b7510e"><testcase classname="backend.tests.test_iteration19_expenses_analysis" name="test_seed_six_keyword_expenses_for_monthly_analysis" time="0.735" /><testcase classname="backend.tests.test_iteration19_expenses_analysis" name="test_seed_out_of_scope_expense_for_filter_validation" time="0.048" /><testcase classname="backend.tests.test_iteration19_expenses_analysis" name="test_seeded_iteration19_records_persist" time="0.093" /><testcase classname="backend.tests.test_iteration19_expenses_analysis" name="test_cleanup_iteration19_seed_data" time="0.766" /></testsuite></testsuites>