<?xml version="1.0" encoding="utf-8"?><testsuites name="pytest tests"><testsuite name="pytest" errors="0" failures="0" skipped="0" tests="7" time="1.581" timestamp="2026-05-06T07:14:57.087046+00:00" hostname="agent-env-ba67e22d-6b71-4fe8-aa51-02b7e4b7510e"><testcase classname="backend.tests.test_iteration63_reconciliation_auto_balance" name="test_login_sets_http_only_cookie" time="0.464" /><testcase classname="backend.tests.test_iteration63_reconciliation_auto_balance" name="test_get_reconciliation_balance_returns_required_breakdown_and_exact_formula" time="0.337" /><testcase classname="backend.tests.test_iteration63_reconciliation_auto_balance" name="test_create_reconciliation_ignores_payload_book_balance_and_persists_breakdown" time="0.171" /><testcase classname="backend.tests.test_iteration63_reconciliation_auto_balance" name="test_calculated_balance_equals_auto_computed_book_balance_without_double_count" time="0.112" /><testcase classname="backend.tests.test_iteration63_reconciliation_auto_balance" name="test_update_reconciliation_keeps_auto_balance_and_breakdown" time="0.167" /><testcase classname="backend.tests.test_iteration63_reconciliation_auto_balance" name="test_admin_data_flow_validation_stays_valid" time="0.238" /><testcase classname="backend.tests.test_iteration63_reconciliation_auto_balance" name="test_cleanup_created_reconciliations" time="0.000" /></testsuite></testsuites>