<?xml version="1.0" encoding="utf-8"?><testsuites name="pytest tests"><testsuite name="pytest" errors="0" failures="2" skipped="0" tests="12" time="5.953" timestamp="2026-05-03T07:24:05.090981+00:00" hostname="agent-env-ba67e22d-6b71-4fe8-aa51-02b7e4b7510e"><testcase classname="backend.tests.test_iteration47_manuals_reconciliation_lan_setup" name="test_public_manual_ar_pdf_returns_direct_pdf_and_a4" time="3.186" /><testcase classname="backend.tests.test_iteration47_manuals_reconciliation_lan_setup" name="test_public_manual_en_pdf_returns_direct_pdf_a4_and_programmer_name" time="0.896" /><testcase classname="backend.tests.test_iteration47_manuals_reconciliation_lan_setup" name="test_reconciliation_matched_payload_includes_status_and_calculated_balance" time="0.335" /><testcase classname="backend.tests.test_iteration47_manuals_reconciliation_lan_setup" name="test_setup_download_returns_valid_exe_payload" time="0.157" /><testcase classname="backend.tests.test_iteration47_manuals_reconciliation_lan_setup" name="test_frontend_api_js_has_lan_origin_fallback_when_backend_env_is_localhost" time="0.000" /><testcase classname="backend.tests.test_iteration47_manuals_reconciliation_lan_setup" name="test_run_backend_bat_binds_0_0_0_0_for_lan_access" time="0.000" /><testcase classname="backend.tests.test_iteration47_manuals_reconciliation_lan_setup" name="test_start_launcher_bat_shows_network_url_and_adds_firewall_rule" time="0.000" /><testcase classname="backend.tests.test_iteration47_manuals_reconciliation_lan_setup" name="test_auth_login_sets_httponly_cookie" time="0.279" /><testcase classname="backend.tests.test_iteration47_manuals_reconciliation_lan_setup" name="test_auth_cors_preflight_allows_credentials_with_explicit_origin" time="0.017"><failure message="AssertionError: assert None == 'true'&#10; +  where None = get('access-control-allow-credentials')&#10; +    where get = {'Date': 'Sun, 03 May 2026 07:24:10 GMT', 'Connection': 'keep-alive', 'Access-Control-Allow-Origin': '*', 'Access-Control-Allow-Headers': '*', 'Access-Control-Allow-Methods': 'GET, POST, PUT, DELETE, OPTIONS, HEAD, PATCH', 'Access-Control-Max-Age': '300', 'X-Robots-Tag': 'noindex, nofollow', 'Server': 'cloudflare', 'CF-RAY': '9f5d864349314b16-ORD'}.get&#10; +      where {'Date': 'Sun, 03 May 2026 07:24:10 GMT', 'Connection': 'keep-alive', 'Access-Control-Allow-Origin': '*', 'Access-Control-Allow-Headers': '*', 'Access-Control-Allow-Methods': 'GET, POST, PUT, DELETE, OPTIONS, HEAD, PATCH', 'Access-Control-Max-Age': '300', 'X-Robots-Tag': 'noindex, nofollow', 'Server': 'cloudflare', 'CF-RAY': '9f5d864349314b16-ORD'} = &lt;Response [204]&gt;.headers">backend/tests/test_iteration47_manuals_reconciliation_lan_setup.py:191: in test_auth_cors_preflight_allows_credentials_with_explicit_origin
    assert response.headers.get("access-control-allow-credentials") == "true"
E   AssertionError: assert None == 'true'
E    +  where None = get('access-control-allow-credentials')
E    +    where get = {'Date': 'Sun, 03 May 2026 07:24:10 GMT', 'Connection': 'keep-alive', 'Access-Control-Allow-Origin': '*', 'Access-Control-Allow-Headers': '*', 'Access-Control-Allow-Methods': 'GET, POST, PUT, DELETE, OPTIONS, HEAD, PATCH', 'Access-Control-Max-Age': '300', 'X-Robots-Tag': 'noindex, nofollow', 'Server': 'cloudflare', 'CF-RAY': '9f5d864349314b16-ORD'}.get
E    +      where {'Date': 'Sun, 03 May 2026 07:24:10 GMT', 'Connection': 'keep-alive', 'Access-Control-Allow-Origin': '*', 'Access-Control-Allow-Headers': '*', 'Access-Control-Allow-Methods': 'GET, POST, PUT, DELETE, OPTIONS, HEAD, PATCH', 'Access-Control-Max-Age': '300', 'X-Robots-Tag': 'noindex, nofollow', 'Server': 'cloudflare', 'CF-RAY': '9f5d864349314b16-ORD'} = &lt;Response [204]&gt;.headers</failure></testcase><testcase classname="backend.tests.test_iteration47_manuals_reconciliation_lan_setup" name="test_auth_bruteforce_lockout_after_five_failures" time="0.873"><failure message="assert 429 == 401&#10; +  where 429 = &lt;Response [429]&gt;.status_code">backend/tests/test_iteration47_manuals_reconciliation_lan_setup.py:208: in test_auth_bruteforce_lockout_after_five_failures
    assert failed.status_code == 401
E   assert 429 == 401
E    +  where 429 = &lt;Response [429]&gt;.status_code</failure></testcase><testcase classname="backend.tests.test_iteration47_manuals_reconciliation_lan_setup" name="test_seed_admin_hashes_use_bcrypt_2b_prefix" time="0.001" /><testcase classname="backend.tests.test_iteration47_manuals_reconciliation_lan_setup" name="test_seed_admin_code_updates_existing_admin_when_password_changes" time="0.001" /></testsuite></testsuites>