<?xml version="1.0" encoding="utf-8"?><testsuites name="pytest tests"><testsuite name="pytest" errors="0" failures="1" skipped="0" tests="7" time="12.655" timestamp="2026-05-06T13:21:21.987129+00:00" hostname="agent-env-ba67e22d-6b71-4fe8-aa51-02b7e4b7510e"><testcase classname="tests.test_iteration72_bank_reconciliation_monthly_formula" name="test_bank_reconciliation_uses_month_opening_plus_receipts_minus_payments" time="2.018"><failure message="AssertionError: {&quot;detail&quot;:[{&quot;type&quot;:&quot;literal_error&quot;,&quot;loc&quot;:[&quot;body&quot;,&quot;responsible_employee&quot;],&quot;msg&quot;:&quot;Input should be 'يوسف عبدالغني' or 'دعاء علي'&quot;,&quot;input&quot;:&quot;اختبار&quot;,&quot;ctx&quot;:{&quot;expected&quot;:&quot;'يوسف عبدالغني' or 'دعاء علي'&quot;},&quot;url&quot;:&quot;https://errors.pydantic.dev/2.12/v/literal_error&quot;}]}&#10;assert 422 == 200&#10; +  where 422 = &lt;Response [422]&gt;.status_code">base_url = 'https://scanner-ocr-test.preview.emergentagent.com'
admin_token = 'eyJhbGciOiJIUzI1NiIsInR5cCI6IkpXVCJ9.eyJzdWIiOiJiY2I5YWYyYy0zZjdmLTRkNDYtYTIwZC1iMzMyZDBhMmY1MTkiLCJ1c2VybmFtZSI6ImFk...kiLCJwdXJwb3NlIjoiYWNjZXNzIiwiaWF0IjoxNzc4MDczNjgzLCJleHAiOjE3NzgxMDI0ODN9.BDBeTzqO5EsyNf9mDSp7sPqle_xnrfa9yHfzSC3BYvU'

    def test_bank_reconciliation_uses_month_opening_plus_receipts_minus_payments(base_url, admin_token):
&gt;       _create_revenue(base_url, admin_token, "01", 100.0, "cash")

tests/test_iteration72_bank_reconciliation_monthly_formula.py:135: 
_ _ _ _ _ _ _ _ _ _ _ _ _ _ _ _ _ _ _ _ _ _ _ _ _ _ _ _ _ _ _ _ _ _ _ _ _ _ _ _ 

base_url = 'https://scanner-ocr-test.preview.emergentagent.com'
token = 'eyJhbGciOiJIUzI1NiIsInR5cCI6IkpXVCJ9.eyJzdWIiOiJiY2I5YWYyYy0zZjdmLTRkNDYtYTIwZC1iMzMyZDBhMmY1MTkiLCJ1c2VybmFtZSI6ImFk...kiLCJwdXJwb3NlIjoiYWNjZXNzIiwiaWF0IjoxNzc4MDczNjgzLCJleHAiOjE3NzgxMDI0ODN9.BDBeTzqO5EsyNf9mDSp7sPqle_xnrfa9yHfzSC3BYvU'
receipt_suffix = '01', amount = 100.0, method = 'cash', status = 'collected'

    def _create_revenue(base_url: str, token: str, receipt_suffix: str, amount: float, method: str, status: str = "collected"):
        payload = {
            "receipt_number": f"{ITER_NUM_PREFIX}{receipt_suffix}",
            "amount": amount,
            "collection_method": method,
            "supplier_name": f"{ITER_PREFIX} مورد" if method == "cash" else None,
            "check_number": f"{ITER_NUM_PREFIX}{receipt_suffix}9" if method == "check" else None,
            "check_clearing_type": "internal" if method == "check" else None,
            "payment_order_number": f"{ITER_NUM_PREFIX}{receipt_suffix}8" if method == "payment_order" else None,
            "bank_id": BANK_ID,
            "dated": "2199-04-10",
            "value": f"{ITER_PREFIX} {method}",
            "issued_at": "2199-04-10",
            "responsible_employee": "اختبار",
            "bank_collection_status": status,
        }
        response = requests.post(f"{base_url}/api/revenues", json=payload, headers=_headers(token), timeout=60)
&gt;       assert response.status_code == 200, response.text
E       AssertionError: {"detail":[{"type":"literal_error","loc":["body","responsible_employee"],"msg":"Input should be 'يوسف عبدالغني' or 'دعاء علي'","input":"اختبار","ctx":{"expected":"'يوسف عبدالغني' or 'دعاء علي'"},"url":"https://errors.pydantic.dev/2.12/v/literal_error"}]}
E       assert 422 == 200
E        +  where 422 = &lt;Response [422]&gt;.status_code

tests/test_iteration72_bank_reconciliation_monthly_formula.py:81: AssertionError</failure></testcase><testcase classname="tests.test_iteration67_period_scope_financial_reports" name="test_journal_entries_returns_only_period_rows" time="5.526" /><testcase classname="tests.test_iteration67_period_scope_financial_reports" name="test_ledger_single_period_opening_and_closing_formula" time="0.156" /><testcase classname="tests.test_iteration67_period_scope_financial_reports" name="test_ledger_all_returns_period_rows_with_account_columns" time="0.699" /><testcase classname="tests.test_iteration67_period_scope_financial_reports" name="test_trial_balance_opening_includes_prior_period_movement" time="0.826" /><testcase classname="tests.test_iteration67_period_scope_financial_reports" name="test_reconciliation_balance_formula_matches_breakdown" time="2.749" /><testcase classname="tests.test_iteration67_period_scope_financial_reports" name="test_data_flow_validation_is_valid_true" time="0.475" /></testsuite></testsuites>