<?xml version="1.0" encoding="utf-8"?><testsuites name="pytest tests"><testsuite name="pytest" errors="0" failures="0" skipped="0" tests="3" time="1.589" timestamp="2026-05-04T02:58:37.651979+00:00" hostname="agent-env-ba67e22d-6b71-4fe8-aa51-02b7e4b7510e"><testcase classname="backend.tests.test_iteration59_membership_import_status_fields" name="test_import_preview_returns_selected_status_fields" time="0.679" /><testcase classname="backend.tests.test_iteration59_membership_import_status_fields" name="test_import_commit_persists_non_active_status_and_subscription_stop_date" time="0.416" /><testcase classname="backend.tests.test_iteration59_membership_import_status_fields" name="test_import_commit_active_status_keeps_subscription_stop_date_null" time="0.424" /></testsuite></testsuites>