<?xml version="1.0" encoding="utf-8"?><testsuites name="pytest tests"><testsuite name="pytest" errors="0" failures="0" skipped="0" tests="2" time="1.400" timestamp="2026-05-06T08:10:34.801660+00:00" hostname="agent-env-ba67e22d-6b71-4fe8-aa51-02b7e4b7510e"><testcase classname="backend.tests.test_iteration65_opening_balance_opening_deposit" name="test_opening_balance_deposit_rules_and_reporting" time="0.871" /><testcase classname="backend.tests.test_iteration65_opening_balance_opening_deposit" name="test_data_flow_validation_and_installer_presence" time="0.436" /></testsuite></testsuites>