<?xml version="1.0" encoding="utf-8"?><testsuites name="pytest tests"><testsuite name="pytest" errors="0" failures="0" skipped="0" tests="8" time="1.894" timestamp="2026-05-08T05:01:05.970434+00:00" hostname="agent-env-ba67e22d-6b71-4fe8-aa51-02b7e4b7510e"><testcase classname="backend.tests.test_iteration73_treasury_banks_readonly" name="test_treasury_banks_requires_auth" time="0.151" /><testcase classname="backend.tests.test_iteration73_treasury_banks_readonly" name="test_treasury_banks_returns_expected_shape_and_source" time="0.364" /><testcase classname="backend.tests.test_iteration73_treasury_banks_readonly" name="test_treasury_banks_rejects_invalid_date_range" time="0.086" /><testcase classname="backend.tests.test_iteration73_treasury_banks_readonly" name="test_treasury_banks_filters_account_kind_and_account_id" time="0.310" /><testcase classname="backend.tests.test_iteration73_treasury_banks_readonly" name="test_treasury_banks_filters_movement_and_search" time="0.331" /><testcase classname="backend.tests.test_iteration73_treasury_banks_readonly" name="test_treasury_banks_date_filter_reduces_or_equal_scope" time="0.158" /><testcase classname="backend.tests.test_iteration73_treasury_banks_readonly" name="test_treasury_banks_accounts_are_only_bank_and_cash_box" time="0.077" /><testcase classname="backend.tests.test_iteration73_treasury_banks_readonly" name="test_treasury_banks_repeated_calls_do_not_write_target_collections" time="0.264" /></testsuite></testsuites>