<?xml version="1.0" encoding="utf-8"?><testsuites name="pytest tests"><testsuite name="pytest" errors="0" failures="0" skipped="0" tests="8" time="1.638" timestamp="2026-05-08T04:15:48.084726+00:00" hostname="agent-env-ba67e22d-6b71-4fe8-aa51-02b7e4b7510e"><testcase classname="backend.tests.test_iteration72_inventory_misc_creditors_flow" name="test_inventory_in_and_out_create_balances_and_journals" time="0.608" /><testcase classname="backend.tests.test_iteration72_inventory_misc_creditors_flow" name="test_inventory_out_rejects_when_quantity_exceeds_available" time="0.064" /><testcase classname="backend.tests.test_iteration72_inventory_misc_creditors_flow" name="test_inventory_movements_filters_and_json_shape" time="0.050" /><testcase classname="backend.tests.test_iteration72_inventory_misc_creditors_flow" name="test_misc_creditor_obligation_and_payment_update_balance_and_journals" time="0.197" /><testcase classname="backend.tests.test_iteration72_inventory_misc_creditors_flow" name="test_misc_creditor_payment_requires_bank_id" time="0.071" /><testcase classname="backend.tests.test_iteration72_inventory_misc_creditors_flow" name="test_misc_creditor_payment_rejects_if_greater_than_balance" time="0.067" /><testcase classname="backend.tests.test_iteration72_inventory_misc_creditors_flow" name="test_journal_entry_filters_for_inventory_and_misc_creditors" time="0.101" /><testcase classname="backend.tests.test_iteration72_inventory_misc_creditors_flow" name="test_trial_balance_and_data_flow_validation_after_transactions" time="0.323" /></testsuite></testsuites>