<?xml version="1.0" encoding="utf-8"?><testsuites name="pytest tests"><testsuite name="pytest" errors="0" failures="2" skipped="0" tests="8" time="2.012" timestamp="2026-05-04T02:36:24.669135+00:00" hostname="agent-env-ba67e22d-6b71-4fe8-aa51-02b7e4b7510e"><testcase classname="backend.tests.test_iteration57_requested_accounting_membership_flows" name="test_auth_login_sets_http_only_cookie_and_token" time="0.381" /><testcase classname="backend.tests.test_iteration57_requested_accounting_membership_flows" name="test_opening_balance_creates_balanced_opening_journal_and_book_balance" time="0.599" /><testcase classname="backend.tests.test_iteration57_requested_accounting_membership_flows" name="test_reconciliation_ignores_payload_book_balance_and_uses_gl" time="0.207" /><testcase classname="backend.tests.test_iteration57_requested_accounting_membership_flows" name="test_membership_non_active_status_blocks_new_due_and_keeps_previous_balance" time="0.201" /><testcase classname="backend.tests.test_iteration57_requested_accounting_membership_flows" name="test_membership_collection_report_grouping_fields" time="0.096" /><testcase classname="backend.tests.test_iteration57_requested_accounting_membership_flows" name="test_membership_batch_payment_creates_fifo_allocations_and_journal" time="0.317" /><testcase classname="backend.tests.test_iteration57_requested_accounting_membership_flows" name="test_rules_engine_includes_opening_balance_and_membership_batch_events" time="0.050"><failure message="AssertionError: Internal Server Error&#10;assert 500 == 200&#10; +  where 500 = &lt;Response [500]&gt;.status_code">backend/tests/test_iteration57_requested_accounting_membership_flows.py:288: in test_rules_engine_includes_opening_balance_and_membership_batch_events
    assert resp.status_code == 200, resp.text
E   AssertionError: Internal Server Error
E   assert 500 == 200
E    +  where 500 = &lt;Response [500]&gt;.status_code</failure></testcase><testcase classname="backend.tests.test_iteration57_requested_accounting_membership_flows" name="test_rules_engine_simulation_accepts_opening_balance_event_type" time="0.052"><failure message="AssertionError: {&quot;detail&quot;:[{&quot;type&quot;:&quot;literal_error&quot;,&quot;loc&quot;:[&quot;body&quot;,&quot;event_type&quot;],&quot;msg&quot;:&quot;Input should be 'Income', 'Expense', 'BankFee', 'Deposit', 'Interest', 'AssetPurchase', 'AssetDepreciation', 'Loan' or 'Custody'&quot;,&quot;input&quot;:&quot;OpeningBalance&quot;,&quot;ctx&quot;:{&quot;expected&quot;:&quot;'Income', 'Expense', 'BankFee', 'Deposit', 'Interest', 'AssetPurchase', 'AssetDepreciation', 'Loan' or 'Custody'&quot;},&quot;url&quot;:&quot;https://errors.pydantic.dev/2.12/v/literal_error&quot;}]}&#10;assert 422 == 200&#10; +  where 422 = &lt;Response [422]&gt;.status_code">backend/tests/test_iteration57_requested_accounting_membership_flows.py:307: in test_rules_engine_simulation_accepts_opening_balance_event_type
    assert resp.status_code == 200, resp.text
E   AssertionError: {"detail":[{"type":"literal_error","loc":["body","event_type"],"msg":"Input should be 'Income', 'Expense', 'BankFee', 'Deposit', 'Interest', 'AssetPurchase', 'AssetDepreciation', 'Loan' or 'Custody'","input":"OpeningBalance","ctx":{"expected":"'Income', 'Expense', 'BankFee', 'Deposit', 'Interest', 'AssetPurchase', 'AssetDepreciation', 'Loan' or 'Custody'"},"url":"https://errors.pydantic.dev/2.12/v/literal_error"}]}
E   assert 422 == 200
E    +  where 422 = &lt;Response [422]&gt;.status_code</failure></testcase></testsuite></testsuites>