<?xml version="1.0" encoding="utf-8"?><testsuites name="pytest tests"><testsuite name="pytest" errors="0" failures="0" skipped="0" tests="5" time="2.013" timestamp="2026-05-08T07:19:01.641788+00:00" hostname="agent-env-ba67e22d-6b71-4fe8-aa51-02b7e4b7510e"><testcase classname="backend.tests.test_iteration85_erp_health_super_admin_access" name="test_login_sets_http_only_cookie_for_auth" time="0.382" /><testcase classname="backend.tests.test_iteration85_erp_health_super_admin_access" name="test_erp_health_endpoints_require_token" time="0.327" /><testcase classname="backend.tests.test_iteration85_erp_health_super_admin_access" name="test_non_super_admin_cannot_access_erp_health_endpoints" time="0.673" /><testcase classname="backend.tests.test_iteration85_erp_health_super_admin_access" name="test_super_admin_can_generate_report_and_download_protected_file" time="0.369" /><testcase classname="backend.tests.test_iteration85_erp_health_super_admin_access" name="test_super_admin_pdf_endpoint_returns_pdf" time="0.170" /></testsuite></testsuites>