<?xml version="1.0" encoding="utf-8"?><testsuites name="pytest tests"><testsuite name="pytest" errors="0" failures="0" skipped="0" tests="9" time="2.111" timestamp="2026-05-04T03:29:36.317590+00:00" hostname="agent-env-ba67e22d-6b71-4fe8-aa51-02b7e4b7510e"><testcase classname="backend.tests.test_iteration60_reversal_dataflow_admin_ui_scope" name="test_auth_login_sets_http_only_cookie" time="0.359" /><testcase classname="backend.tests.test_iteration60_reversal_dataflow_admin_ui_scope" name="test_admin_password_hash_is_bcrypt_2b_prefix" time="0.004" /><testcase classname="backend.tests.test_iteration60_reversal_dataflow_admin_ui_scope" name="test_login_lockout_after_three_failed_attempts" time="0.198" /><testcase classname="backend.tests.test_iteration60_reversal_dataflow_admin_ui_scope" name="test_journal_entries_exclude_is_reversal_rows_but_reversal_persists_in_db" time="0.442" /><testcase classname="backend.tests.test_iteration60_reversal_dataflow_admin_ui_scope" name="test_ledger_excludes_reversal_entries" time="0.222" /><testcase classname="backend.tests.test_iteration60_reversal_dataflow_admin_ui_scope" name="test_trial_balance_balanced_and_financial_statements_valid_without_reversal_noise" time="0.166" /><testcase classname="backend.tests.test_iteration60_reversal_dataflow_admin_ui_scope" name="test_admin_data_flow_validation_returns_accounting_and_membership_sections" time="0.198" /><testcase classname="backend.tests.test_iteration60_reversal_dataflow_admin_ui_scope" name="test_program_data_purge_is_super_admin_only" time="0.322" /><testcase classname="backend.tests.test_iteration60_reversal_dataflow_admin_ui_scope" name="test_program_data_purge_rejects_wrong_confirmation_phrase" time="0.048" /></testsuite></testsuites>