<?xml version="1.0" encoding="utf-8"?><testsuites name="pytest tests"><testsuite name="pytest" errors="0" failures="0" skipped="0" tests="5" time="2.293" timestamp="2026-05-08T05:42:58.212790+00:00" hostname="agent-env-ba67e22d-6b71-4fe8-aa51-02b7e4b7510e"><testcase classname="backend.tests.test_iteration81_erp_health_readonly_and_bank_prints_removed" name="test_bank_prints_external_route_returns_404_after_removal" time="0.497" /><testcase classname="backend.tests.test_iteration81_erp_health_readonly_and_bank_prints_removed" name="test_erp_health_report_json_shape_and_required_metrics" time="0.124" /><testcase classname="backend.tests.test_iteration81_erp_health_readonly_and_bank_prints_removed" name="test_erp_health_report_direct_download_url_is_external_and_public_pdf" time="0.237" /><testcase classname="backend.tests.test_iteration81_erp_health_readonly_and_bank_prints_removed" name="test_erp_health_report_pdf_endpoint_returns_pdf_with_admin_token" time="0.161" /><testcase classname="backend.tests.test_iteration81_erp_health_readonly_and_bank_prints_removed" name="test_erp_health_generation_is_readonly_on_core_collections" time="1.189" /></testsuite></testsuites>