<?xml version="1.0" encoding="utf-8"?><testsuites name="pytest tests"><testsuite name="pytest" errors="0" failures="1" skipped="0" tests="9" time="4.278" timestamp="2026-04-29T11:17:11.769542+00:00" hostname="agent-env-ba67e22d-6b71-4fe8-aa51-02b7e4b7510e"><testcase classname="backend.tests.test_iteration22_journal_entries.TestJournalEntriesFeature" name="test_social_admin_has_journal_module_enabled" time="0.453" /><testcase classname="backend.tests.test_iteration22_journal_entries.TestJournalEntriesFeature" name="test_create_balanced_manual_journal_success" time="0.538" /><testcase classname="backend.tests.test_iteration22_journal_entries.TestJournalEntriesFeature" name="test_reject_unbalanced_manual_journal" time="0.150" /><testcase classname="backend.tests.test_iteration22_journal_entries.TestJournalEntriesFeature" name="test_banking_expense_manual_save_generates_auto_journal" time="0.228" /><testcase classname="backend.tests.test_iteration22_journal_entries.TestJournalEntriesFeature" name="test_journal_sequence_isolated_between_organizations" time="0.788" /><testcase classname="backend.tests.test_iteration22_journal_entries.TestJournalEntriesFeature" name="test_disable_journal_module_for_social_and_restore" time="0.733" /><testcase classname="backend.tests.test_iteration22_journal_entries.TestAuthPlaybookChecks" name="test_login_sets_httponly_cookie" time="0.332" /><testcase classname="backend.tests.test_iteration22_journal_entries.TestAuthPlaybookChecks" name="test_cors_allows_credentials_with_explicit_origin" time="0.066"><failure message="AssertionError: assert '' == 'true'&#10;  &#10;  - true">backend/tests/test_iteration22_journal_entries.py:244: in test_cors_allows_credentials_with_explicit_origin
    assert response.headers.get("access-control-allow-credentials", "").lower() == "true"
E   AssertionError: assert '' == 'true'
E     
E     - true</failure></testcase><testcase classname="backend.tests.test_iteration22_journal_entries.TestAuthPlaybookChecks" name="test_bruteforce_lockout_after_five_failed_attempts" time="0.716" /></testsuite></testsuites>