<?xml version="1.0" encoding="utf-8"?><testsuites name="pytest tests"><testsuite name="pytest" errors="0" failures="0" skipped="0" tests="6" time="1.218" timestamp="2026-05-07T05:36:49.727643+00:00" hostname="agent-env-ba67e22d-6b71-4fe8-aa51-02b7e4b7510e"><testcase classname="backend.tests.test_iteration71_core_smoke_endpoints" name="test_core_smoke_endpoints_return_200_and_valid_shape[/api/revenues-params0-list]" time="0.524" /><testcase classname="backend.tests.test_iteration71_core_smoke_endpoints" name="test_core_smoke_endpoints_return_200_and_valid_shape[/api/expenses-params1-list]" time="0.104" /><testcase classname="backend.tests.test_iteration71_core_smoke_endpoints" name="test_core_smoke_endpoints_return_200_and_valid_shape[/api/ledger-params2-dict]" time="0.120" /><testcase classname="backend.tests.test_iteration71_core_smoke_endpoints" name="test_core_smoke_endpoints_return_200_and_valid_shape[/api/trial-balance-params3-dict]" time="0.142" /><testcase classname="backend.tests.test_iteration71_core_smoke_endpoints" name="test_core_smoke_endpoints_return_200_and_valid_shape[/api/financial-statements-params4-dict]" time="0.161" /><testcase classname="backend.tests.test_iteration71_core_smoke_endpoints" name="test_core_smoke_endpoints_return_200_and_valid_shape[/api/banks/industrial-development/deposits-params5-list]" time="0.100" /></testsuite></testsuites>