<?xml version="1.0" encoding="utf-8"?><testsuites name="pytest tests"><testsuite name="pytest" errors="0" failures="0" skipped="0" tests="9" time="2.108" timestamp="2026-05-08T06:14:18.375647+00:00" hostname="agent-env-ba67e22d-6b71-4fe8-aa51-02b7e4b7510e"><testcase classname="tests.test_iteration82_erp_reset_seed_health_report" name="test_login_sets_http_only_cookie" time="0.376" /><testcase classname="tests.test_iteration82_erp_reset_seed_health_report" name="test_reset_kept_default_banks_only" time="0.132" /><testcase classname="tests.test_iteration82_erp_reset_seed_health_report" name="test_seed_clean_dataset_has_expected_journal_entries" time="0.127" /><testcase classname="tests.test_iteration82_erp_reset_seed_health_report" name="test_seed_has_source_documents_for_deposit_revenue_expense" time="0.520" /><testcase classname="tests.test_iteration82_erp_reset_seed_health_report" name="test_trial_balance_2026_is_balanced" time="0.149" /><testcase classname="tests.test_iteration82_erp_reset_seed_health_report" name="test_erp_health_report_score_and_direct_pdf" time="0.283" /><testcase classname="tests.test_iteration82_erp_reset_seed_health_report" name="test_erp_health_metrics_show_no_key_accounting_issues" time="0.135" /><testcase classname="tests.test_iteration82_erp_reset_seed_health_report" name="test_known_final_report_direct_file_download_works" time="0.135" /><testcase classname="tests.test_iteration82_erp_reset_seed_health_report" name="test_audit_logs_include_erp_reset_correction_path" time="0.181" /></testsuite></testsuites>