<?xml version="1.0" encoding="utf-8"?><testsuites name="pytest tests"><testsuite name="pytest" errors="0" failures="0" skipped="0" tests="4" time="11.295" timestamp="2026-05-08T05:27:26.022412+00:00" hostname="agent-env-ba67e22d-6b71-4fe8-aa51-02b7e4b7510e"><testcase classname="backend.tests.test_iteration80_bank_prints_banque_misr" name="test_external_data_fetch_returns_real_source_shape" time="2.071" /><testcase classname="backend.tests.test_iteration80_bank_prints_banque_misr" name="test_create_request_saves_before_print_and_embeds_external_and_manual" time="3.988" /><testcase classname="backend.tests.test_iteration80_bank_prints_banque_misr" name="test_patch_status_printed_then_cancelled_updates_fields" time="1.621" /><testcase classname="backend.tests.test_iteration80_bank_prints_banque_misr" name="test_bank_print_endpoints_do_not_change_accounting_collections_or_balances" time="3.526" /></testsuite></testsuites>