<?xml version="1.0" encoding="utf-8"?><testsuites name="pytest tests"><testsuite name="pytest" errors="0" failures="1" skipped="0" tests="12" time="4.937" timestamp="2026-04-30T08:14:37.789559+00:00" hostname="agent-env-ba67e22d-6b71-4fe8-aa51-02b7e4b7510e"><testcase classname="backend.tests.test_iteration29_financial_statements_and_auth" name="test_auth_login_sets_httponly_cookie" time="0.549" /><testcase classname="backend.tests.test_iteration29_financial_statements_and_auth" name="test_auth_bruteforce_lockout_after_five_failures" time="0.372" /><testcase classname="backend.tests.test_iteration29_financial_statements_and_auth" name="test_auth_preflight_has_credentials_headers" time="0.068"><failure message="AssertionError: assert None == 'true'&#10; +  where None = get('access-control-allow-credentials')&#10; +    where get = {'Date': 'Thu, 30 Apr 2026 08:14:38 GMT', 'Connection': 'keep-alive', 'Access-Control-Allow-Origin': '*', 'Access-Control-Allow-Headers': '*', 'Access-Control-Allow-Methods': 'GET, POST, PUT, DELETE, OPTIONS, HEAD, PATCH', 'Access-Control-Max-Age': '300', 'set-cookie': '__cf_bm=qwwPH8Yk5OTkawXmZB8z9JLjtJQJmzojH_SIRTp77HM-1777536878.8570557-1.0.1.1-if4gpG63_lbxBN7AKDDG_4v5c1wC0k2kjjDXgWLI3Ryi15lGW7j2UxoMvQk13Dal3bSco6VPCE1g9rRGRQ4rmvDT_2Euc1o3ex9W2rG1RU_BQnO53IY9zprFr0CXbx1J; HttpOnly; Secure; Path=/; Domain=preview.emergentagent.com; Expires=Thu, 30 Apr 2026 08:44:38 GMT', 'X-Robots-Tag': 'noindex, nofollow', 'Server': 'cloudflare', 'CF-RAY': '9f451814dc9fae77-ORD'}.get&#10; +      where {'Date': 'Thu, 30 Apr 2026 08:14:38 GMT', 'Connection': 'keep-alive', 'Access-Control-Allow-Origin': '*', 'Access-Control-Allow-Headers': '*', 'Access-Control-Allow-Methods': 'GET, POST, PUT, DELETE, OPTIONS, HEAD, PATCH', 'Access-Control-Max-Age': '300', 'set-cookie': '__cf_bm=qwwPH8Yk5OTkawXmZB8z9JLjtJQJmzojH_SIRTp77HM-1777536878.8570557-1.0.1.1-if4gpG63_lbxBN7AKDDG_4v5c1wC0k2kjjDXgWLI3Ryi15lGW7j2UxoMvQk13Dal3bSco6VPCE1g9rRGRQ4rmvDT_2Euc1o3ex9W2rG1RU_BQnO53IY9zprFr0CXbx1J; HttpOnly; Secure; Path=/; Domain=preview.emergentagent.com; Expires=Thu, 30 Apr 2026 08:44:38 GMT', 'X-Robots-Tag': 'noindex, nofollow', 'Server': 'cloudflare', 'CF-RAY': '9f451814dc9fae77-ORD'} = &lt;Response [204]&gt;.headers">backend/tests/test_iteration29_financial_statements_and_auth.py:89: in test_auth_preflight_has_credentials_headers
    assert response.headers.get("access-control-allow-credentials") == "true"
E   AssertionError: assert None == 'true'
E    +  where None = get('access-control-allow-credentials')
E    +    where get = {'Date': 'Thu, 30 Apr 2026 08:14:38 GMT', 'Connection': 'keep-alive', 'Access-Control-Allow-Origin': '*', 'Access-Control-Allow-Headers': '*', 'Access-Control-Allow-Methods': 'GET, POST, PUT, DELETE, OPTIONS, HEAD, PATCH', 'Access-Control-Max-Age': '300', 'set-cookie': '__cf_bm=qwwPH8Yk5OTkawXmZB8z9JLjtJQJmzojH_SIRTp77HM-1777536878.8570557-1.0.1.1-if4gpG63_lbxBN7AKDDG_4v5c1wC0k2kjjDXgWLI3Ryi15lGW7j2UxoMvQk13Dal3bSco6VPCE1g9rRGRQ4rmvDT_2Euc1o3ex9W2rG1RU_BQnO53IY9zprFr0CXbx1J; HttpOnly; Secure; Path=/; Domain=preview.emergentagent.com; Expires=Thu, 30 Apr 2026 08:44:38 GMT', 'X-Robots-Tag': 'noindex, nofollow', 'Server': 'cloudflare', 'CF-RAY': '9f451814dc9fae77-ORD'}.get
E    +      where {'Date': 'Thu, 30 Apr 2026 08:14:38 GMT', 'Connection': 'keep-alive', 'Access-Control-Allow-Origin': '*', 'Access-Control-Allow-Headers': '*', 'Access-Control-Allow-Methods': 'GET, POST, PUT, DELETE, OPTIONS, HEAD, PATCH', 'Access-Control-Max-Age': '300', 'set-cookie': '__cf_bm=qwwPH8Yk5OTkawXmZB8z9JLjtJQJmzojH_SIRTp77HM-1777536878.8570557-1.0.1.1-if4gpG63_lbxBN7AKDDG_4v5c1wC0k2kjjDXgWLI3Ryi15lGW7j2UxoMvQk13Dal3bSco6VPCE1g9rRGRQ4rmvDT_2Euc1o3ex9W2rG1RU_BQnO53IY9zprFr0CXbx1J; HttpOnly; Secure; Path=/; Domain=preview.emergentagent.com; Expires=Thu, 30 Apr 2026 08:44:38 GMT', 'X-Robots-Tag': 'noindex, nofollow', 'Server': 'cloudflare', 'CF-RAY': '9f451814dc9fae77-ORD'} = &lt;Response [204]&gt;.headers</failure></testcase><testcase classname="backend.tests.test_iteration29_financial_statements_and_auth" name="test_financial_statements_auto_returns_required_sections[general-union]" time="0.432" /><testcase classname="backend.tests.test_iteration29_financial_statements_and_auth" name="test_financial_statements_auto_returns_required_sections[social-solidarity]" time="0.434" /><testcase classname="backend.tests.test_iteration29_financial_statements_and_auth" name="test_financial_statements_default_period_is_current_year[general-union]" time="0.436" /><testcase classname="backend.tests.test_iteration29_financial_statements_and_auth" name="test_financial_statements_default_period_is_current_year[social-solidarity]" time="0.396" /><testcase classname="backend.tests.test_iteration29_financial_statements_and_auth" name="test_financial_statements_period_override_works" time="0.455" /><testcase classname="backend.tests.test_iteration29_financial_statements_and_auth" name="test_balance_sheet_contains_required_totals_and_balance_gap" time="0.412" /><testcase classname="backend.tests.test_iteration29_financial_statements_and_auth" name="test_receipts_and_payments_classification_is_consistent" time="0.413" /><testcase classname="backend.tests.test_iteration29_financial_statements_and_auth" name="test_revenues_expenses_result_equals_revenue_minus_expense" time="0.439" /><testcase classname="backend.tests.test_iteration29_financial_statements_and_auth" name="test_accounting_errors_payload_shape_and_known_types" time="0.412" /></testsuite></testsuites>