<?xml version="1.0" encoding="utf-8"?><testsuites name="pytest tests"><testsuite name="pytest" errors="0" failures="1" skipped="0" tests="12" time="6.085" timestamp="2026-04-30T06:32:03.089275+00:00" hostname="agent-env-ba67e22d-6b71-4fe8-aa51-02b7e4b7510e"><testcase classname="backend.tests.test_iteration24_fixed_assets_module.TestFixedAssetsCoreFlows" name="test_fixed_asset_categories_have_required_codes_rates_and_items" time="0.464" /><testcase classname="backend.tests.test_iteration24_fixed_assets_module.TestFixedAssetsCoreFlows" name="test_create_asset_stores_org_and_creates_balanced_purchase_journal" time="0.429" /><testcase classname="backend.tests.test_iteration24_fixed_assets_module.TestFixedAssetsCoreFlows" name="test_organization_isolation_between_union_and_social_solidarity" time="0.892" /><testcase classname="backend.tests.test_iteration24_fixed_assets_module.TestFixedAssetsCoreFlows" name="test_run_monthly_depreciation_uses_rate_divided_by_12_and_creates_journal" time="0.603" /><testcase classname="backend.tests.test_iteration24_fixed_assets_module.TestFixedAssetsCoreFlows" name="test_chart_of_accounts_contains_fixed_assets_and_depreciation_accounts" time="0.124" /><testcase classname="backend.tests.test_iteration24_fixed_assets_module.TestFixedAssetsCoreFlows" name="test_trial_balance_reflects_fixed_asset_and_depreciation_entries" time="0.603" /><testcase classname="backend.tests.test_iteration24_fixed_assets_module.TestFixedAssetsCoreFlows" name="test_delete_asset_removes_depreciations_and_auto_journals" time="1.004" /><testcase classname="backend.tests.test_iteration24_fixed_assets_module.TestFixedAssetsCoreFlows" name="test_toggle_fixed_assets_module_and_restore" time="0.655" /><testcase classname="backend.tests.test_iteration24_fixed_assets_module.TestAuthPlaybookChecks" name="test_login_sets_httponly_cookie" time="0.330" /><testcase classname="backend.tests.test_iteration24_fixed_assets_module.TestAuthPlaybookChecks" name="test_bruteforce_lockout_after_five_failed_attempts" time="0.711" /><testcase classname="backend.tests.test_iteration24_fixed_assets_module.TestAuthPlaybookChecks" name="test_cors_preflight_credentials_headers_are_explicit" time="0.065"><failure message="AssertionError: assert None == 'true'&#10; +  where None = get('access-control-allow-credentials')&#10; +    where get = {'Date': 'Thu, 30 Apr 2026 06:32:09 GMT', 'Connection': 'keep-alive', 'Access-Control-Allow-Origin': '*', 'Access-Control-Allow-Headers': '*', 'Access-Control-Allow-Methods': 'GET, POST, PUT, DELETE, OPTIONS, HEAD, PATCH', 'Access-Control-Max-Age': '300', 'set-cookie': '__cf_bm=23JKIiyC.WHhaoREbcEjYSE47_V8LxLf2VjB1OaiwhE-1777530729.1285546-1.0.1.1-Sb0Fo8ecsON2Zi0Z_nCwrw5aT.NA5eOwpGCxnkueB0RlmHTvFIFRDO3GWaQBskChsX06r_clvh6OvOVZ2hE.6VhQdAS_TUUf13BpEIXW6H_BSx4VrJDKbizf7SF4v1Ye; HttpOnly; Secure; Path=/; Domain=preview.emergentagent.com; Expires=Thu, 30 Apr 2026 07:02:09 GMT', 'X-Robots-Tag': 'noindex, nofollow', 'Server': 'cloudflare', 'CF-RAY': '9f4481f1094fdd56-ORD'}.get&#10; +      where {'Date': 'Thu, 30 Apr 2026 06:32:09 GMT', 'Connection': 'keep-alive', 'Access-Control-Allow-Origin': '*', 'Access-Control-Allow-Headers': '*', 'Access-Control-Allow-Methods': 'GET, POST, PUT, DELETE, OPTIONS, HEAD, PATCH', 'Access-Control-Max-Age': '300', 'set-cookie': '__cf_bm=23JKIiyC.WHhaoREbcEjYSE47_V8LxLf2VjB1OaiwhE-1777530729.1285546-1.0.1.1-Sb0Fo8ecsON2Zi0Z_nCwrw5aT.NA5eOwpGCxnkueB0RlmHTvFIFRDO3GWaQBskChsX06r_clvh6OvOVZ2hE.6VhQdAS_TUUf13BpEIXW6H_BSx4VrJDKbizf7SF4v1Ye; HttpOnly; Secure; Path=/; Domain=preview.emergentagent.com; Expires=Thu, 30 Apr 2026 07:02:09 GMT', 'X-Robots-Tag': 'noindex, nofollow', 'Server': 'cloudflare', 'CF-RAY': '9f4481f1094fdd56-ORD'} = &lt;Response [204]&gt;.headers">backend/tests/test_iteration24_fixed_assets_module.py:367: in test_cors_preflight_credentials_headers_are_explicit
    assert response.headers.get("access-control-allow-credentials") == "true"
E   AssertionError: assert None == 'true'
E    +  where None = get('access-control-allow-credentials')
E    +    where get = {'Date': 'Thu, 30 Apr 2026 06:32:09 GMT', 'Connection': 'keep-alive', 'Access-Control-Allow-Origin': '*', 'Access-Control-Allow-Headers': '*', 'Access-Control-Allow-Methods': 'GET, POST, PUT, DELETE, OPTIONS, HEAD, PATCH', 'Access-Control-Max-Age': '300', 'set-cookie': '__cf_bm=23JKIiyC.WHhaoREbcEjYSE47_V8LxLf2VjB1OaiwhE-1777530729.1285546-1.0.1.1-Sb0Fo8ecsON2Zi0Z_nCwrw5aT.NA5eOwpGCxnkueB0RlmHTvFIFRDO3GWaQBskChsX06r_clvh6OvOVZ2hE.6VhQdAS_TUUf13BpEIXW6H_BSx4VrJDKbizf7SF4v1Ye; HttpOnly; Secure; Path=/; Domain=preview.emergentagent.com; Expires=Thu, 30 Apr 2026 07:02:09 GMT', 'X-Robots-Tag': 'noindex, nofollow', 'Server': 'cloudflare', 'CF-RAY': '9f4481f1094fdd56-ORD'}.get
E    +      where {'Date': 'Thu, 30 Apr 2026 06:32:09 GMT', 'Connection': 'keep-alive', 'Access-Control-Allow-Origin': '*', 'Access-Control-Allow-Headers': '*', 'Access-Control-Allow-Methods': 'GET, POST, PUT, DELETE, OPTIONS, HEAD, PATCH', 'Access-Control-Max-Age': '300', 'set-cookie': '__cf_bm=23JKIiyC.WHhaoREbcEjYSE47_V8LxLf2VjB1OaiwhE-1777530729.1285546-1.0.1.1-Sb0Fo8ecsON2Zi0Z_nCwrw5aT.NA5eOwpGCxnkueB0RlmHTvFIFRDO3GWaQBskChsX06r_clvh6OvOVZ2hE.6VhQdAS_TUUf13BpEIXW6H_BSx4VrJDKbizf7SF4v1Ye; HttpOnly; Secure; Path=/; Domain=preview.emergentagent.com; Expires=Thu, 30 Apr 2026 07:02:09 GMT', 'X-Robots-Tag': 'noindex, nofollow', 'Server': 'cloudflare', 'CF-RAY': '9f4481f1094fdd56-ORD'} = &lt;Response [204]&gt;.headers</failure></testcase><testcase classname="backend.tests.test_iteration24_fixed_assets_module.TestAuthPlaybookChecks" name="test_admin_hash_is_bcrypt_2b_format" time="0.010" /></testsuite></testsuites>