<?xml version="1.0" encoding="utf-8"?><testsuites name="pytest tests"><testsuite name="pytest" errors="0" failures="0" skipped="0" tests="7" time="1.898" timestamp="2026-05-08T06:46:06.943543+00:00" hostname="agent-env-ba67e22d-6b71-4fe8-aa51-02b7e4b7510e"><testcase classname="tests.test_iteration83_tax_engine_profile_and_invoices" name="test_auth_login_sets_httponly_cookie" time="0.366" /><testcase classname="tests.test_iteration83_tax_engine_profile_and_invoices" name="test_tax_profile_get_put_and_configuration_flags" time="0.329" /><testcase classname="tests.test_iteration83_tax_engine_profile_and_invoices" name="test_create_sales_draft_uses_profile_rule_and_snapshot" time="0.101" /><testcase classname="tests.test_iteration83_tax_engine_profile_and_invoices" name="test_create_purchase_draft_supports_invoice_type_purchase" time="0.118" /><testcase classname="tests.test_iteration83_tax_engine_profile_and_invoices" name="test_approve_sales_invoice_creates_journal_and_tax_entity" time="0.226" /><testcase classname="tests.test_iteration83_tax_engine_profile_and_invoices" name="test_tax_engine_audit_logs_written_under_system_path" time="0.145" /><testcase classname="tests.test_iteration83_tax_engine_profile_and_invoices" name="test_multitenant_general_union_cannot_see_social_tax_engine_data" time="0.544" /></testsuite></testsuites>