<?xml version="1.0" encoding="utf-8"?><testsuites name="pytest tests"><testsuite name="pytest" errors="0" failures="0" skipped="0" tests="16" time="0.574" timestamp="2026-05-08T09:04:59.854360+00:00" hostname="agent-env-ba67e22d-6b71-4fe8-aa51-02b7e4b7510e"><testcase classname="backend.tests.test_iteration86_windows_silent_packaging" name="test_nsis_shortcuts_target_wscript_and_vbs_launcher" time="0.000" /><testcase classname="backend.tests.test_iteration86_windows_silent_packaging" name="test_release_contains_required_silent_startup_files" time="0.000" /><testcase classname="backend.tests.test_iteration86_windows_silent_packaging" name="test_batch_files_have_no_pause_or_echo_on_and_use_localappdata_logs" time="0.000" /><testcase classname="backend.tests.test_iteration86_windows_silent_packaging" name="test_worker_uses_offline_windows_wheels_and_skips_repeated_install" time="0.000" /><testcase classname="backend.tests.test_iteration86_windows_silent_packaging" name="test_worker_starts_mongodb_before_backend_and_reports_failures" time="0.000" /><testcase classname="backend.tests.test_iteration86_windows_silent_packaging" name="test_release_worker_keeps_same_runtime_strategy" time="0.000" /><testcase classname="backend.tests.test_iteration86_windows_silent_packaging" name="test_splash_hta_uses_official_logo_arabic_statuses_hidden_worker_and_localhost_open" time="0.000" /><testcase classname="backend.tests.test_iteration86_windows_silent_packaging" name="test_splash_uses_health_wait_and_guardrails_in_local_and_release" time="0.000" /><testcase classname="backend.tests.test_iteration86_windows_silent_packaging" name="test_official_logo_exists_in_source_frontend_and_release_paths" time="0.000" /><testcase classname="backend.tests.test_iteration86_windows_silent_packaging" name="test_login_page_uses_required_official_logo_selector_and_path" time="0.000" /><testcase classname="backend.tests.test_iteration86_windows_silent_packaging" name="test_module_selection_contains_required_official_logo_selector" time="0.000" /><testcase classname="backend.tests.test_iteration86_windows_silent_packaging" name="test_nsis_installer_exists_in_dist" time="0.000" /><testcase classname="backend.tests.test_iteration86_windows_silent_packaging" name="test_download_setup_endpoint_returns_200_and_matches_installer_size" time="0.371" /><testcase classname="backend.tests.test_iteration86_windows_silent_packaging" name="test_health_endpoint_returns_200_with_small_payload" time="0.125" /><testcase classname="backend.tests.test_iteration86_windows_silent_packaging" name="test_release_contains_runtime_requirements_and_windows_wheels" time="0.001" /><testcase classname="backend.tests.test_iteration86_windows_silent_packaging" name="test_release_contains_bundled_portable_mongodb_executable" time="0.000" /></testsuite></testsuites>