<?xml version="1.0" encoding="utf-8"?><testsuites name="pytest tests"><testsuite name="pytest" errors="0" failures="0" skipped="0" tests="3" time="4.347" timestamp="2026-05-07T02:25:49.484560+00:00" hostname="agent-env-ba67e22d-6b71-4fe8-aa51-02b7e4b7510e"><testcase classname="tests.test_iteration72_bank_reconciliation_monthly_formula" name="test_bank_reconciliation_uses_month_opening_plus_receipts_minus_payments" time="2.739" /><testcase classname="tests.test_iteration74_deposit_renewal_journal_scope" name="test_renewal_creates_new_deposit_without_mutating_old_core_fields" time="0.892" /><testcase classname="tests.test_iteration74_deposit_renewal_journal_scope" name="test_renewal_does_not_create_extra_journal_rows_or_copy_renewal_notes_into_journal" time="0.556" /></testsuite></testsuites>