<?xml version="1.0" encoding="utf-8"?><testsuites name="pytest tests"><testsuite name="pytest" errors="0" failures="0" skipped="0" tests="17" time="4.733" timestamp="2026-05-04T00:46:43.108254+00:00" hostname="agent-env-ba67e22d-6b71-4fe8-aa51-02b7e4b7510e"><testcase classname="backend.tests.test_iteration53_rules_reverse_scope" name="test_auth_login_sets_httponly_cookie" time="0.368" /><testcase classname="backend.tests.test_iteration53_rules_reverse_scope" name="test_auth_cors_preflight_allows_credentials_with_explicit_origin" time="0.002" /><testcase classname="backend.tests.test_iteration53_rules_reverse_scope" name="test_rules_engine_post_then_put_auto_calculates_priority" time="0.601" /><testcase classname="backend.tests.test_iteration53_rules_reverse_scope" name="test_fail_safe_unbalanced_manual_journal_create_returns_422" time="0.127" /><testcase classname="backend.tests.test_iteration53_rules_reverse_scope" name="test_delete_journal_entry_creates_reversal_and_links_original" time="0.248" /><testcase classname="backend.tests.test_iteration53_rules_reverse_scope" name="test_delete_deposit_creates_reverse_entries_not_hard_delete" time="0.291" /><testcase classname="backend.tests.test_iteration53_rules_reverse_scope" name="test_download_setup_exe_is_valid_and_matches_dist_size" time="0.264" /><testcase classname="backend.tests.test_iteration53_rules_reverse_scope" name="test_bcrypt_hash_prefix_and_seed_admin_password_update_logic_present" time="0.002" /><testcase classname="backend.tests.test_iteration51_requested_scope" name="test_public_organizations_only_official_entities" time="0.117" /><testcase classname="backend.tests.test_iteration51_requested_scope" name="test_auth_login_sets_httponly_cookie" time="0.681" /><testcase classname="backend.tests.test_iteration51_requested_scope" name="test_auth_cors_preflight_allows_credentials_explicit_origin_localhost" time="0.002" /><testcase classname="backend.tests.test_iteration51_requested_scope" name="test_rules_engine_rules_list_and_simulate_returns_preview_without_posting" time="0.484" /><testcase classname="backend.tests.test_iteration51_requested_scope" name="test_download_setup_exe_is_valid_and_matches_dist_size" time="0.259" /><testcase classname="backend.tests.test_iteration51_requested_scope" name="test_fail_safe_unbalanced_manual_journal_create_returns_422" time="0.124" /><testcase classname="backend.tests.test_iteration51_requested_scope" name="test_fail_safe_unbalanced_manual_journal_update_returns_422" time="0.257" /><testcase classname="backend.tests.test_iteration51_requested_scope" name="test_audit_log_contains_before_after_for_chart_account_put" time="0.398" /><testcase classname="backend.tests.test_iteration51_requested_scope" name="test_audit_log_contains_before_after_for_journal_entry_put" time="0.355" /></testsuite></testsuites>