<?xml version="1.0" encoding="utf-8"?><testsuites name="pytest tests"><testsuite name="pytest" errors="0" failures="0" skipped="0" tests="5" time="2.649" timestamp="2026-05-04T01:26:56.127788+00:00" hostname="agent-env-ba67e22d-6b71-4fe8-aa51-02b7e4b7510e"><testcase classname="backend.tests.test_iteration55_fixed_assets_annual_depreciation" name="test_fixed_asset_490_run_2026_creates_annual_depreciation_and_journal" time="0.978" /><testcase classname="backend.tests.test_iteration55_fixed_assets_annual_depreciation" name="test_annual_depreciation_run_is_idempotent_for_same_asset_and_year" time="0.431" /><testcase classname="backend.tests.test_iteration55_fixed_assets_annual_depreciation" name="test_financial_statements_auto_run_depreciation_without_duplicate_entries" time="0.512" /><testcase classname="backend.tests.test_iteration55_fixed_assets_annual_depreciation" name="test_monthly_legacy_records_are_reversed_then_replaced_by_annual" time="0.302" /><testcase classname="backend.tests.test_iteration55_fixed_assets_annual_depreciation" name="test_download_setup_exe_is_valid_mz_and_matches_dist_size" time="0.264" /></testsuite></testsuites>