<?xml version="1.0" encoding="utf-8"?><testsuites name="pytest tests"><testsuite name="pytest" errors="0" failures="0" skipped="0" tests="9" time="2.975" timestamp="2026-05-04T00:43:02.696384+00:00" hostname="agent-env-ba67e22d-6b71-4fe8-aa51-02b7e4b7510e"><testcase classname="backend.tests.test_iteration51_requested_scope" name="test_public_organizations_only_official_entities" time="0.140" /><testcase classname="backend.tests.test_iteration51_requested_scope" name="test_auth_login_sets_httponly_cookie" time="0.715" /><testcase classname="backend.tests.test_iteration51_requested_scope" name="test_auth_cors_preflight_allows_credentials_explicit_origin_localhost" time="0.002" /><testcase classname="backend.tests.test_iteration51_requested_scope" name="test_rules_engine_rules_list_and_simulate_returns_preview_without_posting" time="0.470" /><testcase classname="backend.tests.test_iteration51_requested_scope" name="test_download_setup_exe_is_valid_and_matches_dist_size" time="0.364" /><testcase classname="backend.tests.test_iteration51_requested_scope" name="test_fail_safe_unbalanced_manual_journal_create_returns_422" time="0.124" /><testcase classname="backend.tests.test_iteration51_requested_scope" name="test_fail_safe_unbalanced_manual_journal_update_returns_422" time="0.255" /><testcase classname="backend.tests.test_iteration51_requested_scope" name="test_audit_log_contains_before_after_for_chart_account_put" time="0.416" /><testcase classname="backend.tests.test_iteration51_requested_scope" name="test_audit_log_contains_before_after_for_journal_entry_put" time="0.417" /></testsuite></testsuites>