<?xml version="1.0" encoding="utf-8"?><testsuites name="pytest tests"><testsuite name="pytest" errors="0" failures="1" skipped="1" tests="15" time="5.258" timestamp="2026-05-01T21:44:02.402342+00:00" hostname="agent-env-ba67e22d-6b71-4fe8-aa51-02b7e4b7510e"><testcase classname="backend.tests.test_iteration40_eta_integration_config" name="test_eta_integration_is_super_admin_only_and_redacts_secrets" time="0.467" /><testcase classname="backend.tests.test_iteration40_eta_integration_config" name="test_eta_connection_test_requires_sdk_configuration_not_mocked" time="0.231" /><testcase classname="backend.tests.test_iteration41_branding_settings" name="test_only_super_admin_can_update_global_branding_settings" time="0.466" /><testcase classname="backend.tests.test_iteration41_branding_settings" name="test_public_settings_expose_updated_organization_labels" time="0.003" /><testcase classname="backend.tests.test_iteration42_branding_superadmin_and_auth_playbook" name="test_public_app_settings_exposes_organizations_labels" time="0.465" /><testcase classname="backend.tests.test_iteration42_branding_superadmin_and_auth_playbook" name="test_public_organizations_endpoint_contains_two_core_organizations" time="0.108" /><testcase classname="backend.tests.test_iteration42_branding_superadmin_and_auth_playbook" name="test_admin_union_cannot_update_app_settings_returns_403" time="0.442" /><testcase classname="backend.tests.test_iteration42_branding_superadmin_and_auth_playbook" name="test_super_admin_update_reflects_on_public_settings_and_organizations_and_restores" time="0.948" /><testcase classname="backend.tests.test_iteration42_branding_superadmin_and_auth_playbook" name="test_eta_integration_visible_to_super_admin_only" time="0.934" /><testcase classname="backend.tests.test_iteration42_branding_superadmin_and_auth_playbook" name="test_login_sets_http_only_cookie" time="0.354" /><testcase classname="backend.tests.test_iteration42_branding_superadmin_and_auth_playbook" name="test_cors_preflight_has_explicit_origin_and_credentials" time="0.070"><failure message="AssertionError: assert '*' == 'https://inte...gentagent.com'&#10;  &#10;  - https://interest-calculator-12.preview.emergentagent.com&#10;  + *">backend/tests/test_iteration42_branding_superadmin_and_auth_playbook.py:216: in test_cors_preflight_has_explicit_origin_and_credentials
    assert response.headers.get("access-control-allow-origin") == origin
E   AssertionError: assert '*' == 'https://inte...gentagent.com'
E     
E     - https://interest-calculator-12.preview.emergentagent.com
E     + *</failure></testcase><testcase classname="backend.tests.test_iteration42_branding_superadmin_and_auth_playbook" name="test_bcrypt_hash_format_starts_with_2b_for_seeded_admin_users" time="0.000"><skipped type="pytest.skip" message="MONGO_URL is not a valid Mongo URI in this runtime">/app/backend/tests/test_iteration42_branding_superadmin_and_auth_playbook.py:226: MONGO_URL is not a valid Mongo URI in this runtime</skipped></testcase><testcase classname="backend.tests.test_iteration42_branding_superadmin_and_auth_playbook" name="test_seed_admin_updates_existing_password_logic_exists_in_code_review" time="0.000" /><testcase classname="backend.tests.test_iteration42_branding_superadmin_and_auth_playbook" name="test_setup_exe_present_and_non_empty" time="0.000" /><testcase classname="backend.tests.test_iteration42_branding_superadmin_and_auth_playbook" name="test_z_bruteforce_lockout_after_five_failures" time="0.657" /></testsuite></testsuites>