<?xml version="1.0" encoding="utf-8"?><testsuites name="pytest tests"><testsuite name="pytest" errors="0" failures="0" skipped="0" tests="3" time="1.405" timestamp="2026-04-30T11:05:00.475214+00:00" hostname="agent-env-ba67e22d-6b71-4fe8-aa51-02b7e4b7510e"><testcase classname="backend.tests.test_iteration38_super_admin_user_management_only" name="test_normal_admin_cannot_list_registered_users" time="0.233" /><testcase classname="backend.tests.test_iteration38_super_admin_user_management_only" name="test_super_admin_can_create_edit_disable_enable_and_delete_user_or_normal_admin" time="0.746" /><testcase classname="backend.tests.test_iteration38_super_admin_user_management_only" name="test_super_admin_itself_cannot_be_managed_from_users_endpoint" time="0.243" /></testsuite></testsuites>