<?xml version="1.0" encoding="utf-8"?><testsuites name="pytest tests"><testsuite name="pytest" errors="0" failures="0" skipped="0" tests="3" time="1.011" timestamp="2026-04-28T10:08:01.701085+00:00" hostname="agent-env-ba67e22d-6b71-4fe8-aa51-02b7e4b7510e"><testcase classname="backend.tests.test_iteration17_expense_voucher_api" name="test_expense_fields_for_cash_check_transfer" time="0.661" /><testcase classname="backend.tests.test_iteration17_expense_voucher_api" name="test_expense_create_then_get_persists_same_values" time="0.137" /><testcase classname="backend.tests.test_iteration17_expense_voucher_api" name="test_expense_delete_then_get_returns_404" time="0.140" /></testsuite></testsuites>