<?xml version="1.0" encoding="utf-8"?><testsuites name="pytest tests"><testsuite name="pytest" errors="0" failures="0" skipped="0" tests="5" time="3.881" timestamp="2026-05-07T00:21:37.491238+00:00" hostname="agent-env-ba67e22d-6b71-4fe8-aa51-02b7e4b7510e"><testcase classname="backend.tests.test_iteration74_deposit_renewal_journal_scope" name="test_renewal_creates_new_deposit_without_mutating_old_core_fields" time="0.887" /><testcase classname="backend.tests.test_iteration74_deposit_renewal_journal_scope" name="test_renewal_does_not_create_extra_journal_rows_or_copy_renewal_notes_into_journal" time="0.478" /><testcase classname="backend.tests.test_iteration73_deposit_renewal_independent_asset" name="test_renewed_deposit_is_independent_and_active_asset_is_period_scoped" time="1.439" /><testcase classname="backend.tests.test_iteration71_ledger_opening_deposit_interest" name="test_opening_deposit_entry_moves_to_opening_balance_not_january_rows" time="0.772" /><testcase classname="backend.tests.test_iteration71_ledger_opening_deposit_interest" name="test_ledger_january_shows_aggregated_deposit_interest_only_for_period" time="0.154" /></testsuite></testsuites>