<?xml version="1.0" encoding="utf-8"?><testsuites name="pytest tests"><testsuite name="pytest" errors="0" failures="1" skipped="0" tests="6" time="2.423" timestamp="2026-05-06T09:24:49.435992+00:00" hostname="agent-env-ba67e22d-6b71-4fe8-aa51-02b7e4b7510e"><testcase classname="backend.tests.test_iteration67_period_scope_financial_reports" name="test_journal_entries_returns_only_period_rows" time="1.400" /><testcase classname="backend.tests.test_iteration67_period_scope_financial_reports" name="test_ledger_single_period_opening_and_closing_formula" time="0.126" /><testcase classname="backend.tests.test_iteration67_period_scope_financial_reports" name="test_ledger_all_returns_period_rows_with_account_columns" time="0.135" /><testcase classname="backend.tests.test_iteration67_period_scope_financial_reports" name="test_trial_balance_opening_includes_prior_period_movement" time="0.121"><failure message="AssertionError: assert 0.0 == 100.0&#10; +  where 0.0 = round(0.0, 2)&#10; +    where 0.0 = float((0.0 or 0))&#10; +      where 0.0 = &lt;built-in method get of dict object at 0xff5a1c39a340&gt;('opening_balance')&#10; +        where &lt;built-in method get of dict object at 0xff5a1c39a340&gt; = {'account_code': 'TEST-ITER67-c9ae700c-A1', 'account_id': '4299503c-2663-4081-b7a9-8ed2cd2e45b2', 'account_name': 'TEST-ITER67-c9ae700c أصل اختباري', 'account_type': 'asset', ...}.get">backend/tests/test_iteration67_period_scope_financial_reports.py:200: in test_trial_balance_opening_includes_prior_period_movement
    assert round(float(target.get("opening_balance") or 0), 2) == seeded_period_data["opening_expected"]
E   AssertionError: assert 0.0 == 100.0
E    +  where 0.0 = round(0.0, 2)
E    +    where 0.0 = float((0.0 or 0))
E    +      where 0.0 = &lt;built-in method get of dict object at 0xff5a1c39a340&gt;('opening_balance')
E    +        where &lt;built-in method get of dict object at 0xff5a1c39a340&gt; = {'account_code': 'TEST-ITER67-c9ae700c-A1', 'account_id': '4299503c-2663-4081-b7a9-8ed2cd2e45b2', 'account_name': 'TEST-ITER67-c9ae700c أصل اختباري', 'account_type': 'asset', ...}.get</failure></testcase><testcase classname="backend.tests.test_iteration67_period_scope_financial_reports" name="test_reconciliation_balance_formula_matches_breakdown" time="0.126" /><testcase classname="backend.tests.test_iteration67_period_scope_financial_reports" name="test_data_flow_validation_is_valid_true" time="0.309" /></testsuite></testsuites>