<?xml version="1.0" encoding="utf-8"?><testsuites name="pytest tests"><testsuite name="pytest" errors="0" failures="3" skipped="1" tests="44" time="15.538" timestamp="2026-05-01T22:51:36.967808+00:00" hostname="agent-env-ba67e22d-6b71-4fe8-aa51-02b7e4b7510e"><testcase classname="backend.tests.test_iteration45_financial_statements_public_email_regression" name="test_cleanup_known_lockout_attempts_for_iteration_29_30_31" time="0.027" /><testcase classname="backend.tests.test_iteration45_financial_statements_public_email_regression" name="test_public_settings_has_no_example_or_iter_emails" time="0.204" /><testcase classname="backend.tests.test_iteration45_financial_statements_public_email_regression" name="test_public_settings_key_orgs_have_official_email_or_none" time="0.201" /><testcase classname="backend.tests.test_iteration45_financial_statements_public_email_regression" name="test_auth_playbook_login_sets_httponly_cookie" time="0.381" /><testcase classname="backend.tests.test_iteration45_financial_statements_public_email_regression" name="test_auth_playbook_bruteforce_lockout_after_five_failures" time="0.388" /><testcase classname="backend.tests.test_iteration45_financial_statements_public_email_regression" name="test_auth_playbook_cors_preflight_allows_credentials" time="0.071"><failure message="AssertionError: assert None == 'true'&#10; +  where None = get('access-control-allow-credentials')&#10; +    where get = {'Date': 'Fri, 01 May 2026 22:51:38 GMT', 'Connection': 'keep-alive', 'Access-Control-Allow-Origin': '*', 'Access-Control-Allow-Headers': '*', 'Access-Control-Allow-Methods': 'GET, POST, PUT, DELETE, OPTIONS, HEAD, PATCH', 'Access-Control-Max-Age': '300', 'set-cookie': '__cf_bm=k4bZXu7iyoYe7AcxOddnaFr8TO37iSovznV1DcCHDzw-1777675898.398677-1.0.1.1-Eq235DdOqO6tiWfKc.SDBAbteLR_gxbUuAoLZ7IINSNdr56bKvoeD8ZKNXKyZdN4o8hzJ.agkROB1qz5xk.o7YgP_DSdcCKbuFHn7L9Dqk7teMoYBP7wHqkD7dffd_7u; HttpOnly; Secure; Path=/; Domain=preview.emergentagent.com; Expires=Fri, 01 May 2026 23:21:38 GMT', 'X-Robots-Tag': 'noindex, nofollow', 'Server': 'cloudflare', 'CF-RAY': '9f525a1cfe6f27e1-ORD'}.get&#10; +      where {'Date': 'Fri, 01 May 2026 22:51:38 GMT', 'Connection': 'keep-alive', 'Access-Control-Allow-Origin': '*', 'Access-Control-Allow-Headers': '*', 'Access-Control-Allow-Methods': 'GET, POST, PUT, DELETE, OPTIONS, HEAD, PATCH', 'Access-Control-Max-Age': '300', 'set-cookie': '__cf_bm=k4bZXu7iyoYe7AcxOddnaFr8TO37iSovznV1DcCHDzw-1777675898.398677-1.0.1.1-Eq235DdOqO6tiWfKc.SDBAbteLR_gxbUuAoLZ7IINSNdr56bKvoeD8ZKNXKyZdN4o8hzJ.agkROB1qz5xk.o7YgP_DSdcCKbuFHn7L9Dqk7teMoYBP7wHqkD7dffd_7u; HttpOnly; Secure; Path=/; Domain=preview.emergentagent.com; Expires=Fri, 01 May 2026 23:21:38 GMT', 'X-Robots-Tag': 'noindex, nofollow', 'Server': 'cloudflare', 'CF-RAY': '9f525a1cfe6f27e1-ORD'} = &lt;Response [204]&gt;.headers">backend/tests/test_iteration45_financial_statements_public_email_regression.py:135: in test_auth_playbook_cors_preflight_allows_credentials
    assert response.headers.get("access-control-allow-credentials") == "true"
E   AssertionError: assert None == 'true'
E    +  where None = get('access-control-allow-credentials')
E    +    where get = {'Date': 'Fri, 01 May 2026 22:51:38 GMT', 'Connection': 'keep-alive', 'Access-Control-Allow-Origin': '*', 'Access-Control-Allow-Headers': '*', 'Access-Control-Allow-Methods': 'GET, POST, PUT, DELETE, OPTIONS, HEAD, PATCH', 'Access-Control-Max-Age': '300', 'set-cookie': '__cf_bm=k4bZXu7iyoYe7AcxOddnaFr8TO37iSovznV1DcCHDzw-1777675898.398677-1.0.1.1-Eq235DdOqO6tiWfKc.SDBAbteLR_gxbUuAoLZ7IINSNdr56bKvoeD8ZKNXKyZdN4o8hzJ.agkROB1qz5xk.o7YgP_DSdcCKbuFHn7L9Dqk7teMoYBP7wHqkD7dffd_7u; HttpOnly; Secure; Path=/; Domain=preview.emergentagent.com; Expires=Fri, 01 May 2026 23:21:38 GMT', 'X-Robots-Tag': 'noindex, nofollow', 'Server': 'cloudflare', 'CF-RAY': '9f525a1cfe6f27e1-ORD'}.get
E    +      where {'Date': 'Fri, 01 May 2026 22:51:38 GMT', 'Connection': 'keep-alive', 'Access-Control-Allow-Origin': '*', 'Access-Control-Allow-Headers': '*', 'Access-Control-Allow-Methods': 'GET, POST, PUT, DELETE, OPTIONS, HEAD, PATCH', 'Access-Control-Max-Age': '300', 'set-cookie': '__cf_bm=k4bZXu7iyoYe7AcxOddnaFr8TO37iSovznV1DcCHDzw-1777675898.398677-1.0.1.1-Eq235DdOqO6tiWfKc.SDBAbteLR_gxbUuAoLZ7IINSNdr56bKvoeD8ZKNXKyZdN4o8hzJ.agkROB1qz5xk.o7YgP_DSdcCKbuFHn7L9Dqk7teMoYBP7wHqkD7dffd_7u; HttpOnly; Secure; Path=/; Domain=preview.emergentagent.com; Expires=Fri, 01 May 2026 23:21:38 GMT', 'X-Robots-Tag': 'noindex, nofollow', 'Server': 'cloudflare', 'CF-RAY': '9f525a1cfe6f27e1-ORD'} = &lt;Response [204]&gt;.headers</failure></testcase><testcase classname="backend.tests.test_iteration45_financial_statements_public_email_regression" name="test_auth_playbook_bcrypt_hash_format_starts_with_2b" time="0.223" /><testcase classname="backend.tests.test_iteration45_financial_statements_public_email_regression" name="test_seed_admin_password_update_logic_present_in_code_review" time="0.001" /><testcase classname="backend.tests.test_iteration45_financial_statements_public_email_regression" name="test_financial_statements_2026_by_year_query_returns_required_sections" time="0.504" /><testcase classname="backend.tests.test_iteration45_financial_statements_public_email_regression" name="test_financial_statements_2026_formulas_and_validity" time="0.432" /><testcase classname="backend.tests.test_iteration45_financial_statements_public_email_regression" name="test_setup_download_exists_and_non_empty" time="0.303" /><testcase classname="backend.tests.test_iteration29_financial_statements_and_auth" name="test_auth_login_sets_httponly_cookie" time="0.377" /><testcase classname="backend.tests.test_iteration29_financial_statements_and_auth" name="test_auth_bruteforce_lockout_after_five_failures" time="0.462" /><testcase classname="backend.tests.test_iteration29_financial_statements_and_auth" name="test_auth_preflight_has_credentials_headers" time="0.069"><failure message="AssertionError: assert None == 'true'&#10; +  where None = get('access-control-allow-credentials')&#10; +    where get = {'Date': 'Fri, 01 May 2026 22:51:40 GMT', 'Connection': 'keep-alive', 'Access-Control-Allow-Origin': '*', 'Access-Control-Allow-Headers': '*', 'Access-Control-Allow-Methods': 'GET, POST, PUT, DELETE, OPTIONS, HEAD, PATCH', 'Access-Control-Max-Age': '300', 'set-cookie': '__cf_bm=43HOo8STLV1FqiOl9cmWsthE8.xwSU6Mu3edaYU_Yw4-1777675900.8041193-1.0.1.1-yHQIcXNq6TtXCozY1jCyJnOundXUqG2AhfajVjZJZWihcNhDalcz2PxfGD5AO20uM5mUDLM_r_ioLUbHOmQ3vs5ve95TOMttZWt8DxvOinoF3lWVaemOGMXgfP3G0GDt; HttpOnly; Secure; Path=/; Domain=preview.emergentagent.com; Expires=Fri, 01 May 2026 23:21:40 GMT', 'X-Robots-Tag': 'noindex, nofollow', 'Server': 'cloudflare', 'CF-RAY': '9f525a2c0cb08b11-ORD'}.get&#10; +      where {'Date': 'Fri, 01 May 2026 22:51:40 GMT', 'Connection': 'keep-alive', 'Access-Control-Allow-Origin': '*', 'Access-Control-Allow-Headers': '*', 'Access-Control-Allow-Methods': 'GET, POST, PUT, DELETE, OPTIONS, HEAD, PATCH', 'Access-Control-Max-Age': '300', 'set-cookie': '__cf_bm=43HOo8STLV1FqiOl9cmWsthE8.xwSU6Mu3edaYU_Yw4-1777675900.8041193-1.0.1.1-yHQIcXNq6TtXCozY1jCyJnOundXUqG2AhfajVjZJZWihcNhDalcz2PxfGD5AO20uM5mUDLM_r_ioLUbHOmQ3vs5ve95TOMttZWt8DxvOinoF3lWVaemOGMXgfP3G0GDt; HttpOnly; Secure; Path=/; Domain=preview.emergentagent.com; Expires=Fri, 01 May 2026 23:21:40 GMT', 'X-Robots-Tag': 'noindex, nofollow', 'Server': 'cloudflare', 'CF-RAY': '9f525a2c0cb08b11-ORD'} = &lt;Response [204]&gt;.headers">backend/tests/test_iteration29_financial_statements_and_auth.py:89: in test_auth_preflight_has_credentials_headers
    assert response.headers.get("access-control-allow-credentials") == "true"
E   AssertionError: assert None == 'true'
E    +  where None = get('access-control-allow-credentials')
E    +    where get = {'Date': 'Fri, 01 May 2026 22:51:40 GMT', 'Connection': 'keep-alive', 'Access-Control-Allow-Origin': '*', 'Access-Control-Allow-Headers': '*', 'Access-Control-Allow-Methods': 'GET, POST, PUT, DELETE, OPTIONS, HEAD, PATCH', 'Access-Control-Max-Age': '300', 'set-cookie': '__cf_bm=43HOo8STLV1FqiOl9cmWsthE8.xwSU6Mu3edaYU_Yw4-1777675900.8041193-1.0.1.1-yHQIcXNq6TtXCozY1jCyJnOundXUqG2AhfajVjZJZWihcNhDalcz2PxfGD5AO20uM5mUDLM_r_ioLUbHOmQ3vs5ve95TOMttZWt8DxvOinoF3lWVaemOGMXgfP3G0GDt; HttpOnly; Secure; Path=/; Domain=preview.emergentagent.com; Expires=Fri, 01 May 2026 23:21:40 GMT', 'X-Robots-Tag': 'noindex, nofollow', 'Server': 'cloudflare', 'CF-RAY': '9f525a2c0cb08b11-ORD'}.get
E    +      where {'Date': 'Fri, 01 May 2026 22:51:40 GMT', 'Connection': 'keep-alive', 'Access-Control-Allow-Origin': '*', 'Access-Control-Allow-Headers': '*', 'Access-Control-Allow-Methods': 'GET, POST, PUT, DELETE, OPTIONS, HEAD, PATCH', 'Access-Control-Max-Age': '300', 'set-cookie': '__cf_bm=43HOo8STLV1FqiOl9cmWsthE8.xwSU6Mu3edaYU_Yw4-1777675900.8041193-1.0.1.1-yHQIcXNq6TtXCozY1jCyJnOundXUqG2AhfajVjZJZWihcNhDalcz2PxfGD5AO20uM5mUDLM_r_ioLUbHOmQ3vs5ve95TOMttZWt8DxvOinoF3lWVaemOGMXgfP3G0GDt; HttpOnly; Secure; Path=/; Domain=preview.emergentagent.com; Expires=Fri, 01 May 2026 23:21:40 GMT', 'X-Robots-Tag': 'noindex, nofollow', 'Server': 'cloudflare', 'CF-RAY': '9f525a2c0cb08b11-ORD'} = &lt;Response [204]&gt;.headers</failure></testcase><testcase classname="backend.tests.test_iteration29_financial_statements_and_auth" name="test_financial_statements_auto_returns_required_sections[general-union]" time="0.434" /><testcase classname="backend.tests.test_iteration29_financial_statements_and_auth" name="test_financial_statements_auto_returns_required_sections[social-solidarity]" time="0.444" /><testcase classname="backend.tests.test_iteration29_financial_statements_and_auth" name="test_financial_statements_default_period_is_current_year[general-union]" time="0.481" /><testcase classname="backend.tests.test_iteration29_financial_statements_and_auth" name="test_financial_statements_default_period_is_current_year[social-solidarity]" time="0.469" /><testcase classname="backend.tests.test_iteration29_financial_statements_and_auth" name="test_financial_statements_period_override_works" time="0.444" /><testcase classname="backend.tests.test_iteration29_financial_statements_and_auth" name="test_balance_sheet_contains_required_totals_and_balance_gap" time="0.448" /><testcase classname="backend.tests.test_iteration29_financial_statements_and_auth" name="test_receipts_and_payments_classification_is_consistent" time="0.421" /><testcase classname="backend.tests.test_iteration29_financial_statements_and_auth" name="test_revenues_expenses_result_equals_revenue_minus_expense" time="0.433" /><testcase classname="backend.tests.test_iteration29_financial_statements_and_auth" name="test_accounting_errors_payload_shape_and_known_types" time="0.440" /><testcase classname="backend.tests.test_iteration30_financial_statements_annual" name="test_auth_login_success_per_organization[general-union]" time="0.353" /><testcase classname="backend.tests.test_iteration30_financial_statements_annual" name="test_auth_login_success_per_organization[social-solidarity]" time="0.361" /><testcase classname="backend.tests.test_iteration30_financial_statements_annual" name="test_auth_rejects_correct_user_on_wrong_organization" time="0.124" /><testcase classname="backend.tests.test_iteration30_financial_statements_annual" name="test_auth_login_sets_httponly_cookie" time="0.341" /><testcase classname="backend.tests.test_iteration30_financial_statements_annual" name="test_auth_bruteforce_lockout_after_five_failures" time="0.410" /><testcase classname="backend.tests.test_iteration30_financial_statements_annual" name="test_auth_preflight_has_credentials_headers" time="0.069"><failure message="AssertionError: assert None == 'true'&#10; +  where None = get('access-control-allow-credentials')&#10; +    where get = {'Date': 'Fri, 01 May 2026 22:51:46 GMT', 'Connection': 'keep-alive', 'Access-Control-Allow-Origin': '*', 'Access-Control-Allow-Headers': '*', 'Access-Control-Allow-Methods': 'GET, POST, PUT, DELETE, OPTIONS, HEAD, PATCH', 'Access-Control-Max-Age': '300', 'set-cookie': '__cf_bm=2DvT45e8ZnuuapFBnrl5d40ALk6AsBzwgIT.XHyEttY-1777675906.4984477-1.0.1.1-KsprW_sbdf2pA5MNUJ9rjSyvNNvQtZvF5lW3divH8LNRILHrTPQtlymXph7LpinKQ6wgTF.JfZzME2MSPonmJzb66laUEK9ZxJdJAuW8jIpwoXfXcB.uBUZX9JipYkT7; HttpOnly; Secure; Path=/; Domain=preview.emergentagent.com; Expires=Fri, 01 May 2026 23:21:46 GMT', 'X-Robots-Tag': 'noindex, nofollow', 'Server': 'cloudflare', 'CF-RAY': '9f525a4f984645f5-ORD'}.get&#10; +      where {'Date': 'Fri, 01 May 2026 22:51:46 GMT', 'Connection': 'keep-alive', 'Access-Control-Allow-Origin': '*', 'Access-Control-Allow-Headers': '*', 'Access-Control-Allow-Methods': 'GET, POST, PUT, DELETE, OPTIONS, HEAD, PATCH', 'Access-Control-Max-Age': '300', 'set-cookie': '__cf_bm=2DvT45e8ZnuuapFBnrl5d40ALk6AsBzwgIT.XHyEttY-1777675906.4984477-1.0.1.1-KsprW_sbdf2pA5MNUJ9rjSyvNNvQtZvF5lW3divH8LNRILHrTPQtlymXph7LpinKQ6wgTF.JfZzME2MSPonmJzb66laUEK9ZxJdJAuW8jIpwoXfXcB.uBUZX9JipYkT7; HttpOnly; Secure; Path=/; Domain=preview.emergentagent.com; Expires=Fri, 01 May 2026 23:21:46 GMT', 'X-Robots-Tag': 'noindex, nofollow', 'Server': 'cloudflare', 'CF-RAY': '9f525a4f984645f5-ORD'} = &lt;Response [204]&gt;.headers">backend/tests/test_iteration30_financial_statements_annual.py:101: in test_auth_preflight_has_credentials_headers
    assert response.headers.get("access-control-allow-credentials") == "true"
E   AssertionError: assert None == 'true'
E    +  where None = get('access-control-allow-credentials')
E    +    where get = {'Date': 'Fri, 01 May 2026 22:51:46 GMT', 'Connection': 'keep-alive', 'Access-Control-Allow-Origin': '*', 'Access-Control-Allow-Headers': '*', 'Access-Control-Allow-Methods': 'GET, POST, PUT, DELETE, OPTIONS, HEAD, PATCH', 'Access-Control-Max-Age': '300', 'set-cookie': '__cf_bm=2DvT45e8ZnuuapFBnrl5d40ALk6AsBzwgIT.XHyEttY-1777675906.4984477-1.0.1.1-KsprW_sbdf2pA5MNUJ9rjSyvNNvQtZvF5lW3divH8LNRILHrTPQtlymXph7LpinKQ6wgTF.JfZzME2MSPonmJzb66laUEK9ZxJdJAuW8jIpwoXfXcB.uBUZX9JipYkT7; HttpOnly; Secure; Path=/; Domain=preview.emergentagent.com; Expires=Fri, 01 May 2026 23:21:46 GMT', 'X-Robots-Tag': 'noindex, nofollow', 'Server': 'cloudflare', 'CF-RAY': '9f525a4f984645f5-ORD'}.get
E    +      where {'Date': 'Fri, 01 May 2026 22:51:46 GMT', 'Connection': 'keep-alive', 'Access-Control-Allow-Origin': '*', 'Access-Control-Allow-Headers': '*', 'Access-Control-Allow-Methods': 'GET, POST, PUT, DELETE, OPTIONS, HEAD, PATCH', 'Access-Control-Max-Age': '300', 'set-cookie': '__cf_bm=2DvT45e8ZnuuapFBnrl5d40ALk6AsBzwgIT.XHyEttY-1777675906.4984477-1.0.1.1-KsprW_sbdf2pA5MNUJ9rjSyvNNvQtZvF5lW3divH8LNRILHrTPQtlymXph7LpinKQ6wgTF.JfZzME2MSPonmJzb66laUEK9ZxJdJAuW8jIpwoXfXcB.uBUZX9JipYkT7; HttpOnly; Secure; Path=/; Domain=preview.emergentagent.com; Expires=Fri, 01 May 2026 23:21:46 GMT', 'X-Robots-Tag': 'noindex, nofollow', 'Server': 'cloudflare', 'CF-RAY': '9f525a4f984645f5-ORD'} = &lt;Response [204]&gt;.headers</failure></testcase><testcase classname="backend.tests.test_iteration30_financial_statements_annual" name="test_financial_statements_returns_requested_full_year[2026-general-union]" time="0.442" /><testcase classname="backend.tests.test_iteration30_financial_statements_annual" name="test_financial_statements_returns_requested_full_year[2026-social-solidarity]" time="0.440" /><testcase classname="backend.tests.test_iteration30_financial_statements_annual" name="test_financial_statements_returns_requested_full_year[2025-general-union]" time="0.437" /><testcase classname="backend.tests.test_iteration30_financial_statements_annual" name="test_financial_statements_returns_requested_full_year[2025-social-solidarity]" time="0.422" /><testcase classname="backend.tests.test_iteration30_financial_statements_annual" name="test_financial_statements_has_all_required_sections" time="0.448" /><testcase classname="backend.tests.test_iteration30_financial_statements_annual" name="test_balance_sheet_totals_and_gap_consistency" time="0.477" /><testcase classname="backend.tests.test_iteration30_financial_statements_annual" name="test_revenues_expenses_result_formula" time="0.424" /><testcase classname="backend.tests.test_iteration30_financial_statements_annual" name="test_receipts_payments_net_formula" time="0.431" /><testcase classname="backend.tests.test_iteration30_financial_statements_annual" name="test_financial_statements_previous_year_comparison_fetches_distinct_periods" time="0.537" /><testcase classname="backend.tests.test_iteration30_financial_statements_annual" name="test_auth_bcrypt_hash_format_starts_with_2b" time="0.230" /><testcase classname="backend.tests.test_iteration30_financial_statements_annual" name="test_seed_admin_update_behavior_is_covered_by_code_review" time="0.000"><skipped type="pytest.skip" message="Seed admin password-change update path requires controlled env mutation; verified in code review (ensure_default_admin)">/app/backend/tests/test_iteration30_financial_statements_annual.py:220: Seed admin password-change update path requires controlled env mutation; verified in code review (ensure_default_admin)</skipped></testcase><testcase classname="backend.tests.test_iteration31_financial_statements_entry5_repair" name="test_social_2026_financial_statements_has_no_entry5_accounting_error" time="0.433" /><testcase classname="backend.tests.test_iteration31_financial_statements_entry5_repair" name="test_social_2026_financial_statements_are_valid_and_balanced" time="0.439" /><testcase classname="backend.tests.test_iteration31_financial_statements_entry5_repair" name="test_social_journal_entry_5_legacy_lines_are_linked_to_expected_accounts" time="0.393" /><testcase classname="backend.tests.test_iteration31_financial_statements_entry5_repair" name="test_general_union_financial_statements_still_work_for_2026" time="0.422" /></testsuite></testsuites>