<?xml version="1.0" encoding="utf-8"?><testsuites name="pytest tests"><testsuite name="pytest" errors="0" failures="0" skipped="0" tests="10" time="4.547" timestamp="2026-05-03T23:37:29.496714+00:00" hostname="agent-env-ba67e22d-6b71-4fe8-aa51-02b7e4b7510e"><testcase classname="backend.tests.test_iteration49_rules_engine_ledgers" name="test_create_deposit_generates_deposit_and_interest_journals_and_ledger_1250" time="1.067" /><testcase classname="backend.tests.test_iteration49_rules_engine_ledgers" name="test_delete_deposit_removes_deposit_and_interest_journals" time="0.525" /><testcase classname="backend.tests.test_iteration49_rules_engine_ledgers" name="test_expense_category_maps_to_specific_account_and_ledger[hajj_umrah-5104-\u062d\u062c \u0648\u0639\u0645\u0631\u0629]" time="0.504" /><testcase classname="backend.tests.test_iteration49_rules_engine_ledgers" name="test_expense_category_maps_to_specific_account_and_ledger[meat_installment-5105-\u0642\u0633\u0637 \u0644\u062d\u0648\u0645]" time="0.696" /><testcase classname="backend.tests.test_iteration49_rules_engine_ledgers" name="test_expense_category_maps_to_specific_account_and_ledger[union_committee-5106-\u0644\u062c\u0646\u0629 \u0646\u0642\u0627\u0628\u064a\u0629]" time="0.503" /><testcase classname="backend.tests.test_iteration49_rules_engine_ledgers" name="test_download_setup_returns_valid_exe_binary" time="0.289" /><testcase classname="backend.tests.test_iteration49_rules_engine_ledgers" name="test_auth_login_sets_httponly_cookie_and_no_2fa_for_admin" time="0.331" /><testcase classname="backend.tests.test_iteration49_rules_engine_ledgers" name="test_auth_cors_allows_credentials_with_explicit_origin" time="0.002" /><testcase classname="backend.tests.test_iteration49_rules_engine_ledgers" name="test_auth_lockout_after_three_failed_attempts_product_policy" time="0.462" /><testcase classname="backend.tests.test_iteration49_rules_engine_ledgers" name="test_bcrypt_hash_prefix_and_seed_admin_password_update_guard_present" time="0.006" /></testsuite></testsuites>