<?xml version="1.0" encoding="utf-8"?><testsuites name="pytest tests"><testsuite name="pytest" errors="0" failures="0" skipped="0" tests="7" time="2.701" timestamp="2026-05-04T02:45:41.813455+00:00" hostname="agent-env-ba67e22d-6b71-4fe8-aa51-02b7e4b7510e"><testcase classname="backend.tests.test_iteration58_accounting_data_flow_validation" name="test_chart_accounts_have_required_cash_and_membership_alias_targets[general-union]" time="0.920" /><testcase classname="backend.tests.test_iteration58_accounting_data_flow_validation" name="test_chart_accounts_have_required_cash_and_membership_alias_targets[social-solidarity]" time="0.158" /><testcase classname="backend.tests.test_iteration58_accounting_data_flow_validation" name="test_social_solidarity_target_journal_entries_have_full_account_links" time="0.053" /><testcase classname="backend.tests.test_iteration58_accounting_data_flow_validation" name="test_financial_statements_valid_and_consistent[general-union]" time="0.120" /><testcase classname="backend.tests.test_iteration58_accounting_data_flow_validation" name="test_financial_statements_valid_and_consistent[social-solidarity]" time="0.118" /><testcase classname="backend.tests.test_iteration58_accounting_data_flow_validation" name="test_trial_balance_balanced_and_ledger_matches_all_movement_accounts[general-union]" time="0.207" /><testcase classname="backend.tests.test_iteration58_accounting_data_flow_validation" name="test_trial_balance_balanced_and_ledger_matches_all_movement_accounts[social-solidarity]" time="1.061" /></testsuite></testsuites>