<?xml version="1.0" encoding="utf-8"?><testsuites name="pytest tests"><testsuite name="pytest" errors="0" failures="0" skipped="1" tests="2" time="0.213" timestamp="2026-05-04T06:12:35.843183+00:00" hostname="agent-env-ba67e22d-6b71-4fe8-aa51-02b7e4b7510e"><testcase classname="backend.tests.test_iteration60_reversal_dataflow_admin_ui_scope" name="test_admin_password_hash_is_bcrypt_2b_prefix" time="0.016" /><testcase classname="backend.tests.test_iteration60_reversal_dataflow_admin_ui_scope" name="test_login_lockout_after_three_failed_attempts" time="0.001"><skipped type="pytest.skip" message="REACT_APP_BACKEND_URL is not configured">/app/backend/tests/test_iteration60_reversal_dataflow_admin_ui_scope.py:117: REACT_APP_BACKEND_URL is not configured</skipped></testcase></testsuite></testsuites>