<?xml version="1.0" encoding="utf-8"?><testsuites name="pytest tests"><testsuite name="pytest" errors="0" failures="0" skipped="0" tests="9" time="19.844" timestamp="2026-05-06T12:47:40.848008+00:00" hostname="agent-env-ba67e22d-6b71-4fe8-aa51-02b7e4b7510e"><testcase classname="tests.test_iteration71_ledger_opening_deposit_interest" name="test_opening_deposit_entry_moves_to_opening_balance_not_january_rows" time="2.584" /><testcase classname="tests.test_iteration71_ledger_opening_deposit_interest" name="test_ledger_january_shows_aggregated_deposit_interest_only_for_period" time="0.374" /><testcase classname="tests.test_iteration70_ledger_actual_movement_scope" name="test_ledger_all_shows_only_accounts_with_actual_period_movement" time="8.709" /><testcase classname="tests.test_iteration67_period_scope_financial_reports" name="test_journal_entries_returns_only_period_rows" time="4.627" /><testcase classname="tests.test_iteration67_period_scope_financial_reports" name="test_ledger_single_period_opening_and_closing_formula" time="0.686" /><testcase classname="tests.test_iteration67_period_scope_financial_reports" name="test_ledger_all_returns_period_rows_with_account_columns" time="0.368" /><testcase classname="tests.test_iteration67_period_scope_financial_reports" name="test_trial_balance_opening_includes_prior_period_movement" time="0.599" /><testcase classname="tests.test_iteration67_period_scope_financial_reports" name="test_reconciliation_balance_formula_matches_breakdown" time="0.711" /><testcase classname="tests.test_iteration67_period_scope_financial_reports" name="test_data_flow_validation_is_valid_true" time="1.028" /></testsuite></testsuites>