<?xml version="1.0" encoding="utf-8"?><testsuites name="pytest tests"><testsuite name="pytest" errors="0" failures="1" skipped="1" tests="6" time="3.596" timestamp="2026-04-30T11:06:21.080202+00:00" hostname="agent-env-ba67e22d-6b71-4fe8-aa51-02b7e4b7510e"><testcase classname="backend.tests.test_iteration39_super_admin_scope_and_auth_playbook" name="test_admin_union_get_post_put_delete_admin_users_return_403_with_required_message" time="1.298" /><testcase classname="backend.tests.test_iteration39_super_admin_scope_and_auth_playbook" name="test_super_admin_not_listed_and_cannot_be_updated_or_deleted" time="0.503" /><testcase classname="backend.tests.test_iteration39_super_admin_scope_and_auth_playbook" name="test_login_sets_httponly_cookie" time="0.275" /><testcase classname="backend.tests.test_iteration39_super_admin_scope_and_auth_playbook" name="test_cors_preflight_returns_explicit_origin_and_allow_credentials" time="0.109"><failure message="AssertionError: assert '*' == 'https://inte...gentagent.com'&#10;  &#10;  - https://interest-calculator-12.preview.emergentagent.com&#10;  + *">backend/tests/test_iteration39_super_admin_scope_and_auth_playbook.py:184: in test_cors_preflight_returns_explicit_origin_and_allow_credentials
    assert response.headers.get("Access-Control-Allow-Origin") == origin
E   AssertionError: assert '*' == 'https://inte...gentagent.com'
E     
E     - https://interest-calculator-12.preview.emergentagent.com
E     + *</failure></testcase><testcase classname="backend.tests.test_iteration39_super_admin_scope_and_auth_playbook" name="test_bruteforce_lockout_after_five_failed_attempts" time="1.245" /><testcase classname="backend.tests.test_iteration39_super_admin_scope_and_auth_playbook" name="test_seeded_admin_password_hash_uses_bcrypt_2b_prefix" time="0.001"><skipped type="pytest.skip" message="MONGO_URL or DB_NAME missing">/app/backend/tests/test_iteration39_super_admin_scope_and_auth_playbook.py:204: MONGO_URL or DB_NAME missing</skipped></testcase></testsuite></testsuites>