<?xml version="1.0" encoding="utf-8"?><testsuites name="pytest tests"><testsuite name="pytest" errors="0" failures="0" skipped="0" tests="6" time="1.954" timestamp="2026-05-06T07:40:33.627105+00:00" hostname="agent-env-ba67e22d-6b71-4fe8-aa51-02b7e4b7510e"><testcase classname="backend.tests.test_iteration64_opening_balance_date_messages" name="test_login_sets_httponly_cookie" time="0.480" /><testcase classname="backend.tests.test_iteration64_opening_balance_date_messages" name="test_opening_balance_date_after_existing_transactions_rejected_with_arabic_message" time="0.313" /><testcase classname="backend.tests.test_iteration64_opening_balance_date_messages" name="test_transaction_before_opening_balance_date_rejected_with_bank_and_dates" time="0.181" /><testcase classname="backend.tests.test_iteration64_opening_balance_date_messages" name="test_transaction_on_opening_balance_date_allowed" time="0.246" /><testcase classname="backend.tests.test_iteration64_opening_balance_date_messages" name="test_transaction_after_opening_balance_date_allowed" time="0.421" /><testcase classname="backend.tests.test_iteration64_opening_balance_date_messages" name="test_admin_data_flow_validation_is_valid" time="0.234" /></testsuite></testsuites>