<?xml version="1.0" encoding="utf-8"?><testsuites name="pytest tests"><testsuite name="pytest" errors="0" failures="0" skipped="0" tests="9" time="5.984" timestamp="2026-05-07T05:36:27.453352+00:00" hostname="agent-env-ba67e22d-6b71-4fe8-aa51-02b7e4b7510e"><testcase classname="backend.tests.test_iteration72_bank_reconciliation_monthly_formula" name="test_bank_reconciliation_uses_month_opening_plus_receipts_minus_payments" time="1.857" /><testcase classname="backend.tests.test_iteration75_trial_balance_revenue_breakdown" name="test_trial_balance_separates_checks_payment_orders_and_deposit_interest" time="0.750" /><testcase classname="backend.tests.test_iteration73_deposit_renewal_independent_asset" name="test_renewed_deposit_is_independent_and_active_asset_is_period_scoped" time="1.310" /><testcase classname="backend.tests.test_iteration67_period_scope_financial_reports" name="test_journal_entries_returns_only_period_rows" time="1.000" /><testcase classname="backend.tests.test_iteration67_period_scope_financial_reports" name="test_ledger_single_period_opening_and_closing_formula" time="0.155" /><testcase classname="backend.tests.test_iteration67_period_scope_financial_reports" name="test_ledger_all_returns_period_rows_with_account_columns" time="0.156" /><testcase classname="backend.tests.test_iteration67_period_scope_financial_reports" name="test_trial_balance_opening_includes_prior_period_movement" time="0.124" /><testcase classname="backend.tests.test_iteration67_period_scope_financial_reports" name="test_reconciliation_balance_formula_matches_breakdown" time="0.127" /><testcase classname="backend.tests.test_iteration67_period_scope_financial_reports" name="test_data_flow_validation_is_valid_true" time="0.352" /></testsuite></testsuites>