<?xml version="1.0" encoding="utf-8"?><testsuites name="pytest tests"><testsuite name="pytest" errors="0" failures="0" skipped="0" tests="2" time="1.167" timestamp="2026-04-29T01:30:22.123663+00:00" hostname="agent-env-ba67e22d-6b71-4fe8-aa51-02b7e4b7510e"><testcase classname="backend.tests.test_iteration20_seed_banking_expenses_ui" name="test_seed_banking_expenses_ui_rows" time="0.878" /><testcase classname="backend.tests.test_iteration20_seed_banking_expenses_ui" name="test_cleanup_banking_expenses_ui_rows" time="0.220" /></testsuite></testsuites>