<?xml version="1.0" encoding="utf-8"?><testsuites name="pytest tests"><testsuite name="pytest" errors="0" failures="0" skipped="0" tests="5" time="3.398" timestamp="2026-04-30T07:29:36.948463+00:00" hostname="agent-env-ba67e22d-6b71-4fe8-aa51-02b7e4b7510e"><testcase classname="backend.tests.test_iteration27_fixed_assets_membership_preview" name="test_fixed_assets_catalog_add_use_delete_without_removing_registered_asset" time="1.696" /><testcase classname="backend.tests.test_iteration27_fixed_assets_membership_preview" name="test_membership_preview_does_not_insert_before_commit_and_commit_inserts_accepted_only" time="0.547" /><testcase classname="backend.tests.test_iteration27_fixed_assets_membership_preview" name="test_membership_preview_cancel_behavior_no_commit_no_insert" time="0.221" /><testcase classname="backend.tests.test_iteration27_fixed_assets_membership_preview" name="test_legacy_membership_import_endpoint_still_works" time="0.225" /><testcase classname="backend.tests.test_iteration27_fixed_assets_membership_preview" name="test_membership_routes_are_isolated_from_general_union" time="0.551" /></testsuite></testsuites>