<?xml version="1.0" encoding="utf-8"?><testsuites name="pytest tests"><testsuite name="pytest" errors="0" failures="1" skipped="0" tests="7" time="3.310" timestamp="2026-05-06T12:18:22.185781+00:00" hostname="agent-env-ba67e22d-6b71-4fe8-aa51-02b7e4b7510e"><testcase classname="backend.tests.test_iteration69_revenue_expense_deposit_scope" name="test_revenue_current_account_interest_forces_collected_and_posts_bank_debit" time="1.305" /><testcase classname="backend.tests.test_iteration69_revenue_expense_deposit_scope" name="test_revenue_deposit_maturity_forces_collected_and_posts_deposit_interest_credit" time="0.313" /><testcase classname="backend.tests.test_iteration69_revenue_expense_deposit_scope" name="test_expense_deposit_link_forces_paid_zeros_deductions_and_posts_term_deposit_debit" time="0.294" /><testcase classname="backend.tests.test_iteration69_revenue_expense_deposit_scope" name="test_financial_statements_period_includes_interest_revenues_and_excludes_deposit_link_from_operating_expenses" time="0.397" /><testcase classname="backend.tests.test_iteration69_revenue_expense_deposit_scope" name="test_journal_default_filter_excludes_deposit_interest_and_period_rows_are_in_range" time="0.202" /><testcase classname="backend.tests.test_iteration69_revenue_expense_deposit_scope" name="test_ledger_all_period_scope_returns_target_rows_within_period" time="0.304" /><testcase classname="backend.tests.test_iteration69_revenue_expense_deposit_scope" name="test_data_flow_validation_stays_valid_true" time="0.310"><failure message="AssertionError: assert False is True&#10; +  where False = &lt;built-in method get of dict object at 0xfa47d255d4c0&gt;('is_valid')&#10; +    where &lt;built-in method get of dict object at 0xfa47d255d4c0&gt; = {'generated_at': '2026-05-06T12:18:25.433912+00:00', 'is_valid': False, 'organizations': [{'accounting': {'balance_sheet': {'assets': 1100849.5, 'check': 0.0, 'equity': 1100849.5, 'liabilities': 0.0}, 'cash_in_out': {'net': 291849.5, 'payments': 3000.0, 'receipts': 294849.5}, 'critical_accounting_errors': [], 'hidden_reversal_entries_count': 2, ...}, 'membership': {'allocated_amount': 0, 'as_of_date': '2026-05-06', 'batch_payments_count': 0, 'is_applicable': True, ...}, 'organization_id': 'social-solidarity', 'organization_name': 'مشروع التكافل الاجتماعي'}, {'accounting': {'balance_sheet': {'assets': 12345.67, 'check': 0.0, 'equity': 12345.67, 'liabilities': 0.0}, 'cash_in_out': {'net': 12345.67, 'payments': 0.0, 'receipts': 12345.67}, 'critical_accounting_errors': [], 'hidden_reversal_entries_count': 0, ...}, 'membership': {'is_applicable': False, 'is_valid': True, 'message': 'نظام العضوية خاص بمشروع التكافل الاجتماعي', 'organization_id': 'general-union'}, 'organization_id': 'general-union', 'organization_name': 'النقابة العامة للعاملين بالزراعة والري والصيد واستصلاح الأراضي'}]}.get">backend/tests/test_iteration69_revenue_expense_deposit_scope.py:276: in test_data_flow_validation_stays_valid_true
    assert body.get("is_valid") is True
E   AssertionError: assert False is True
E    +  where False = &lt;built-in method get of dict object at 0xfa47d255d4c0&gt;('is_valid')
E    +    where &lt;built-in method get of dict object at 0xfa47d255d4c0&gt; = {'generated_at': '2026-05-06T12:18:25.433912+00:00', 'is_valid': False, 'organizations': [{'accounting': {'balance_sheet': {'assets': 1100849.5, 'check': 0.0, 'equity': 1100849.5, 'liabilities': 0.0}, 'cash_in_out': {'net': 291849.5, 'payments': 3000.0, 'receipts': 294849.5}, 'critical_accounting_errors': [], 'hidden_reversal_entries_count': 2, ...}, 'membership': {'allocated_amount': 0, 'as_of_date': '2026-05-06', 'batch_payments_count': 0, 'is_applicable': True, ...}, 'organization_id': 'social-solidarity', 'organization_name': 'مشروع التكافل الاجتماعي'}, {'accounting': {'balance_sheet': {'assets': 12345.67, 'check': 0.0, 'equity': 12345.67, 'liabilities': 0.0}, 'cash_in_out': {'net': 12345.67, 'payments': 0.0, 'receipts': 12345.67}, 'critical_accounting_errors': [], 'hidden_reversal_entries_count': 0, ...}, 'membership': {'is_applicable': False, 'is_valid': True, 'message': 'نظام العضوية خاص بمشروع التكافل الاجتماعي', 'organization_id': 'general-union'}, 'organization_id': 'general-union', 'organization_name': 'النقابة العامة للعاملين بالزراعة والري والصيد واستصلاح الأراضي'}]}.get</failure></testcase></testsuite></testsuites>