<?xml version="1.0" encoding="utf-8"?><testsuites name="pytest tests"><testsuite name="pytest" errors="0" failures="1" skipped="0" tests="7" time="2.721" timestamp="2026-04-29T11:49:13.745116+00:00" hostname="agent-env-ba67e22d-6b71-4fe8-aa51-02b7e4b7510e"><testcase classname="backend.tests.test_iteration23_trial_balance.TestTrialBalanceFeature" name="test_trial_balance_from_banking_expense_is_balanced" time="0.604" /><testcase classname="backend.tests.test_iteration23_trial_balance.TestTrialBalanceFeature" name="test_trial_balance_account_type_filter_expense_can_be_unbalanced" time="0.117"><failure message="AssertionError: Observed account types with expense filter: ['asset', 'expense']&#10;assert False&#10; +  where False = all(&lt;generator object TestTrialBalanceFeature.test_trial_balance_account_type_filter_expense_can_be_unbalanced.&lt;locals&gt;.&lt;genexpr&gt; at 0xfd1d25700120&gt;)">backend/tests/test_iteration23_trial_balance.py:152: in test_trial_balance_account_type_filter_expense_can_be_unbalanced
    assert all(row.get("account_type") == "expense" for row in rows), f"Observed account types with expense filter: {observed_types}"
E   AssertionError: Observed account types with expense filter: ['asset', 'expense']
E   assert False
E    +  where False = all(&lt;generator object TestTrialBalanceFeature.test_trial_balance_account_type_filter_expense_can_be_unbalanced.&lt;locals&gt;.&lt;genexpr&gt; at 0xfd1d25700120&gt;)</failure></testcase><testcase classname="backend.tests.test_iteration23_trial_balance.TestTrialBalanceFeature" name="test_trial_balance_non_zero_only_returns_movement_rows" time="0.123" /><testcase classname="backend.tests.test_iteration23_trial_balance.TestTrialBalanceFeature" name="test_disable_trial_balance_module_and_restore" time="0.650" /><testcase classname="backend.tests.test_iteration23_trial_balance.TestAuthGuardChecks" name="test_login_sets_httponly_cookie" time="0.343" /><testcase classname="backend.tests.test_iteration23_trial_balance.TestAuthGuardChecks" name="test_bruteforce_lockout_after_five_failed_attempts" time="0.697" /><testcase classname="backend.tests.test_iteration23_trial_balance.TestAuthGuardChecks" name="test_admin_hash_is_bcrypt_2b_format" time="0.009" /></testsuite></testsuites>