<?xml version="1.0" encoding="utf-8"?><testsuites name="pytest tests"><testsuite name="pytest" errors="0" failures="0" skipped="0" tests="8" time="1.966" timestamp="2026-05-04T07:51:22.379457+00:00" hostname="agent-env-ba67e22d-6b71-4fe8-aa51-02b7e4b7510e"><testcase classname="backend.tests.test_iteration62_opening_balance_and_reconciliation_scope" name="test_banks_list_returns_opening_balance_date" time="0.686" /><testcase classname="backend.tests.test_iteration62_opening_balance_and_reconciliation_scope" name="test_update_opening_balance_requires_opening_balance_date" time="0.054" /><testcase classname="backend.tests.test_iteration62_opening_balance_and_reconciliation_scope" name="test_update_opening_balance_accepts_iso_date_and_updates_bank" time="0.117" /><testcase classname="backend.tests.test_iteration62_opening_balance_and_reconciliation_scope" name="test_create_bank_requires_opening_balance_date" time="0.048" /><testcase classname="backend.tests.test_iteration62_opening_balance_and_reconciliation_scope" name="test_opening_balance_creates_journal_at_opening_date" time="0.047" /><testcase classname="backend.tests.test_iteration62_opening_balance_and_reconciliation_scope" name="test_financial_transaction_before_opening_date_is_blocked" time="0.064" /><testcase classname="backend.tests.test_iteration62_opening_balance_and_reconciliation_scope" name="test_financial_transaction_on_opening_date_updates_journal_ledger_trial_balance" time="0.425" /><testcase classname="backend.tests.test_iteration62_opening_balance_and_reconciliation_scope" name="test_admin_data_flow_validation_is_valid" time="0.423" /></testsuite></testsuites>