<?xml version="1.0" encoding="utf-8"?><testsuites name="pytest tests"><testsuite name="pytest" errors="0" failures="0" skipped="0" tests="2" time="1.077" timestamp="2026-05-04T00:47:12.865870+00:00" hostname="agent-env-ba67e22d-6b71-4fe8-aa51-02b7e4b7510e"><testcase classname="backend.tests.test_iteration54_reversal_integrity" name="test_deposit_delete_preserves_originals_and_creates_new_reversal_rows" time="0.682" /><testcase classname="backend.tests.test_iteration54_reversal_integrity" name="test_manual_journal_delete_creates_separate_reversal_linked_to_original" time="0.231" /></testsuite></testsuites>