<?xml version="1.0" encoding="utf-8"?><testsuites name="pytest tests"><testsuite name="pytest" errors="0" failures="0" skipped="8" tests="8" time="0.071" timestamp="2026-04-28T10:07:11.003599+00:00" hostname="agent-env-ba67e22d-6b71-4fe8-aa51-02b7e4b7510e"><testcase classname="backend.tests.test_iteration16_expenses_module" name="test_expenses_create_cash_and_get_list_clean_json" time="0.000"><skipped type="pytest.skip" message="REACT_APP_BACKEND_URL is not set">/app/backend/tests/test_iteration16_expenses_module.py:126: REACT_APP_BACKEND_URL is not set</skipped></testcase><testcase classname="backend.tests.test_iteration16_expenses_module" name="test_expenses_uniqueness_and_method_specific_requirements" time="0.000"><skipped type="pytest.skip" message="REACT_APP_BACKEND_URL is not set">/app/backend/tests/test_iteration16_expenses_module.py:158: REACT_APP_BACKEND_URL is not set</skipped></testcase><testcase classname="backend.tests.test_iteration16_expenses_module" name="test_expenses_search_by_number_and_person_fields" time="0.000"><skipped type="pytest.skip" message="REACT_APP_BACKEND_URL is not set">/app/backend/tests/test_iteration16_expenses_module.py:189: REACT_APP_BACKEND_URL is not set</skipped></testcase><testcase classname="backend.tests.test_iteration16_expenses_module" name="test_expense_update_and_delete_persistence" time="0.000"><skipped type="pytest.skip" message="REACT_APP_BACKEND_URL is not set">/app/backend/tests/test_iteration16_expenses_module.py:240: REACT_APP_BACKEND_URL is not set</skipped></testcase><testcase classname="backend.tests.test_iteration16_expenses_module" name="test_view_reports_user_permissions_on_expenses" time="0.000"><skipped type="pytest.skip" message="REACT_APP_BACKEND_URL is not set">/app/backend/tests/test_iteration16_expenses_module.py:273: REACT_APP_BACKEND_URL is not set</skipped></testcase><testcase classname="backend.tests.test_iteration16_expenses_module" name="test_manage_expenses_user_can_create_update_delete" time="0.000"><skipped type="pytest.skip" message="REACT_APP_BACKEND_URL is not set">/app/backend/tests/test_iteration16_expenses_module.py:322: REACT_APP_BACKEND_URL is not set</skipped></testcase><testcase classname="backend.tests.test_iteration16_expenses_module" name="test_bruteforce_lockout_not_enforced_after_five_attempts" time="0.000"><skipped type="pytest.skip" message="REACT_APP_BACKEND_URL is not set">/app/backend/tests/test_iteration16_expenses_module.py:365: REACT_APP_BACKEND_URL is not set</skipped></testcase><testcase classname="backend.tests.test_iteration16_expenses_module" name="test_login_missing_http_only_cookie" time="0.000"><skipped type="pytest.skip" message="REACT_APP_BACKEND_URL is not set">/app/backend/tests/test_iteration16_expenses_module.py:375: REACT_APP_BACKEND_URL is not set</skipped></testcase></testsuite></testsuites>