<?xml version="1.0" encoding="utf-8"?><testsuites name="pytest tests"><testsuite name="pytest" errors="0" failures="1" skipped="0" tests="11" time="3.223" timestamp="2026-04-30T10:37:32.413897+00:00" hostname="agent-env-ba67e22d-6b71-4fe8-aa51-02b7e4b7510e"><testcase classname="backend.tests.test_iteration37_global_2fa_removal_and_auth_playbook" name="test_super_admin_login_returns_token_without_2fa[general-union]" time="0.405" /><testcase classname="backend.tests.test_iteration37_global_2fa_removal_and_auth_playbook" name="test_super_admin_login_returns_token_without_2fa[social-solidarity]" time="0.270" /><testcase classname="backend.tests.test_iteration37_global_2fa_removal_and_auth_playbook" name="test_admin_union_login_does_not_require_otp_even_if_sent" time="0.279" /><testcase classname="backend.tests.test_iteration37_global_2fa_removal_and_auth_playbook" name="test_database_has_no_active_totp_fields" time="0.006" /><testcase classname="backend.tests.test_iteration37_global_2fa_removal_and_auth_playbook" name="test_2fa_endpoints_return_410_with_cancellation_message" time="0.365" /><testcase classname="backend.tests.test_iteration37_global_2fa_removal_and_auth_playbook" name="test_login_sets_httponly_cookie" time="0.272" /><testcase classname="backend.tests.test_iteration37_global_2fa_removal_and_auth_playbook" name="test_cors_preflight_allows_credentials_with_explicit_origin" time="0.017"><failure message="AssertionError: assert None == 'true'&#10; +  where None = get('access-control-allow-credentials')&#10; +    where get = {'Date': 'Thu, 30 Apr 2026 10:37:34 GMT', 'Connection': 'keep-alive', 'Access-Control-Allow-Origin': '*', 'Access-Control-Allow-Headers': '*', 'Access-Control-Allow-Methods': 'GET, POST, PUT, DELETE, OPTIONS, HEAD, PATCH', 'Access-Control-Max-Age': '300', 'X-Robots-Tag': 'noindex, nofollow', 'Server': 'cloudflare', 'CF-RAY': '9f45e970aa580cda-ORD'}.get&#10; +      where {'Date': 'Thu, 30 Apr 2026 10:37:34 GMT', 'Connection': 'keep-alive', 'Access-Control-Allow-Origin': '*', 'Access-Control-Allow-Headers': '*', 'Access-Control-Allow-Methods': 'GET, POST, PUT, DELETE, OPTIONS, HEAD, PATCH', 'Access-Control-Max-Age': '300', 'X-Robots-Tag': 'noindex, nofollow', 'Server': 'cloudflare', 'CF-RAY': '9f45e970aa580cda-ORD'} = &lt;Response [204]&gt;.headers">backend/tests/test_iteration37_global_2fa_removal_and_auth_playbook.py:121: in test_cors_preflight_allows_credentials_with_explicit_origin
    assert response.headers.get("access-control-allow-credentials") == "true"
E   AssertionError: assert None == 'true'
E    +  where None = get('access-control-allow-credentials')
E    +    where get = {'Date': 'Thu, 30 Apr 2026 10:37:34 GMT', 'Connection': 'keep-alive', 'Access-Control-Allow-Origin': '*', 'Access-Control-Allow-Headers': '*', 'Access-Control-Allow-Methods': 'GET, POST, PUT, DELETE, OPTIONS, HEAD, PATCH', 'Access-Control-Max-Age': '300', 'X-Robots-Tag': 'noindex, nofollow', 'Server': 'cloudflare', 'CF-RAY': '9f45e970aa580cda-ORD'}.get
E    +      where {'Date': 'Thu, 30 Apr 2026 10:37:34 GMT', 'Connection': 'keep-alive', 'Access-Control-Allow-Origin': '*', 'Access-Control-Allow-Headers': '*', 'Access-Control-Allow-Methods': 'GET, POST, PUT, DELETE, OPTIONS, HEAD, PATCH', 'Access-Control-Max-Age': '300', 'X-Robots-Tag': 'noindex, nofollow', 'Server': 'cloudflare', 'CF-RAY': '9f45e970aa580cda-ORD'} = &lt;Response [204]&gt;.headers</failure></testcase><testcase classname="backend.tests.test_iteration37_global_2fa_removal_and_auth_playbook" name="test_bruteforce_lockout_after_five_failures" time="1.409" /><testcase classname="backend.tests.test_iteration37_global_2fa_removal_and_auth_playbook" name="test_setup_exe_and_release_cleanup_files" time="0.000" /><testcase classname="backend.tests.test_iteration37_global_2fa_removal_and_auth_playbook" name="test_release_js_has_no_otp_or_google_authenticator_strings" time="0.003" /><testcase classname="backend.tests.test_iteration37_global_2fa_removal_and_auth_playbook" name="test_seed_admin_accounts_use_bcrypt_2b_prefix" time="0.002" /></testsuite></testsuites>