<?xml version="1.0" encoding="utf-8"?><testsuites name="pytest tests"><testsuite name="pytest" errors="0" failures="0" skipped="0" tests="8" time="3.496" timestamp="2026-05-08T07:02:11.852437+00:00" hostname="agent-env-ba67e22d-6b71-4fe8-aa51-02b7e4b7510e"><testcase classname="backend.tests.test_iteration84_org_modules_tax_engine_scope" name="test_super_admin_get_modules_by_target_organization" time="0.687" /><testcase classname="backend.tests.test_iteration84_org_modules_tax_engine_scope" name="test_login_sets_httponly_cookie_for_super_admin" time="0.000" /><testcase classname="backend.tests.test_iteration84_org_modules_tax_engine_scope" name="test_non_super_admin_cannot_target_other_organization" time="0.456" /><testcase classname="backend.tests.test_iteration84_org_modules_tax_engine_scope" name="test_current_einvoice_state_general_true_social_false" time="0.266" /><testcase classname="backend.tests.test_iteration84_org_modules_tax_engine_scope" name="test_tax_engine_profile_status_matches_org_module_state" time="0.586" /><testcase classname="backend.tests.test_iteration84_org_modules_tax_engine_scope" name="test_updating_one_org_modules_does_not_change_other_org" time="0.704" /><testcase classname="backend.tests.test_iteration84_org_modules_tax_engine_scope" name="test_audit_log_contains_organization_modules_updated" time="0.354" /><testcase classname="backend.tests.test_iteration84_org_modules_tax_engine_scope" name="test_new_organization_default_does_not_auto_enable_einvoice" time="0.352" /></testsuite></testsuites>