<?xml version="1.0" encoding="utf-8"?><testsuites name="pytest tests"><testsuite name="pytest" errors="0" failures="2" skipped="0" tests="9" time="3.200" timestamp="2026-05-03T23:59:43.655079+00:00" hostname="agent-env-ba67e22d-6b71-4fe8-aa51-02b7e4b7510e"><testcase classname="backend.tests.test_iteration51_requested_scope" name="test_public_organizations_only_official_entities" time="0.290" /><testcase classname="backend.tests.test_iteration51_requested_scope" name="test_auth_login_sets_httponly_cookie" time="0.700" /><testcase classname="backend.tests.test_iteration51_requested_scope" name="test_auth_cors_preflight_allows_credentials_explicit_origin_localhost" time="0.002" /><testcase classname="backend.tests.test_iteration51_requested_scope" name="test_rules_engine_rules_list_and_simulate_returns_preview_without_posting" time="0.530" /><testcase classname="backend.tests.test_iteration51_requested_scope" name="test_download_setup_exe_is_valid_and_matches_dist_size" time="0.350" /><testcase classname="backend.tests.test_iteration51_requested_scope" name="test_fail_safe_unbalanced_manual_journal_create_returns_422" time="0.133"><failure message="AssertionError: {&quot;detail&quot;:&quot;القيد غير متوازن: إجمالي المدين يجب أن يساوي إجمالي الدائن&quot;}&#10;assert 400 == 422&#10; +  where 400 = &lt;Response [400]&gt;.status_code">backend/tests/test_iteration51_requested_scope.py:157: in test_fail_safe_unbalanced_manual_journal_create_returns_422
    assert response.status_code == 422, response.text
E   AssertionError: {"detail":"القيد غير متوازن: إجمالي المدين يجب أن يساوي إجمالي الدائن"}
E   assert 400 == 422
E    +  where 400 = &lt;Response [400]&gt;.status_code</failure></testcase><testcase classname="backend.tests.test_iteration51_requested_scope" name="test_fail_safe_unbalanced_manual_journal_update_returns_422" time="0.270"><failure message="AssertionError: {&quot;detail&quot;:&quot;القيد غير متوازن: إجمالي المدين يجب أن يساوي إجمالي الدائن&quot;}&#10;assert 400 == 422&#10; +  where 400 = &lt;Response [400]&gt;.status_code">backend/tests/test_iteration51_requested_scope.py:172: in test_fail_safe_unbalanced_manual_journal_update_returns_422
    assert response.status_code == 422, response.text
E   AssertionError: {"detail":"القيد غير متوازن: إجمالي المدين يجب أن يساوي إجمالي الدائن"}
E   assert 400 == 422
E    +  where 400 = &lt;Response [400]&gt;.status_code</failure></testcase><testcase classname="backend.tests.test_iteration51_requested_scope" name="test_audit_log_contains_before_after_for_chart_account_put" time="0.386" /><testcase classname="backend.tests.test_iteration51_requested_scope" name="test_audit_log_contains_before_after_for_journal_entry_put" time="0.386" /></testsuite></testsuites>