<?xml version="1.0" encoding="utf-8"?><testsuites name="pytest tests"><testsuite name="pytest" errors="0" failures="1" skipped="1" tests="17" time="6.057" timestamp="2026-04-30T08:41:52.057836+00:00" hostname="agent-env-ba67e22d-6b71-4fe8-aa51-02b7e4b7510e"><testcase classname="backend.tests.test_iteration30_financial_statements_annual" name="test_auth_login_success_per_organization[general-union]" time="0.526" /><testcase classname="backend.tests.test_iteration30_financial_statements_annual" name="test_auth_login_success_per_organization[social-solidarity]" time="0.385" /><testcase classname="backend.tests.test_iteration30_financial_statements_annual" name="test_auth_rejects_correct_user_on_wrong_organization" time="0.153" /><testcase classname="backend.tests.test_iteration30_financial_statements_annual" name="test_auth_login_sets_httponly_cookie" time="0.360" /><testcase classname="backend.tests.test_iteration30_financial_statements_annual" name="test_auth_bruteforce_lockout_after_five_failures" time="0.373" /><testcase classname="backend.tests.test_iteration30_financial_statements_annual" name="test_auth_preflight_has_credentials_headers" time="0.069"><failure message="AssertionError: assert None == 'true'&#10; +  where None = get('access-control-allow-credentials')&#10; +    where get = {'Date': 'Thu, 30 Apr 2026 08:41:53 GMT', 'Connection': 'keep-alive', 'Access-Control-Allow-Origin': '*', 'Access-Control-Allow-Headers': '*', 'Access-Control-Allow-Methods': 'GET, POST, PUT, DELETE, OPTIONS, HEAD, PATCH', 'Access-Control-Max-Age': '300', 'set-cookie': '__cf_bm=s9L.2jVG7Rn8MOlcFsIjZmXzD91QFuA_YDq6iAsGfpQ-1777538513.9843976-1.0.1.1-1PDXYgpoOL91YvMooHtgcLMRNqi7B4EM.TMajA8NsaKG5HrU_fsbfTtNsCg5PrDwLYbBZjo0TPvbCJ5Ed1zEwZmcJNIVXLgKQgSn.2SLwCQp1mNcOKpMfzC1rRJPH8T7; HttpOnly; Secure; Path=/; Domain=preview.emergentagent.com; Expires=Thu, 30 Apr 2026 09:11:53 GMT', 'X-Robots-Tag': 'noindex, nofollow', 'Server': 'cloudflare', 'CF-RAY': '9f4540006ba8e81e-ORD'}.get&#10; +      where {'Date': 'Thu, 30 Apr 2026 08:41:53 GMT', 'Connection': 'keep-alive', 'Access-Control-Allow-Origin': '*', 'Access-Control-Allow-Headers': '*', 'Access-Control-Allow-Methods': 'GET, POST, PUT, DELETE, OPTIONS, HEAD, PATCH', 'Access-Control-Max-Age': '300', 'set-cookie': '__cf_bm=s9L.2jVG7Rn8MOlcFsIjZmXzD91QFuA_YDq6iAsGfpQ-1777538513.9843976-1.0.1.1-1PDXYgpoOL91YvMooHtgcLMRNqi7B4EM.TMajA8NsaKG5HrU_fsbfTtNsCg5PrDwLYbBZjo0TPvbCJ5Ed1zEwZmcJNIVXLgKQgSn.2SLwCQp1mNcOKpMfzC1rRJPH8T7; HttpOnly; Secure; Path=/; Domain=preview.emergentagent.com; Expires=Thu, 30 Apr 2026 09:11:53 GMT', 'X-Robots-Tag': 'noindex, nofollow', 'Server': 'cloudflare', 'CF-RAY': '9f4540006ba8e81e-ORD'} = &lt;Response [204]&gt;.headers">backend/tests/test_iteration30_financial_statements_annual.py:101: in test_auth_preflight_has_credentials_headers
    assert response.headers.get("access-control-allow-credentials") == "true"
E   AssertionError: assert None == 'true'
E    +  where None = get('access-control-allow-credentials')
E    +    where get = {'Date': 'Thu, 30 Apr 2026 08:41:53 GMT', 'Connection': 'keep-alive', 'Access-Control-Allow-Origin': '*', 'Access-Control-Allow-Headers': '*', 'Access-Control-Allow-Methods': 'GET, POST, PUT, DELETE, OPTIONS, HEAD, PATCH', 'Access-Control-Max-Age': '300', 'set-cookie': '__cf_bm=s9L.2jVG7Rn8MOlcFsIjZmXzD91QFuA_YDq6iAsGfpQ-1777538513.9843976-1.0.1.1-1PDXYgpoOL91YvMooHtgcLMRNqi7B4EM.TMajA8NsaKG5HrU_fsbfTtNsCg5PrDwLYbBZjo0TPvbCJ5Ed1zEwZmcJNIVXLgKQgSn.2SLwCQp1mNcOKpMfzC1rRJPH8T7; HttpOnly; Secure; Path=/; Domain=preview.emergentagent.com; Expires=Thu, 30 Apr 2026 09:11:53 GMT', 'X-Robots-Tag': 'noindex, nofollow', 'Server': 'cloudflare', 'CF-RAY': '9f4540006ba8e81e-ORD'}.get
E    +      where {'Date': 'Thu, 30 Apr 2026 08:41:53 GMT', 'Connection': 'keep-alive', 'Access-Control-Allow-Origin': '*', 'Access-Control-Allow-Headers': '*', 'Access-Control-Allow-Methods': 'GET, POST, PUT, DELETE, OPTIONS, HEAD, PATCH', 'Access-Control-Max-Age': '300', 'set-cookie': '__cf_bm=s9L.2jVG7Rn8MOlcFsIjZmXzD91QFuA_YDq6iAsGfpQ-1777538513.9843976-1.0.1.1-1PDXYgpoOL91YvMooHtgcLMRNqi7B4EM.TMajA8NsaKG5HrU_fsbfTtNsCg5PrDwLYbBZjo0TPvbCJ5Ed1zEwZmcJNIVXLgKQgSn.2SLwCQp1mNcOKpMfzC1rRJPH8T7; HttpOnly; Secure; Path=/; Domain=preview.emergentagent.com; Expires=Thu, 30 Apr 2026 09:11:53 GMT', 'X-Robots-Tag': 'noindex, nofollow', 'Server': 'cloudflare', 'CF-RAY': '9f4540006ba8e81e-ORD'} = &lt;Response [204]&gt;.headers</failure></testcase><testcase classname="backend.tests.test_iteration30_financial_statements_annual" name="test_financial_statements_returns_requested_full_year[2026-general-union]" time="0.438" /><testcase classname="backend.tests.test_iteration30_financial_statements_annual" name="test_financial_statements_returns_requested_full_year[2026-social-solidarity]" time="0.452" /><testcase classname="backend.tests.test_iteration30_financial_statements_annual" name="test_financial_statements_returns_requested_full_year[2025-general-union]" time="0.455" /><testcase classname="backend.tests.test_iteration30_financial_statements_annual" name="test_financial_statements_returns_requested_full_year[2025-social-solidarity]" time="0.399" /><testcase classname="backend.tests.test_iteration30_financial_statements_annual" name="test_financial_statements_has_all_required_sections" time="0.417" /><testcase classname="backend.tests.test_iteration30_financial_statements_annual" name="test_balance_sheet_totals_and_gap_consistency" time="0.400" /><testcase classname="backend.tests.test_iteration30_financial_statements_annual" name="test_revenues_expenses_result_formula" time="0.404" /><testcase classname="backend.tests.test_iteration30_financial_statements_annual" name="test_receipts_payments_net_formula" time="0.417" /><testcase classname="backend.tests.test_iteration30_financial_statements_annual" name="test_financial_statements_previous_year_comparison_fetches_distinct_periods" time="0.479" /><testcase classname="backend.tests.test_iteration30_financial_statements_annual" name="test_auth_bcrypt_hash_format_starts_with_2b" time="0.227" /><testcase classname="backend.tests.test_iteration30_financial_statements_annual" name="test_seed_admin_update_behavior_is_covered_by_code_review" time="0.000"><skipped type="pytest.skip" message="Seed admin password-change update path requires controlled env mutation; verified in code review (ensure_default_admin)">/app/backend/tests/test_iteration30_financial_statements_annual.py:220: Seed admin password-change update path requires controlled env mutation; verified in code review (ensure_default_admin)</skipped></testcase></testsuite></testsuites>