<?xml version="1.0" encoding="utf-8"?><testsuites name="pytest tests"><testsuite name="pytest" errors="0" failures="0" skipped="0" tests="4" time="4.064" timestamp="2026-05-03T13:37:56.380265+00:00" hostname="agent-env-ba67e22d-6b71-4fe8-aa51-02b7e4b7510e"><testcase classname="backend.tests.test_iteration48_financial_statements_balance_regression" name="test_accumulated_depreciation_credit_nature_not_flagged_reverse" time="1.382" /><testcase classname="backend.tests.test_iteration48_financial_statements_balance_regression" name="test_bank_credit_asset_reclassified_to_liabilities_without_reverse_warning" time="1.138" /><testcase classname="backend.tests.test_iteration48_financial_statements_balance_regression" name="test_opening_assets_without_equity_adds_opening_carry_line_and_balances_check_total" time="1.117" /><testcase classname="backend.tests.test_iteration48_financial_statements_balance_regression" name="test_download_setup_endpoint_returns_valid_exe_binary" time="0.346" /></testsuite></testsuites>