<?xml version="1.0" encoding="utf-8"?><testsuites name="pytest tests"><testsuite name="pytest" errors="0" failures="1" skipped="0" tests="11" time="5.732" timestamp="2026-05-01T22:19:52.576831+00:00" hostname="agent-env-ba67e22d-6b71-4fe8-aa51-02b7e4b7510e"><testcase classname="backend.tests.test_iteration44_controls_and_policies" name="test_auth_playbook_bcrypt_hash_prefix_for_admin" time="0.640" /><testcase classname="backend.tests.test_iteration44_controls_and_policies" name="test_auth_playbook_login_sets_httponly_cookie" time="0.328" /><testcase classname="backend.tests.test_iteration44_controls_and_policies" name="test_auth_playbook_cors_preflight_explicit_origin_and_credentials" time="0.068"><failure message="AssertionError: assert '*' == 'https://inte...gentagent.com'&#10;  &#10;  - https://interest-calculator-12.preview.emergentagent.com&#10;  + *">backend/tests/test_iteration44_controls_and_policies.py:122: in test_auth_playbook_cors_preflight_explicit_origin_and_credentials
    assert response.headers.get("access-control-allow-origin") == origin
E   AssertionError: assert '*' == 'https://inte...gentagent.com'
E     
E     - https://interest-calculator-12.preview.emergentagent.com
E     + *</failure></testcase><testcase classname="backend.tests.test_iteration44_controls_and_policies" name="test_auth_playbook_bruteforce_lockout_after_5_fails" time="0.852" /><testcase classname="backend.tests.test_iteration44_controls_and_policies" name="test_super_admin_can_save_logo_email_backup_and_2fa_policies" time="0.160" /><testcase classname="backend.tests.test_iteration44_controls_and_policies" name="test_public_settings_returns_organizations_emails_and_logo_list" time="0.102" /><testcase classname="backend.tests.test_iteration44_controls_and_policies" name="test_super_admin_can_add_org_with_clone_and_disable" time="0.231" /><testcase classname="backend.tests.test_iteration44_controls_and_policies" name="test_admin_union_cannot_create_org_clear_audit_or_save_global_settings" time="0.662" /><testcase classname="backend.tests.test_iteration44_controls_and_policies" name="test_training_exports_non_empty_and_no_super_admin_word" time="1.421" /><testcase classname="backend.tests.test_iteration44_controls_and_policies" name="test_backup_policy_blocks_service_when_disabled_and_role_not_allowed" time="0.494" /><testcase classname="backend.tests.test_iteration44_controls_and_policies" name="test_two_factor_policy_blocks_and_allows_setup_by_role" time="0.600" /></testsuite></testsuites>