<?xml version="1.0" encoding="utf-8"?><testsuites name="pytest tests"><testsuite name="pytest" errors="0" failures="0" skipped="0" tests="5" time="0.107" timestamp="2026-04-30T09:55:10.421536+00:00" hostname="agent-env-ba67e22d-6b71-4fe8-aa51-02b7e4b7510e"><testcase classname="backend.tests.test_iteration33_localhost_offline_packaging" name="test_localhost_root_serves_react_html" time="0.010" /><testcase classname="backend.tests.test_iteration33_localhost_offline_packaging" name="test_public_organizations_returns_two_local_orgs" time="0.004" /><testcase classname="backend.tests.test_iteration33_localhost_offline_packaging" name="test_release_frontend_build_has_no_preview_domain_and_has_localhost_reference" time="0.013" /><testcase classname="backend.tests.test_iteration33_localhost_offline_packaging" name="test_release_backend_wheels_exist_for_offline_install" time="0.000" /><testcase classname="backend.tests.test_iteration33_localhost_offline_packaging" name="test_setup_exe_exists_and_is_not_empty" time="0.000" /></testsuite></testsuites>