<?xml version="1.0" encoding="utf-8"?><testsuites name="pytest tests"><testsuite name="pytest" errors="0" failures="0" skipped="0" tests="5" time="1.265" timestamp="2026-04-28T10:42:23.693107+00:00" hostname="agent-env-ba67e22d-6b71-4fe8-aa51-02b7e4b7510e"><testcase classname="backend.tests.test_iteration18_expenses_scope_category" name="test_create_general_and_death_expenses_persist_fields" time="0.790" /><testcase classname="backend.tests.test_iteration18_expenses_scope_category" name="test_death_benefits_require_all_member_fields[membership_number-\u0631\u0642\u0645 \u0627\u0644\u0639\u0636\u0648\u064a\u0629]" time="0.052" /><testcase classname="backend.tests.test_iteration18_expenses_scope_category" name="test_death_benefits_require_all_member_fields[committee-\u0627\u0644\u0644\u062c\u0646\u0629]" time="0.049" /><testcase classname="backend.tests.test_iteration18_expenses_scope_category" name="test_death_benefits_require_all_member_fields[governorate-\u0627\u0644\u0645\u062d\u0627\u0641\u0638\u0629]" time="0.052" /><testcase classname="backend.tests.test_iteration18_expenses_scope_category" name="test_expenses_list_contains_year_and_category_for_ui_grouping" time="0.262" /></testsuite></testsuites>