<?xml version="1.0" encoding="utf-8"?><testsuites name="pytest tests"><testsuite name="pytest" errors="0" failures="0" skipped="0" tests="5" time="1.482" timestamp="2026-04-29T01:28:59.147045+00:00" hostname="agent-env-ba67e22d-6b71-4fe8-aa51-02b7e4b7510e"><testcase classname="backend.tests.test_iteration20_banking_expenses" name="test_banking_manual_charges_save_and_get" time="0.621" /><testcase classname="backend.tests.test_iteration20_banking_expenses" name="test_revenue_payment_order_banking_status_update" time="0.211" /><testcase classname="backend.tests.test_iteration20_banking_expenses" name="test_revenue_banking_status_rejects_cash_method" time="0.181" /><testcase classname="backend.tests.test_iteration20_banking_expenses" name="test_expense_check_banking_status_update" time="0.234" /><testcase classname="backend.tests.test_iteration20_banking_expenses" name="test_expense_banking_status_rejects_cash_method" time="0.156" /></testsuite></testsuites>