<?xml version="1.0" encoding="utf-8"?><testsuites name="pytest tests"><testsuite name="pytest" errors="0" failures="0" skipped="0" tests="8" time="1.481" timestamp="2026-08-16T08:42:25.706195+00:00" hostname="agent-env-eeaeb34e-150e-4abe-8a2d-8b03979144ba"><testcase classname="backend.tests.test_iteration87_anniversary_interest_report.TestDeposit772500025CurrentYear" name="test_current_year_report_matches_bank" time="0.509" /><testcase classname="backend.tests.test_iteration87_anniversary_interest_report.TestDeposit772500025CurrentYear" name="test_daily_rate_rounding" time="0.109" /><testcase classname="backend.tests.test_iteration87_anniversary_interest_report.TestDeposit77240000102FullYear" name="test_current_year_exact_annual_interest" time="0.109" /><testcase classname="backend.tests.test_iteration87_anniversary_interest_report.TestPreviousYear" name="test_previous_year_no_error[146969f5-7a00-450f-ae1e-4a411d0922f0]" time="0.103" /><testcase classname="backend.tests.test_iteration87_anniversary_interest_report.TestPreviousYear" name="test_previous_year_no_error[268842b0-c19f-455b-8cb3-621589261a16]" time="0.109" /><testcase classname="backend.tests.test_iteration87_anniversary_interest_report.TestFinancialIntegrity" name="test_trial_balance_balanced_2026" time="0.156" /><testcase classname="backend.tests.test_iteration87_anniversary_interest_report.TestFinancialIntegrity" name="test_financial_statements_2026_balanced" time="0.204" /><testcase classname="backend.tests.test_iteration87_anniversary_interest_report.TestDetailedStatement" name="test_detailed_yearly_2026" time="0.101" /></testsuite></testsuites>