<?xml version="1.0" encoding="utf-8"?><testsuites name="pytest tests"><testsuite name="pytest" errors="0" failures="0" skipped="0" tests="15" time="6.761" timestamp="2026-05-07T05:51:32.682182+00:00" hostname="agent-env-ba67e22d-6b71-4fe8-aa51-02b7e4b7510e"><testcase classname="tests.test_iteration72_bank_reconciliation_monthly_formula" name="test_bank_reconciliation_uses_month_opening_plus_receipts_minus_payments" time="2.300" /><testcase classname="tests.test_iteration71_reconciliation_save_integrity" name="test_reconciliation_save_uses_breakdown_balance_without_double_check_application" time="0.626" /><testcase classname="tests.test_iteration63_reconciliation_auto_balance" name="test_login_sets_http_only_cookie" time="0.375" /><testcase classname="tests.test_iteration63_reconciliation_auto_balance" name="test_get_reconciliation_balance_returns_required_breakdown_and_exact_formula" time="0.370" /><testcase classname="tests.test_iteration63_reconciliation_auto_balance" name="test_create_reconciliation_ignores_payload_book_balance_and_persists_breakdown" time="0.225" /><testcase classname="tests.test_iteration63_reconciliation_auto_balance" name="test_calculated_balance_equals_auto_computed_book_balance_without_double_count" time="0.162" /><testcase classname="tests.test_iteration63_reconciliation_auto_balance" name="test_update_reconciliation_keeps_auto_balance_and_breakdown" time="0.233" /><testcase classname="tests.test_iteration63_reconciliation_auto_balance" name="test_admin_data_flow_validation_stays_valid" time="0.309" /><testcase classname="tests.test_iteration63_reconciliation_auto_balance" name="test_cleanup_created_reconciliations" time="0.000" /><testcase classname="tests.test_iteration67_period_scope_financial_reports" name="test_journal_entries_returns_only_period_rows" time="1.059" /><testcase classname="tests.test_iteration67_period_scope_financial_reports" name="test_ledger_single_period_opening_and_closing_formula" time="0.157" /><testcase classname="tests.test_iteration67_period_scope_financial_reports" name="test_ledger_all_returns_period_rows_with_account_columns" time="0.147" /><testcase classname="tests.test_iteration67_period_scope_financial_reports" name="test_trial_balance_opening_includes_prior_period_movement" time="0.130" /><testcase classname="tests.test_iteration67_period_scope_financial_reports" name="test_reconciliation_balance_formula_matches_breakdown" time="0.137" /><testcase classname="tests.test_iteration67_period_scope_financial_reports" name="test_data_flow_validation_is_valid_true" time="0.357" /></testsuite></testsuites>