<?xml version="1.0" encoding="utf-8"?><testsuites name="pytest tests"><testsuite name="pytest" errors="0" failures="2" skipped="0" tests="10" time="2.849" timestamp="2026-04-30T07:13:34.115192+00:00" hostname="agent-env-ba67e22d-6b71-4fe8-aa51-02b7e4b7510e"><testcase classname="backend.tests.test_iteration26_membership_import_and_report" name="test_auth_cookie_is_httponly" time="0.445" /><testcase classname="backend.tests.test_iteration26_membership_import_and_report" name="test_bruteforce_lockout_after_5_failures" time="0.627" /><testcase classname="backend.tests.test_iteration26_membership_import_and_report" name="test_auth_cors_preflight_has_credentials_header" time="0.062"><failure message="AssertionError: assert '*' == 'https://inte...gentagent.com'&#10;  &#10;  - https://scanner-ocr-test.preview.emergentagent.com&#10;  + *">backend/tests/test_iteration26_membership_import_and_report.py:312: in test_auth_cors_preflight_has_credentials_header
    assert response.headers.get("access-control-allow-origin") == BASE_URL.rstrip("/")
E   AssertionError: assert '*' == 'https://inte...gentagent.com'
E     
E     - https://scanner-ocr-test.preview.emergentagent.com
E     + *</failure></testcase><testcase classname="backend.tests.test_iteration26_membership_import_and_report" name="test_import_xlsx_ignores_extra_columns_and_uses_selected_location" time="0.456" /><testcase classname="backend.tests.test_iteration26_membership_import_and_report" name="test_import_xlsx_rejects_duplicates_and_incomplete_rows" time="0.120" /><testcase classname="backend.tests.test_iteration26_membership_import_and_report" name="test_import_docx_table_works" time="0.119" /><testcase classname="backend.tests.test_iteration26_membership_import_and_report" name="test_import_pdf_text_parses_or_returns_clear_skip_reason" time="0.099"><failure message="assert 0 &gt;= 1">backend/tests/test_iteration26_membership_import_and_report.py:405: in test_import_pdf_text_parses_or_returns_clear_skip_reason
    assert good_body["skipped_count"] &gt;= 1
E   assert 0 &gt;= 1</failure></testcase><testcase classname="backend.tests.test_iteration26_membership_import_and_report" name="test_annual_report_shows_rows_totals_and_print_data_ready" time="0.103" /><testcase classname="backend.tests.test_iteration26_membership_import_and_report" name="test_imported_data_visible_in_search_and_current_size_formula" time="0.199" /><testcase classname="backend.tests.test_iteration26_membership_import_and_report" name="test_membership_paths_blocked_for_general_union" time="0.429" /></testsuite></testsuites>