<?xml version="1.0" encoding="utf-8"?><testsuites name="pytest tests"><testsuite name="pytest" errors="0" failures="0" skipped="0" tests="5" time="1.932" timestamp="2026-05-04T06:11:03.935905+00:00" hostname="agent-env-ba67e22d-6b71-4fe8-aa51-02b7e4b7510e"><testcase classname="backend.tests.test_iteration61_data_flow_rules_manager" name="test_login_sets_http_only_cookie" time="0.431" /><testcase classname="backend.tests.test_iteration61_data_flow_rules_manager" name="test_data_flow_rules_manager_super_admin_only" time="0.325" /><testcase classname="backend.tests.test_iteration61_data_flow_rules_manager" name="test_get_data_flow_rules_manager_payload_shape" time="0.431" /><testcase classname="backend.tests.test_iteration61_data_flow_rules_manager" name="test_validation_tests_all_success_for_current_data" time="0.185" /><testcase classname="backend.tests.test_iteration61_data_flow_rules_manager" name="test_put_rule_updates_rule_only_and_writes_audit_before_after" time="0.465" /></testsuite></testsuites>