<?xml version="1.0" encoding="utf-8"?><testsuites name="pytest tests"><testsuite name="pytest" errors="0" failures="3" skipped="0" tests="8" time="58.154" timestamp="2026-04-29T09:11:11.388288+00:00" hostname="agent-env-ba67e22d-6b71-4fe8-aa51-02b7e4b7510e"><testcase classname="backend.tests.test_iteration21_org_isolation_and_auth.TestOrganizationIsolation" name="test_public_organizations_has_two_expected_orgs" time="30.157" /><testcase classname="backend.tests.test_iteration21_org_isolation_and_auth.TestOrganizationIsolation" name="test_admin_takaful_login_matrix" time="11.768" /><testcase classname="backend.tests.test_iteration21_org_isolation_and_auth.TestOrganizationIsolation" name="test_admin_union_login_matrix" time="0.442" /><testcase classname="backend.tests.test_iteration21_org_isolation_and_auth.TestOrganizationIsolation" name="test_admin_users_are_scoped_per_organization" time="0.877" /><testcase classname="backend.tests.test_iteration21_org_isolation_and_auth.TestOrganizationIsolation" name="test_social_deposit_not_visible_or_deletable_in_union" time="12.390" /><testcase classname="backend.tests.test_iteration21_org_isolation_and_auth.TestAuthPlaybookChecks" name="test_login_sets_httponly_cookie" time="0.353"><failure message="AssertionError: assert '__cf_bm=' not in '__cf_bm=YTh...09:42:07 GMT'&#10;  &#10;  '__cf_bm=' is contained here:&#10;    __cf_bm=YThy9Ow5VbK3MRXzajR6f9abmKj9I2zoYoNq03LkVpc-1777453927.179656-1.0.1.1-agw6cthHBRG364k.Ketml8Ulmrpa1RU2otzQORbm3afAlqp95RyEyI1aqQlndbrimOKrkt__JAaxOWxKdD2lr4RHr8ouh.PZYFCmexB53tuTzfHJuVg_pMojUMaI5ygg; HttpOnly; Secure; Path=/; Domain=preview.emergentagent.com; Expires=Wed, 29 Apr 2026 09:42:07 GMT&#10;  ? ++++++++">backend/tests/test_iteration21_org_isolation_and_auth.py:173: in test_login_sets_httponly_cookie
    assert "__cf_bm=" not in set_cookie
E   AssertionError: assert '__cf_bm=' not in '__cf_bm=YTh...09:42:07 GMT'
E     
E     '__cf_bm=' is contained here:
E       __cf_bm=YThy9Ow5VbK3MRXzajR6f9abmKj9I2zoYoNq03LkVpc-1777453927.179656-1.0.1.1-agw6cthHBRG364k.Ketml8Ulmrpa1RU2otzQORbm3afAlqp95RyEyI1aqQlndbrimOKrkt__JAaxOWxKdD2lr4RHr8ouh.PZYFCmexB53tuTzfHJuVg_pMojUMaI5ygg; HttpOnly; Secure; Path=/; Domain=preview.emergentagent.com; Expires=Wed, 29 Apr 2026 09:42:07 GMT
E     ? ++++++++</failure></testcase><testcase classname="backend.tests.test_iteration21_org_isolation_and_auth.TestAuthPlaybookChecks" name="test_cors_is_explicit_with_credentials" time="0.070"><failure message="AssertionError: assert '' == 'true'&#10;  &#10;  - true">backend/tests/test_iteration21_org_isolation_and_auth.py:185: in test_cors_is_explicit_with_credentials
    assert allow_credentials.lower() == "true"
E   AssertionError: assert '' == 'true'
E     
E     - true</failure></testcase><testcase classname="backend.tests.test_iteration21_org_isolation_and_auth.TestAuthPlaybookChecks" name="test_bruteforce_lockout_after_five_failures" time="1.981"><failure message="assert 200 in (401, 423, 429)&#10; +  where 200 = &lt;Response [200]&gt;.status_code">backend/tests/test_iteration21_org_isolation_and_auth.py:194: in test_bruteforce_lockout_after_five_failures
    assert post_fail_valid.status_code in (401, 423, 429)
E   assert 200 in (401, 423, 429)
E    +  where 200 = &lt;Response [200]&gt;.status_code</failure></testcase></testsuite></testsuites>