<?xml version="1.0" encoding="utf-8"?><testsuites name="pytest tests"><testsuite name="pytest" errors="0" failures="0" skipped="0" tests="4" time="5.033" timestamp="2026-05-07T00:20:36.543842+00:00" hostname="agent-env-ba67e22d-6b71-4fe8-aa51-02b7e4b7510e"><testcase classname="backend.tests.test_iteration73_deposit_renewal_independent_asset" name="test_renewed_deposit_is_independent_and_active_asset_is_period_scoped" time="1.599" /><testcase classname="backend.tests.test_iteration71_ledger_opening_deposit_interest" name="test_opening_deposit_entry_moves_to_opening_balance_not_january_rows" time="0.903" /><testcase classname="backend.tests.test_iteration71_ledger_opening_deposit_interest" name="test_ledger_january_shows_aggregated_deposit_interest_only_for_period" time="0.167" /><testcase classname="backend.tests.test_iteration72_bank_reconciliation_monthly_formula" name="test_bank_reconciliation_uses_month_opening_plus_receipts_minus_payments" time="2.186" /></testsuite></testsuites>