<?xml version="1.0" encoding="utf-8"?><testsuites name="pytest tests"><testsuite name="pytest" errors="0" failures="0" skipped="0" tests="15" time="4.743" timestamp="2026-04-26T09:57:10.590404+00:00" hostname="agent-env-ba67e22d-6b71-4fe8-aa51-02b7e4b7510e"><testcase classname="backend.tests.test_admin_auth_statements" name="test_admin_login_with_default_credentials_without_2fa" time="0.486" /><testcase classname="backend.tests.test_admin_auth_statements" name="test_banks_requires_token" time="0.045" /><testcase classname="backend.tests.test_admin_auth_statements" name="test_banks_access_with_admin_token" time="0.313" /><testcase classname="backend.tests.test_admin_auth_statements" name="test_admin_can_create_limited_data_entry_user" time="0.271" /><testcase classname="backend.tests.test_admin_auth_statements" name="test_limited_user_can_create_deposit_but_cannot_view_statements" time="0.688" /><testcase classname="backend.tests.test_admin_auth_statements" name="test_admin_change_password_rejects_wrong_current" time="0.267" /><testcase classname="backend.tests.test_admin_auth_statements" name="test_admin_change_password_success_then_rollback" time="1.518" /><testcase classname="backend.tests.test_admin_auth_statements" name="test_admin_2fa_setup_returns_qr_and_manual_secret" time="0.063" /><testcase classname="backend.tests.test_admin_auth_statements" name="test_admin_can_create_deposit_and_fetch_statements" time="0.137" /><testcase classname="backend.tests.test_deposit_interest_api" name="test_get_banks_shows_three_expected_banks" time="0.401" /><testcase classname="backend.tests.test_deposit_interest_api" name="test_create_deposit_and_verify_latest_for_banque_misr" time="0.095" /><testcase classname="backend.tests.test_deposit_interest_api" name="test_data_isolation_between_banks" time="0.148" /><testcase classname="backend.tests.test_deposit_interest_api" name="test_current_year_report_has_12_rows_and_summary" time="0.097" /><testcase classname="backend.tests.test_deposit_interest_api" name="test_previous_year_report_has_12_rows_and_summary" time="0.093" /><testcase classname="backend.tests.test_deposit_interest_api" name="test_rejects_maturity_before_creation_with_arabic_message" time="0.046" /></testsuite></testsuites>