<?xml version="1.0" encoding="utf-8"?><testsuites name="pytest tests"><testsuite name="pytest" errors="0" failures="0" skipped="0" tests="7" time="7.824" timestamp="2026-05-06T12:36:21.137745+00:00" hostname="agent-env-ba67e22d-6b71-4fe8-aa51-02b7e4b7510e"><testcase classname="tests.test_iteration70_ledger_actual_movement_scope" name="test_ledger_all_shows_only_accounts_with_actual_period_movement" time="4.806" /><testcase classname="tests.test_iteration67_period_scope_financial_reports" name="test_journal_entries_returns_only_period_rows" time="1.757" /><testcase classname="tests.test_iteration67_period_scope_financial_reports" name="test_ledger_single_period_opening_and_closing_formula" time="0.149" /><testcase classname="tests.test_iteration67_period_scope_financial_reports" name="test_ledger_all_returns_period_rows_with_account_columns" time="0.160" /><testcase classname="tests.test_iteration67_period_scope_financial_reports" name="test_trial_balance_opening_includes_prior_period_movement" time="0.217" /><testcase classname="tests.test_iteration67_period_scope_financial_reports" name="test_reconciliation_balance_formula_matches_breakdown" time="0.182" /><testcase classname="tests.test_iteration67_period_scope_financial_reports" name="test_data_flow_validation_is_valid_true" time="0.405" /></testsuite></testsuites>