<?xml version="1.0" encoding="utf-8"?><testsuites name="pytest tests"><testsuite name="pytest" errors="0" failures="1" skipped="0" tests="8" time="4.009" timestamp="2026-04-30T10:15:37.543394+00:00" hostname="agent-env-ba67e22d-6b71-4fe8-aa51-02b7e4b7510e"><testcase classname="backend.tests.test_iteration34_super_admin_login_shadow_regression" name="test_super_admin_login_general_union_admin_password_works" time="0.555" /><testcase classname="backend.tests.test_iteration34_super_admin_login_shadow_regression" name="test_super_admin_login_social_solidarity_admin_password_works" time="0.363" /><testcase classname="backend.tests.test_iteration34_super_admin_login_shadow_regression" name="test_shadow_admin_regression_admin_login_still_uses_super_admin" time="0.563" /><testcase classname="backend.tests.test_iteration34_super_admin_login_shadow_regression" name="test_login_sets_http_only_cookie_for_access_token" time="0.388" /><testcase classname="backend.tests.test_iteration34_super_admin_login_shadow_regression" name="test_cors_preflight_allows_credentials_with_explicit_origin" time="0.067"><failure message="AssertionError: assert None == 'true'&#10; +  where None = get('access-control-allow-credentials')&#10; +    where get = {'Date': 'Thu, 30 Apr 2026 10:15:39 GMT', 'Connection': 'keep-alive', 'Access-Control-Allow-Origin': '*', 'Access-Control-Allow-Headers': '*', 'Access-Control-Allow-Methods': 'GET, POST, PUT, DELETE, OPTIONS, HEAD, PATCH', 'Access-Control-Max-Age': '300', 'set-cookie': '__cf_bm=vn9qWVNpx2M.Zb_Jo5thZdE3_7sk5uT3KEBGApJHd4A-1777544139.627248-1.0.1.1-Ubfl.lUQ1cYrk7eFEEmfPUrAyK4DkzPIaKQk2c_k4ipkfN0OwK2EJoprRKgUDnxpcct99ZSvq_R.o09HQiGB7ZvO_.LCJ4pdFM0EAT.bF9lLJDCzSFtux4ypAhzQdByY; HttpOnly; Secure; Path=/; Domain=preview.emergentagent.com; Expires=Thu, 30 Apr 2026 10:45:39 GMT', 'X-Robots-Tag': 'noindex, nofollow', 'Server': 'cloudflare', 'CF-RAY': '9f45c958ac26f855-ORD'}.get&#10; +      where {'Date': 'Thu, 30 Apr 2026 10:15:39 GMT', 'Connection': 'keep-alive', 'Access-Control-Allow-Origin': '*', 'Access-Control-Allow-Headers': '*', 'Access-Control-Allow-Methods': 'GET, POST, PUT, DELETE, OPTIONS, HEAD, PATCH', 'Access-Control-Max-Age': '300', 'set-cookie': '__cf_bm=vn9qWVNpx2M.Zb_Jo5thZdE3_7sk5uT3KEBGApJHd4A-1777544139.627248-1.0.1.1-Ubfl.lUQ1cYrk7eFEEmfPUrAyK4DkzPIaKQk2c_k4ipkfN0OwK2EJoprRKgUDnxpcct99ZSvq_R.o09HQiGB7ZvO_.LCJ4pdFM0EAT.bF9lLJDCzSFtux4ypAhzQdByY; HttpOnly; Secure; Path=/; Domain=preview.emergentagent.com; Expires=Thu, 30 Apr 2026 10:45:39 GMT', 'X-Robots-Tag': 'noindex, nofollow', 'Server': 'cloudflare', 'CF-RAY': '9f45c958ac26f855-ORD'} = &lt;Response [204]&gt;.headers">backend/tests/test_iteration34_super_admin_login_shadow_regression.py:154: in test_cors_preflight_allows_credentials_with_explicit_origin
    assert response.headers.get("access-control-allow-credentials") == "true"
E   AssertionError: assert None == 'true'
E    +  where None = get('access-control-allow-credentials')
E    +    where get = {'Date': 'Thu, 30 Apr 2026 10:15:39 GMT', 'Connection': 'keep-alive', 'Access-Control-Allow-Origin': '*', 'Access-Control-Allow-Headers': '*', 'Access-Control-Allow-Methods': 'GET, POST, PUT, DELETE, OPTIONS, HEAD, PATCH', 'Access-Control-Max-Age': '300', 'set-cookie': '__cf_bm=vn9qWVNpx2M.Zb_Jo5thZdE3_7sk5uT3KEBGApJHd4A-1777544139.627248-1.0.1.1-Ubfl.lUQ1cYrk7eFEEmfPUrAyK4DkzPIaKQk2c_k4ipkfN0OwK2EJoprRKgUDnxpcct99ZSvq_R.o09HQiGB7ZvO_.LCJ4pdFM0EAT.bF9lLJDCzSFtux4ypAhzQdByY; HttpOnly; Secure; Path=/; Domain=preview.emergentagent.com; Expires=Thu, 30 Apr 2026 10:45:39 GMT', 'X-Robots-Tag': 'noindex, nofollow', 'Server': 'cloudflare', 'CF-RAY': '9f45c958ac26f855-ORD'}.get
E    +      where {'Date': 'Thu, 30 Apr 2026 10:15:39 GMT', 'Connection': 'keep-alive', 'Access-Control-Allow-Origin': '*', 'Access-Control-Allow-Headers': '*', 'Access-Control-Allow-Methods': 'GET, POST, PUT, DELETE, OPTIONS, HEAD, PATCH', 'Access-Control-Max-Age': '300', 'set-cookie': '__cf_bm=vn9qWVNpx2M.Zb_Jo5thZdE3_7sk5uT3KEBGApJHd4A-1777544139.627248-1.0.1.1-Ubfl.lUQ1cYrk7eFEEmfPUrAyK4DkzPIaKQk2c_k4ipkfN0OwK2EJoprRKgUDnxpcct99ZSvq_R.o09HQiGB7ZvO_.LCJ4pdFM0EAT.bF9lLJDCzSFtux4ypAhzQdByY; HttpOnly; Secure; Path=/; Domain=preview.emergentagent.com; Expires=Thu, 30 Apr 2026 10:45:39 GMT', 'X-Robots-Tag': 'noindex, nofollow', 'Server': 'cloudflare', 'CF-RAY': '9f45c958ac26f855-ORD'} = &lt;Response [204]&gt;.headers</failure></testcase><testcase classname="backend.tests.test_iteration34_super_admin_login_shadow_regression" name="test_lockout_happens_after_five_failed_attempts_and_cleans_up" time="1.885" /><testcase classname="backend.tests.test_iteration34_super_admin_login_shadow_regression" name="test_seeded_admin_hashes_use_bcrypt_2b_prefix" time="0.003" /><testcase classname="backend.tests.test_iteration34_super_admin_login_shadow_regression" name="test_setup_exe_exists_non_empty_and_release_server_synced_with_backend" time="0.001" /></testsuite></testsuites>