<?xml version="1.0" encoding="utf-8"?><testsuites name="pytest tests"><testsuite name="pytest" errors="0" failures="2" skipped="0" tests="13" time="7.266" timestamp="2026-05-03T07:02:35.949042+00:00" hostname="agent-env-ba67e22d-6b71-4fe8-aa51-02b7e4b7510e"><testcase classname="backend.tests.test_iteration46_membership_manual_financial_review" name="test_training_manual_ar_public_pdf_without_auth" time="3.030" /><testcase classname="backend.tests.test_iteration46_membership_manual_financial_review" name="test_training_manual_en_public_pdf_without_auth" time="0.988" /><testcase classname="backend.tests.test_iteration46_membership_manual_financial_review" name="test_login_admin_social_solidarity_and_cookie" time="0.335" /><testcase classname="backend.tests.test_iteration46_membership_manual_financial_review" name="test_membership_create_then_list_persistence" time="0.419" /><testcase classname="backend.tests.test_iteration46_membership_manual_financial_review" name="test_membership_update_then_search_persistence" time="0.459" /><testcase classname="backend.tests.test_iteration46_membership_manual_financial_review" name="test_membership_delete_then_not_in_list" time="0.352" /><testcase classname="backend.tests.test_iteration46_membership_manual_financial_review" name="test_audit_log_has_membership_update_and_delete_entries" time="0.556" /><testcase classname="backend.tests.test_iteration46_membership_manual_financial_review" name="test_memberships_annual_report_works" time="0.099" /><testcase classname="backend.tests.test_iteration46_membership_manual_financial_review" name="test_financial_statements_contains_accounting_corrections" time="0.138" /><testcase classname="backend.tests.test_iteration46_membership_manual_financial_review" name="test_bcrypt_hash_format_starts_with_2b_in_db" time="0.005" /><testcase classname="backend.tests.test_iteration46_membership_manual_financial_review" name="test_auth_cors_preflight_has_credentials_header" time="0.068"><failure message="AssertionError: assert None == 'true'&#10; +  where None = get('access-control-allow-credentials')&#10; +    where get = {'Date': 'Sun, 03 May 2026 07:02:42 GMT', 'Connection': 'keep-alive', 'Access-Control-Allow-Origin': '*', 'Access-Control-Allow-Headers': '*', 'Access-Control-Allow-Methods': 'GET, POST, PUT, DELETE, OPTIONS, HEAD, PATCH', 'Access-Control-Max-Age': '300', 'set-cookie': '__cf_bm=yAiAEUFrnFl4uEJRkzR.qBPiKmtH6auVsqGPhEGjPx4-1777791762.5444188-1.0.1.1-r077jt.y.yMJHKlwDL6Hvieg0mXZtUILR2I_nATzxL.aM6KEn8vx8GrTq3aSVvup2jGqget.hSzVbLI9XBzCj9HI3Vmr59nEpoSzbWFQtvhMk8LJtsoZm6YRb3fz7Sym; HttpOnly; Secure; Path=/; Domain=preview.emergentagent.com; Expires=Sun, 03 May 2026 07:32:42 GMT', 'X-Robots-Tag': 'noindex, nofollow', 'Server': 'cloudflare', 'CF-RAY': '9f5d66d3ede3000f-ORD'}.get&#10; +      where {'Date': 'Sun, 03 May 2026 07:02:42 GMT', 'Connection': 'keep-alive', 'Access-Control-Allow-Origin': '*', 'Access-Control-Allow-Headers': '*', 'Access-Control-Allow-Methods': 'GET, POST, PUT, DELETE, OPTIONS, HEAD, PATCH', 'Access-Control-Max-Age': '300', 'set-cookie': '__cf_bm=yAiAEUFrnFl4uEJRkzR.qBPiKmtH6auVsqGPhEGjPx4-1777791762.5444188-1.0.1.1-r077jt.y.yMJHKlwDL6Hvieg0mXZtUILR2I_nATzxL.aM6KEn8vx8GrTq3aSVvup2jGqget.hSzVbLI9XBzCj9HI3Vmr59nEpoSzbWFQtvhMk8LJtsoZm6YRb3fz7Sym; HttpOnly; Secure; Path=/; Domain=preview.emergentagent.com; Expires=Sun, 03 May 2026 07:32:42 GMT', 'X-Robots-Tag': 'noindex, nofollow', 'Server': 'cloudflare', 'CF-RAY': '9f5d66d3ede3000f-ORD'} = &lt;Response [204]&gt;.headers">backend/tests/test_iteration46_membership_manual_financial_review.py:275: in test_auth_cors_preflight_has_credentials_header
    assert response.headers.get("access-control-allow-credentials") == "true"
E   AssertionError: assert None == 'true'
E    +  where None = get('access-control-allow-credentials')
E    +    where get = {'Date': 'Sun, 03 May 2026 07:02:42 GMT', 'Connection': 'keep-alive', 'Access-Control-Allow-Origin': '*', 'Access-Control-Allow-Headers': '*', 'Access-Control-Allow-Methods': 'GET, POST, PUT, DELETE, OPTIONS, HEAD, PATCH', 'Access-Control-Max-Age': '300', 'set-cookie': '__cf_bm=yAiAEUFrnFl4uEJRkzR.qBPiKmtH6auVsqGPhEGjPx4-1777791762.5444188-1.0.1.1-r077jt.y.yMJHKlwDL6Hvieg0mXZtUILR2I_nATzxL.aM6KEn8vx8GrTq3aSVvup2jGqget.hSzVbLI9XBzCj9HI3Vmr59nEpoSzbWFQtvhMk8LJtsoZm6YRb3fz7Sym; HttpOnly; Secure; Path=/; Domain=preview.emergentagent.com; Expires=Sun, 03 May 2026 07:32:42 GMT', 'X-Robots-Tag': 'noindex, nofollow', 'Server': 'cloudflare', 'CF-RAY': '9f5d66d3ede3000f-ORD'}.get
E    +      where {'Date': 'Sun, 03 May 2026 07:02:42 GMT', 'Connection': 'keep-alive', 'Access-Control-Allow-Origin': '*', 'Access-Control-Allow-Headers': '*', 'Access-Control-Allow-Methods': 'GET, POST, PUT, DELETE, OPTIONS, HEAD, PATCH', 'Access-Control-Max-Age': '300', 'set-cookie': '__cf_bm=yAiAEUFrnFl4uEJRkzR.qBPiKmtH6auVsqGPhEGjPx4-1777791762.5444188-1.0.1.1-r077jt.y.yMJHKlwDL6Hvieg0mXZtUILR2I_nATzxL.aM6KEn8vx8GrTq3aSVvup2jGqget.hSzVbLI9XBzCj9HI3Vmr59nEpoSzbWFQtvhMk8LJtsoZm6YRb3fz7Sym; HttpOnly; Secure; Path=/; Domain=preview.emergentagent.com; Expires=Sun, 03 May 2026 07:32:42 GMT', 'X-Robots-Tag': 'noindex, nofollow', 'Server': 'cloudflare', 'CF-RAY': '9f5d66d3ede3000f-ORD'} = &lt;Response [204]&gt;.headers</failure></testcase><testcase classname="backend.tests.test_iteration46_membership_manual_financial_review" name="test_lockout_happens_after_5_failed_attempts_per_playbook" time="0.632"><failure message="AssertionError: assert [401, 401, 401, 429, 429] == [401, 401, 401, 401, 401]&#10;  &#10;  At index 3 diff: 429 != 401&#10;  &#10;  Full diff:&#10;    [&#10;        401,&#10;        401,...&#10;  &#10;  ...Full output truncated (10 lines hidden), use '-vv' to show">backend/tests/test_iteration46_membership_manual_financial_review.py:290: in test_lockout_happens_after_5_failed_attempts_per_playbook
    assert statuses[:5] == [401, 401, 401, 401, 401]
E   AssertionError: assert [401, 401, 401, 429, 429] == [401, 401, 401, 401, 401]
E     
E     At index 3 diff: 429 != 401
E     
E     Full diff:
E       [
E           401,
E           401,...
E     
E     ...Full output truncated (10 lines hidden), use '-vv' to show</failure></testcase><testcase classname="backend.tests.test_iteration46_membership_manual_financial_review" name="test_seed_admin_update_logic_present" time="0.002" /></testsuite></testsuites>