<?xml version="1.0" encoding="utf-8"?><testsuites name="pytest tests"><testsuite name="pytest" errors="0" failures="1" skipped="0" tests="14" time="3.366" timestamp="2026-04-30T07:02:03.607953+00:00" hostname="agent-env-ba67e22d-6b71-4fe8-aa51-02b7e4b7510e"><testcase classname="backend.tests.test_iteration25_membership_module" name="test_login_sets_httponly_cookie" time="0.365" /><testcase classname="backend.tests.test_iteration25_membership_module" name="test_bruteforce_lockout_after_5_failures" time="0.700" /><testcase classname="backend.tests.test_iteration25_membership_module" name="test_membership_retirement_age_and_date" time="0.471" /><testcase classname="backend.tests.test_iteration25_membership_module" name="test_membership_invalid_national_id_rejected" time="0.102" /><testcase classname="backend.tests.test_iteration25_membership_module" name="test_membership_duplicate_membership_number_rejected" time="0.113" /><testcase classname="backend.tests.test_iteration25_membership_module" name="test_membership_duplicate_national_id_rejected" time="0.119" /><testcase classname="backend.tests.test_iteration25_membership_module" name="test_membership_search_by_name_returns_created_member" time="0.108" /><testcase classname="backend.tests.test_iteration25_membership_module" name="test_membership_retirement_filter_returns_created_member" time="0.104" /><testcase classname="backend.tests.test_iteration25_membership_module" name="test_membership_current_size_formula" time="0.125" /><testcase classname="backend.tests.test_iteration25_membership_module" name="test_membership_endpoints_blocked_for_general_union" time="0.431" /><testcase classname="backend.tests.test_iteration25_membership_module" name="test_modules_settings_contains_membership_key" time="0.108" /><testcase classname="backend.tests.test_iteration25_membership_module" name="test_modules_settings_can_toggle_membership_visibility" time="0.363" /><testcase classname="backend.tests.test_iteration25_membership_module" name="test_admin_password_hash_uses_bcrypt_prefix" time="0.005" /><testcase classname="backend.tests.test_iteration25_membership_module" name="test_auth_preflight_has_explicit_origin_and_credentials_header" time="0.069"><failure message="AssertionError: assert '*' == 'https://inte...gentagent.com'&#10;  &#10;  - https://scanner-ocr-test.preview.emergentagent.com&#10;  + *">backend/tests/test_iteration25_membership_module.py:276: in test_auth_preflight_has_explicit_origin_and_credentials_header
    assert response.headers.get("access-control-allow-origin") == BASE_URL.rstrip("/")
E   AssertionError: assert '*' == 'https://inte...gentagent.com'
E     
E     - https://scanner-ocr-test.preview.emergentagent.com
E     + *</failure></testcase></testsuite></testsuites>